[2024-10-09 16:35:18,788] {taskinstance.py:896} INFO - Dependencies all met for <TaskInstance: mssql_dag.clean1_receipt 2024-10-09T16:35:13.351406+00:00 [queued]>
[2024-10-09 16:35:18,798] {taskinstance.py:896} INFO - Dependencies all met for <TaskInstance: mssql_dag.clean1_receipt 2024-10-09T16:35:13.351406+00:00 [queued]>
[2024-10-09 16:35:18,798] {taskinstance.py:1087} INFO - 
--------------------------------------------------------------------------------
[2024-10-09 16:35:18,799] {taskinstance.py:1088} INFO - Starting attempt 1 of 2
[2024-10-09 16:35:18,799] {taskinstance.py:1089} INFO - 
--------------------------------------------------------------------------------
[2024-10-09 16:35:18,810] {taskinstance.py:1107} INFO - Executing <Task(PythonOperator): clean1_receipt> on 2024-10-09T16:35:13.351406+00:00
[2024-10-09 16:35:18,814] {standard_task_runner.py:52} INFO - Started process 28025 to run task
[2024-10-09 16:35:18,818] {standard_task_runner.py:76} INFO - Running: ['***', 'tasks', 'run', 'mssql_dag', 'clean1_receipt', '2024-10-09T16:35:13.351406+00:00', '--job-id', '162', '--pool', 'default_pool', '--raw', '--subdir', 'DAGS_FOLDER/mssql_dag.py', '--cfg-path', '/tmp/tmpy_v6uok5', '--error-file', '/tmp/tmpls3otnh5']
[2024-10-09 16:35:18,821] {standard_task_runner.py:77} INFO - Job 162: Subtask clean1_receipt
[2024-10-09 16:35:18,853] {logging_mixin.py:104} INFO - Running <TaskInstance: mssql_dag.clean1_receipt 2024-10-09T16:35:13.351406+00:00 [running]> on host da843a407010
[2024-10-09 16:35:18,885] {taskinstance.py:1302} INFO - Exporting the following env vars:
AIRFLOW_CTX_DAG_OWNER=***
AIRFLOW_CTX_DAG_ID=mssql_dag
AIRFLOW_CTX_TASK_ID=clean1_receipt
AIRFLOW_CTX_EXECUTION_DATE=2024-10-09T16:35:13.351406+00:00
AIRFLOW_CTX_DAG_RUN_ID=manual__2024-10-09T16:35:13.351406+00:00
[2024-10-09 16:35:18,893] {python.py:151} INFO - Done. Returned value was: None
[2024-10-09 16:35:18,901] {taskinstance.py:1211} INFO - Marking task as SUCCESS. dag_id=mssql_dag, task_id=clean1_receipt, execution_date=20241009T163513, start_date=20241009T163518, end_date=20241009T163518
[2024-10-09 16:35:18,920] {taskinstance.py:1265} INFO - 1 downstream tasks scheduled from follow-on schedule check
[2024-10-09 16:35:18,949] {local_task_job.py:149} INFO - Task exited with return code 0
