[2024-10-10 16:25:22,637] {taskinstance.py:896} INFO - Dependencies all met for <TaskInstance: mssql_dag.clean1_receipt 2024-10-10T16:24:03.207887+00:00 [queued]>
[2024-10-10 16:25:22,649] {taskinstance.py:896} INFO - Dependencies all met for <TaskInstance: mssql_dag.clean1_receipt 2024-10-10T16:24:03.207887+00:00 [queued]>
[2024-10-10 16:25:22,649] {taskinstance.py:1087} INFO - 
--------------------------------------------------------------------------------
[2024-10-10 16:25:22,650] {taskinstance.py:1088} INFO - Starting attempt 1 of 2
[2024-10-10 16:25:22,650] {taskinstance.py:1089} INFO - 
--------------------------------------------------------------------------------
[2024-10-10 16:25:22,657] {taskinstance.py:1107} INFO - Executing <Task(PythonOperator): clean1_receipt> on 2024-10-10T16:24:03.207887+00:00
[2024-10-10 16:25:22,663] {standard_task_runner.py:52} INFO - Started process 88431 to run task
[2024-10-10 16:25:22,666] {standard_task_runner.py:76} INFO - Running: ['***', 'tasks', 'run', 'mssql_dag', 'clean1_receipt', '2024-10-10T16:24:03.207887+00:00', '--job-id', '580', '--pool', 'default_pool', '--raw', '--subdir', 'DAGS_FOLDER/mssql_dag.py', '--cfg-path', '/tmp/tmp5uqwj4ki', '--error-file', '/tmp/tmp4_dy6tf2']
[2024-10-10 16:25:22,669] {standard_task_runner.py:77} INFO - Job 580: Subtask clean1_receipt
[2024-10-10 16:25:22,707] {logging_mixin.py:104} INFO - Running <TaskInstance: mssql_dag.clean1_receipt 2024-10-10T16:24:03.207887+00:00 [running]> on host da843a407010
[2024-10-10 16:25:22,745] {taskinstance.py:1302} INFO - Exporting the following env vars:
AIRFLOW_CTX_DAG_OWNER=***
AIRFLOW_CTX_DAG_ID=mssql_dag
AIRFLOW_CTX_TASK_ID=clean1_receipt
AIRFLOW_CTX_EXECUTION_DATE=2024-10-10T16:24:03.207887+00:00
AIRFLOW_CTX_DAG_RUN_ID=manual__2024-10-10T16:24:03.207887+00:00
[2024-10-10 16:26:29,588] {logging_mixin.py:104} INFO - Inserted 35151 records into tmp_receipt successfully.
[2024-10-10 16:26:29,609] {python.py:151} INFO - Done. Returned value was: None
[2024-10-10 16:26:29,619] {taskinstance.py:1211} INFO - Marking task as SUCCESS. dag_id=mssql_dag, task_id=clean1_receipt, execution_date=20241010T162403, start_date=20241010T162522, end_date=20241010T162629
[2024-10-10 16:26:29,641] {taskinstance.py:1265} INFO - 1 downstream tasks scheduled from follow-on schedule check
[2024-10-10 16:26:29,693] {local_task_job.py:149} INFO - Task exited with return code 0
