[2024-10-09 09:00:06,494] {taskinstance.py:896} INFO - Dependencies all met for <TaskInstance: mssql_dag.print_contract_detail 2024-10-09T09:00:03.571725+00:00 [queued]>
[2024-10-09 09:00:06,502] {taskinstance.py:896} INFO - Dependencies all met for <TaskInstance: mssql_dag.print_contract_detail 2024-10-09T09:00:03.571725+00:00 [queued]>
[2024-10-09 09:00:06,503] {taskinstance.py:1087} INFO - 
--------------------------------------------------------------------------------
[2024-10-09 09:00:06,503] {taskinstance.py:1088} INFO - Starting attempt 1 of 2
[2024-10-09 09:00:06,503] {taskinstance.py:1089} INFO - 
--------------------------------------------------------------------------------
[2024-10-09 09:00:06,513] {taskinstance.py:1107} INFO - Executing <Task(PythonOperator): print_contract_detail> on 2024-10-09T09:00:03.571725+00:00
[2024-10-09 09:00:06,518] {standard_task_runner.py:52} INFO - Started process 96303 to run task
[2024-10-09 09:00:06,521] {standard_task_runner.py:76} INFO - Running: ['***', 'tasks', 'run', 'mssql_dag', 'print_contract_detail', '2024-10-09T09:00:03.571725+00:00', '--job-id', '34', '--pool', 'default_pool', '--raw', '--subdir', 'DAGS_FOLDER/mssql_dag.py', '--cfg-path', '/tmp/tmpdik0ss9y', '--error-file', '/tmp/tmps7vh7y89']
[2024-10-09 09:00:06,524] {standard_task_runner.py:77} INFO - Job 34: Subtask print_contract_detail
[2024-10-09 09:00:06,556] {logging_mixin.py:104} INFO - Running <TaskInstance: mssql_dag.print_contract_detail 2024-10-09T09:00:03.571725+00:00 [running]> on host da843a407010
[2024-10-09 09:00:06,589] {taskinstance.py:1302} INFO - Exporting the following env vars:
AIRFLOW_CTX_DAG_OWNER=***
AIRFLOW_CTX_DAG_ID=mssql_dag
AIRFLOW_CTX_TASK_ID=print_contract_detail
AIRFLOW_CTX_EXECUTION_DATE=2024-10-09T09:00:03.571725+00:00
AIRFLOW_CTX_DAG_RUN_ID=manual__2024-10-09T09:00:03.571725+00:00
[2024-10-09 09:00:06,590] {logging_mixin.py:104} INFO - No DataFrame found for Empty DataFrame
Columns: []
Index: []
[2024-10-09 09:00:06,591] {python.py:151} INFO - Done. Returned value was: None
[2024-10-09 09:00:06,597] {taskinstance.py:1211} INFO - Marking task as SUCCESS. dag_id=mssql_dag, task_id=print_contract_detail, execution_date=20241009T090003, start_date=20241009T090006, end_date=20241009T090006
[2024-10-09 09:00:06,616] {taskinstance.py:1265} INFO - 1 downstream tasks scheduled from follow-on schedule check
[2024-10-09 09:00:06,654] {local_task_job.py:149} INFO - Task exited with return code 0
