[2024-10-10 04:51:43,868] {taskinstance.py:896} INFO - Dependencies all met for <TaskInstance: mssql_dag.clean2_member 2024-10-10T04:51:35.975029+00:00 [queued]>
[2024-10-10 04:51:43,875] {taskinstance.py:896} INFO - Dependencies all met for <TaskInstance: mssql_dag.clean2_member 2024-10-10T04:51:35.975029+00:00 [queued]>
[2024-10-10 04:51:43,876] {taskinstance.py:1087} INFO - 
--------------------------------------------------------------------------------
[2024-10-10 04:51:43,876] {taskinstance.py:1088} INFO - Starting attempt 1 of 2
[2024-10-10 04:51:43,877] {taskinstance.py:1089} INFO - 
--------------------------------------------------------------------------------
[2024-10-10 04:51:43,886] {taskinstance.py:1107} INFO - Executing <Task(PythonOperator): clean2_member> on 2024-10-10T04:51:35.975029+00:00
[2024-10-10 04:51:43,890] {standard_task_runner.py:52} INFO - Started process 40190 to run task
[2024-10-10 04:51:43,892] {standard_task_runner.py:76} INFO - Running: ['***', 'tasks', 'run', 'mssql_dag', 'clean2_member', '2024-10-10T04:51:35.975029+00:00', '--job-id', '470', '--pool', 'default_pool', '--raw', '--subdir', 'DAGS_FOLDER/mssql_dag.py', '--cfg-path', '/tmp/tmpyxb1gyk5', '--error-file', '/tmp/tmp9vf82eky']
[2024-10-10 04:51:43,895] {standard_task_runner.py:77} INFO - Job 470: Subtask clean2_member
[2024-10-10 04:51:43,925] {logging_mixin.py:104} INFO - Running <TaskInstance: mssql_dag.clean2_member 2024-10-10T04:51:35.975029+00:00 [running]> on host da843a407010
[2024-10-10 04:51:43,958] {taskinstance.py:1302} INFO - Exporting the following env vars:
AIRFLOW_CTX_DAG_OWNER=***
AIRFLOW_CTX_DAG_ID=mssql_dag
AIRFLOW_CTX_TASK_ID=clean2_member
AIRFLOW_CTX_EXECUTION_DATE=2024-10-10T04:51:35.975029+00:00
AIRFLOW_CTX_DAG_RUN_ID=manual__2024-10-10T04:51:35.975029+00:00
[2024-10-10 04:51:44,006] {python.py:151} INFO - Done. Returned value was: None
[2024-10-10 04:51:44,013] {taskinstance.py:1211} INFO - Marking task as SUCCESS. dag_id=mssql_dag, task_id=clean2_member, execution_date=20241010T045135, start_date=20241010T045143, end_date=20241010T045144
[2024-10-10 04:51:44,032] {taskinstance.py:1265} INFO - 1 downstream tasks scheduled from follow-on schedule check
[2024-10-10 04:51:44,064] {local_task_job.py:149} INFO - Task exited with return code 0
