[2024-10-10 03:11:02,883] {taskinstance.py:896} INFO - Dependencies all met for <TaskInstance: mssql_dag.check_null_receipt 2024-10-10T03:10:58.109009+00:00 [queued]>
[2024-10-10 03:11:02,890] {taskinstance.py:896} INFO - Dependencies all met for <TaskInstance: mssql_dag.check_null_receipt 2024-10-10T03:10:58.109009+00:00 [queued]>
[2024-10-10 03:11:02,890] {taskinstance.py:1087} INFO - 
--------------------------------------------------------------------------------
[2024-10-10 03:11:02,890] {taskinstance.py:1088} INFO - Starting attempt 1 of 2
[2024-10-10 03:11:02,891] {taskinstance.py:1089} INFO - 
--------------------------------------------------------------------------------
[2024-10-10 03:11:02,900] {taskinstance.py:1107} INFO - Executing <Task(PythonOperator): check_null_receipt> on 2024-10-10T03:10:58.109009+00:00
[2024-10-10 03:11:02,903] {standard_task_runner.py:52} INFO - Started process 89752 to run task
[2024-10-10 03:11:02,906] {standard_task_runner.py:76} INFO - Running: ['***', 'tasks', 'run', 'mssql_dag', 'check_null_receipt', '2024-10-10T03:10:58.109009+00:00', '--job-id', '295', '--pool', 'default_pool', '--raw', '--subdir', 'DAGS_FOLDER/mssql_dag.py', '--cfg-path', '/tmp/tmptz47_vc1', '--error-file', '/tmp/tmplbphl_ce']
[2024-10-10 03:11:02,909] {standard_task_runner.py:77} INFO - Job 295: Subtask check_null_receipt
[2024-10-10 03:11:02,951] {logging_mixin.py:104} INFO - Running <TaskInstance: mssql_dag.check_null_receipt 2024-10-10T03:10:58.109009+00:00 [running]> on host da843a407010
[2024-10-10 03:11:02,988] {taskinstance.py:1302} INFO - Exporting the following env vars:
AIRFLOW_CTX_DAG_OWNER=***
AIRFLOW_CTX_DAG_ID=mssql_dag
AIRFLOW_CTX_TASK_ID=check_null_receipt
AIRFLOW_CTX_EXECUTION_DATE=2024-10-10T03:10:58.109009+00:00
AIRFLOW_CTX_DAG_RUN_ID=manual__2024-10-10T03:10:58.109009+00:00
[2024-10-10 03:11:02,991] {python.py:151} INFO - Done. Returned value was: No DataFrame found for Empty DataFrame
Columns: []
Index: []
[2024-10-10 03:11:03,014] {taskinstance.py:1211} INFO - Marking task as SUCCESS. dag_id=mssql_dag, task_id=check_null_receipt, execution_date=20241010T031058, start_date=20241010T031102, end_date=20241010T031103
[2024-10-10 03:11:03,066] {taskinstance.py:1265} INFO - 1 downstream tasks scheduled from follow-on schedule check
[2024-10-10 03:11:03,078] {local_task_job.py:149} INFO - Task exited with return code 0
