[2024-10-10 02:04:34,657] {taskinstance.py:896} INFO - Dependencies all met for <TaskInstance: mssql_dag.check_null_receipt 2024-10-10T02:04:27.210736+00:00 [queued]>
[2024-10-10 02:04:34,672] {taskinstance.py:896} INFO - Dependencies all met for <TaskInstance: mssql_dag.check_null_receipt 2024-10-10T02:04:27.210736+00:00 [queued]>
[2024-10-10 02:04:34,672] {taskinstance.py:1087} INFO - 
--------------------------------------------------------------------------------
[2024-10-10 02:04:34,673] {taskinstance.py:1088} INFO - Starting attempt 1 of 2
[2024-10-10 02:04:34,673] {taskinstance.py:1089} INFO - 
--------------------------------------------------------------------------------
[2024-10-10 02:04:34,691] {taskinstance.py:1107} INFO - Executing <Task(PythonOperator): check_null_receipt> on 2024-10-10T02:04:27.210736+00:00
[2024-10-10 02:04:34,696] {standard_task_runner.py:52} INFO - Started process 55238 to run task
[2024-10-10 02:04:34,699] {standard_task_runner.py:76} INFO - Running: ['***', 'tasks', 'run', 'mssql_dag', 'check_null_receipt', '2024-10-10T02:04:27.210736+00:00', '--job-id', '236', '--pool', 'default_pool', '--raw', '--subdir', 'DAGS_FOLDER/mssql_dag.py', '--cfg-path', '/tmp/tmpyyflr5o_', '--error-file', '/tmp/tmpgrhtdc0d']
[2024-10-10 02:04:34,702] {standard_task_runner.py:77} INFO - Job 236: Subtask check_null_receipt
[2024-10-10 02:04:34,731] {logging_mixin.py:104} INFO - Running <TaskInstance: mssql_dag.check_null_receipt 2024-10-10T02:04:27.210736+00:00 [running]> on host da843a407010
[2024-10-10 02:04:34,767] {taskinstance.py:1302} INFO - Exporting the following env vars:
AIRFLOW_CTX_DAG_OWNER=***
AIRFLOW_CTX_DAG_ID=mssql_dag
AIRFLOW_CTX_TASK_ID=check_null_receipt
AIRFLOW_CTX_EXECUTION_DATE=2024-10-10T02:04:27.210736+00:00
AIRFLOW_CTX_DAG_RUN_ID=manual__2024-10-10T02:04:27.210736+00:00
[2024-10-10 02:04:34,769] {python.py:151} INFO - Done. Returned value was: No DataFrame found for Empty DataFrame
Columns: []
Index: []
[2024-10-10 02:04:34,786] {taskinstance.py:1211} INFO - Marking task as SUCCESS. dag_id=mssql_dag, task_id=check_null_receipt, execution_date=20241010T020427, start_date=20241010T020434, end_date=20241010T020434
[2024-10-10 02:04:34,805] {taskinstance.py:1265} INFO - 1 downstream tasks scheduled from follow-on schedule check
[2024-10-10 02:04:34,830] {local_task_job.py:149} INFO - Task exited with return code 0
