[2024-10-09 09:09:55,371] {taskinstance.py:896} INFO - Dependencies all met for <TaskInstance: mssql_dag.query_member 2024-10-09T09:09:54.141674+00:00 [queued]>
[2024-10-09 09:09:55,377] {taskinstance.py:896} INFO - Dependencies all met for <TaskInstance: mssql_dag.query_member 2024-10-09T09:09:54.141674+00:00 [queued]>
[2024-10-09 09:09:55,378] {taskinstance.py:1087} INFO - 
--------------------------------------------------------------------------------
[2024-10-09 09:09:55,378] {taskinstance.py:1088} INFO - Starting attempt 1 of 2
[2024-10-09 09:09:55,378] {taskinstance.py:1089} INFO - 
--------------------------------------------------------------------------------
[2024-10-09 09:09:55,388] {taskinstance.py:1107} INFO - Executing <Task(PythonOperator): query_member> on 2024-10-09T09:09:54.141674+00:00
[2024-10-09 09:09:55,391] {standard_task_runner.py:52} INFO - Started process 1939 to run task
[2024-10-09 09:09:55,393] {standard_task_runner.py:76} INFO - Running: ['***', 'tasks', 'run', 'mssql_dag', 'query_member', '2024-10-09T09:09:54.141674+00:00', '--job-id', '58', '--pool', 'default_pool', '--raw', '--subdir', 'DAGS_FOLDER/mssql_dag.py', '--cfg-path', '/tmp/tmpbcgo24y_', '--error-file', '/tmp/tmpxfel37ny']
[2024-10-09 09:09:55,397] {standard_task_runner.py:77} INFO - Job 58: Subtask query_member
[2024-10-09 09:09:55,436] {logging_mixin.py:104} INFO - Running <TaskInstance: mssql_dag.query_member 2024-10-09T09:09:54.141674+00:00 [running]> on host da843a407010
[2024-10-09 09:09:55,468] {taskinstance.py:1302} INFO - Exporting the following env vars:
AIRFLOW_CTX_DAG_OWNER=***
AIRFLOW_CTX_DAG_ID=mssql_dag
AIRFLOW_CTX_TASK_ID=query_member
AIRFLOW_CTX_EXECUTION_DATE=2024-10-09T09:09:54.141674+00:00
AIRFLOW_CTX_DAG_RUN_ID=manual__2024-10-09T09:09:54.141674+00:00
[2024-10-09 09:09:55,530] {python.py:151} INFO - Done. Returned value was: None
[2024-10-09 09:09:55,537] {taskinstance.py:1211} INFO - Marking task as SUCCESS. dag_id=mssql_dag, task_id=query_member, execution_date=20241009T090954, start_date=20241009T090955, end_date=20241009T090955
[2024-10-09 09:09:55,558] {taskinstance.py:1265} INFO - 1 downstream tasks scheduled from follow-on schedule check
[2024-10-09 09:09:55,566] {local_task_job.py:149} INFO - Task exited with return code 0
