[2024-10-10 02:04:35,841] {taskinstance.py:896} INFO - Dependencies all met for <TaskInstance: mssql_dag.clean1_receipt 2024-10-10T02:04:27.210736+00:00 [queued]>
[2024-10-10 02:04:35,848] {taskinstance.py:896} INFO - Dependencies all met for <TaskInstance: mssql_dag.clean1_receipt 2024-10-10T02:04:27.210736+00:00 [queued]>
[2024-10-10 02:04:35,849] {taskinstance.py:1087} INFO - 
--------------------------------------------------------------------------------
[2024-10-10 02:04:35,849] {taskinstance.py:1088} INFO - Starting attempt 1 of 2
[2024-10-10 02:04:35,849] {taskinstance.py:1089} INFO - 
--------------------------------------------------------------------------------
[2024-10-10 02:04:35,858] {taskinstance.py:1107} INFO - Executing <Task(PythonOperator): clean1_receipt> on 2024-10-10T02:04:27.210736+00:00
[2024-10-10 02:04:35,864] {standard_task_runner.py:52} INFO - Started process 55265 to run task
[2024-10-10 02:04:35,866] {standard_task_runner.py:76} INFO - Running: ['***', 'tasks', 'run', 'mssql_dag', 'clean1_receipt', '2024-10-10T02:04:27.210736+00:00', '--job-id', '238', '--pool', 'default_pool', '--raw', '--subdir', 'DAGS_FOLDER/mssql_dag.py', '--cfg-path', '/tmp/tmpvwsamoy7', '--error-file', '/tmp/tmpv9utrktl']
[2024-10-10 02:04:35,869] {standard_task_runner.py:77} INFO - Job 238: Subtask clean1_receipt
[2024-10-10 02:04:35,895] {logging_mixin.py:104} INFO - Running <TaskInstance: mssql_dag.clean1_receipt 2024-10-10T02:04:27.210736+00:00 [running]> on host da843a407010
[2024-10-10 02:04:35,922] {taskinstance.py:1302} INFO - Exporting the following env vars:
AIRFLOW_CTX_DAG_OWNER=***
AIRFLOW_CTX_DAG_ID=mssql_dag
AIRFLOW_CTX_TASK_ID=clean1_receipt
AIRFLOW_CTX_EXECUTION_DATE=2024-10-10T02:04:27.210736+00:00
AIRFLOW_CTX_DAG_RUN_ID=manual__2024-10-10T02:04:27.210736+00:00
[2024-10-10 02:04:35,929] {python.py:151} INFO - Done. Returned value was: None
[2024-10-10 02:04:35,935] {taskinstance.py:1211} INFO - Marking task as SUCCESS. dag_id=mssql_dag, task_id=clean1_receipt, execution_date=20241010T020427, start_date=20241010T020435, end_date=20241010T020435
[2024-10-10 02:04:35,951] {taskinstance.py:1265} INFO - 1 downstream tasks scheduled from follow-on schedule check
[2024-10-10 02:04:35,958] {local_task_job.py:149} INFO - Task exited with return code 0
