[2024-10-09 16:28:11,990] {taskinstance.py:896} INFO - Dependencies all met for <TaskInstance: mssql_dag.clean1_receipt 2024-10-09T16:28:05.516495+00:00 [queued]>
[2024-10-09 16:28:11,999] {taskinstance.py:896} INFO - Dependencies all met for <TaskInstance: mssql_dag.clean1_receipt 2024-10-09T16:28:05.516495+00:00 [queued]>
[2024-10-09 16:28:12,000] {taskinstance.py:1087} INFO - 
--------------------------------------------------------------------------------
[2024-10-09 16:28:12,001] {taskinstance.py:1088} INFO - Starting attempt 1 of 2
[2024-10-09 16:28:12,001] {taskinstance.py:1089} INFO - 
--------------------------------------------------------------------------------
[2024-10-09 16:28:12,012] {taskinstance.py:1107} INFO - Executing <Task(PythonOperator): clean1_receipt> on 2024-10-09T16:28:05.516495+00:00
[2024-10-09 16:28:12,016] {standard_task_runner.py:52} INFO - Started process 23932 to run task
[2024-10-09 16:28:12,019] {standard_task_runner.py:76} INFO - Running: ['***', 'tasks', 'run', 'mssql_dag', 'clean1_receipt', '2024-10-09T16:28:05.516495+00:00', '--job-id', '133', '--pool', 'default_pool', '--raw', '--subdir', 'DAGS_FOLDER/mssql_dag.py', '--cfg-path', '/tmp/tmpw3cso3ss', '--error-file', '/tmp/tmpvm_z8i5i']
[2024-10-09 16:28:12,022] {standard_task_runner.py:77} INFO - Job 133: Subtask clean1_receipt
[2024-10-09 16:28:12,054] {logging_mixin.py:104} INFO - Running <TaskInstance: mssql_dag.clean1_receipt 2024-10-09T16:28:05.516495+00:00 [running]> on host da843a407010
[2024-10-09 16:28:12,091] {taskinstance.py:1302} INFO - Exporting the following env vars:
AIRFLOW_CTX_DAG_OWNER=***
AIRFLOW_CTX_DAG_ID=mssql_dag
AIRFLOW_CTX_TASK_ID=clean1_receipt
AIRFLOW_CTX_EXECUTION_DATE=2024-10-09T16:28:05.516495+00:00
AIRFLOW_CTX_DAG_RUN_ID=manual__2024-10-09T16:28:05.516495+00:00
[2024-10-09 16:28:12,099] {python.py:151} INFO - Done. Returned value was: None
[2024-10-09 16:28:12,107] {taskinstance.py:1211} INFO - Marking task as SUCCESS. dag_id=mssql_dag, task_id=clean1_receipt, execution_date=20241009T162805, start_date=20241009T162811, end_date=20241009T162812
[2024-10-09 16:28:12,129] {taskinstance.py:1265} INFO - 1 downstream tasks scheduled from follow-on schedule check
[2024-10-09 16:28:12,151] {local_task_job.py:149} INFO - Task exited with return code 0
