[2024-10-10 01:22:34,406] {taskinstance.py:896} INFO - Dependencies all met for <TaskInstance: mssql_dag.check_null_receipt 2024-10-09T00:00:00+00:00 [queued]>
[2024-10-10 01:22:34,414] {taskinstance.py:896} INFO - Dependencies all met for <TaskInstance: mssql_dag.check_null_receipt 2024-10-09T00:00:00+00:00 [queued]>
[2024-10-10 01:22:34,415] {taskinstance.py:1087} INFO - 
--------------------------------------------------------------------------------
[2024-10-10 01:22:34,420] {taskinstance.py:1088} INFO - Starting attempt 1 of 2
[2024-10-10 01:22:34,422] {taskinstance.py:1089} INFO - 
--------------------------------------------------------------------------------
[2024-10-10 01:22:34,433] {taskinstance.py:1107} INFO - Executing <Task(PythonOperator): check_null_receipt> on 2024-10-09T00:00:00+00:00
[2024-10-10 01:22:34,440] {standard_task_runner.py:52} INFO - Started process 32977 to run task
[2024-10-10 01:22:34,443] {standard_task_runner.py:76} INFO - Running: ['***', 'tasks', 'run', 'mssql_dag', 'check_null_receipt', '2024-10-09T00:00:00+00:00', '--job-id', '176', '--pool', 'default_pool', '--raw', '--subdir', 'DAGS_FOLDER/mssql_dag.py', '--cfg-path', '/tmp/tmp3womv97x', '--error-file', '/tmp/tmptaxg4g_y']
[2024-10-10 01:22:34,450] {standard_task_runner.py:77} INFO - Job 176: Subtask check_null_receipt
[2024-10-10 01:22:34,490] {logging_mixin.py:104} INFO - Running <TaskInstance: mssql_dag.check_null_receipt 2024-10-09T00:00:00+00:00 [running]> on host da843a407010
[2024-10-10 01:22:34,526] {taskinstance.py:1302} INFO - Exporting the following env vars:
AIRFLOW_CTX_DAG_OWNER=***
AIRFLOW_CTX_DAG_ID=mssql_dag
AIRFLOW_CTX_TASK_ID=check_null_receipt
AIRFLOW_CTX_EXECUTION_DATE=2024-10-09T00:00:00+00:00
AIRFLOW_CTX_DAG_RUN_ID=scheduled__2024-10-09T00:00:00+00:00
[2024-10-10 01:22:34,528] {python.py:151} INFO - Done. Returned value was: No DataFrame found for Empty DataFrame
Columns: []
Index: []
[2024-10-10 01:22:34,550] {taskinstance.py:1211} INFO - Marking task as SUCCESS. dag_id=mssql_dag, task_id=check_null_receipt, execution_date=20241009T000000, start_date=20241010T012234, end_date=20241010T012234
[2024-10-10 01:22:34,568] {taskinstance.py:1265} INFO - 1 downstream tasks scheduled from follow-on schedule check
[2024-10-10 01:22:34,576] {local_task_job.py:149} INFO - Task exited with return code 0
