[2024-10-10 16:28:38,175] {taskinstance.py:896} INFO - Dependencies all met for <TaskInstance: mssql_dag.boxplot_data_contract 2024-10-10T16:28:25.919464+00:00 [queued]>
[2024-10-10 16:28:38,188] {taskinstance.py:896} INFO - Dependencies all met for <TaskInstance: mssql_dag.boxplot_data_contract 2024-10-10T16:28:25.919464+00:00 [queued]>
[2024-10-10 16:28:38,189] {taskinstance.py:1087} INFO - 
--------------------------------------------------------------------------------
[2024-10-10 16:28:38,189] {taskinstance.py:1088} INFO - Starting attempt 1 of 2
[2024-10-10 16:28:38,189] {taskinstance.py:1089} INFO - 
--------------------------------------------------------------------------------
[2024-10-10 16:28:38,196] {taskinstance.py:1107} INFO - Executing <Task(PythonOperator): boxplot_data_contract> on 2024-10-10T16:28:25.919464+00:00
[2024-10-10 16:28:38,202] {standard_task_runner.py:52} INFO - Started process 90390 to run task
[2024-10-10 16:28:38,206] {standard_task_runner.py:76} INFO - Running: ['***', 'tasks', 'run', 'mssql_dag', 'boxplot_data_contract', '2024-10-10T16:28:25.919464+00:00', '--job-id', '598', '--pool', 'default_pool', '--raw', '--subdir', 'DAGS_FOLDER/mssql_dag.py', '--cfg-path', '/tmp/tmp7or7a3l5', '--error-file', '/tmp/tmp09hljmln']
[2024-10-10 16:28:38,211] {standard_task_runner.py:77} INFO - Job 598: Subtask boxplot_data_contract
[2024-10-10 16:28:38,244] {logging_mixin.py:104} INFO - Running <TaskInstance: mssql_dag.boxplot_data_contract 2024-10-10T16:28:25.919464+00:00 [running]> on host da843a407010
[2024-10-10 16:28:38,283] {taskinstance.py:1302} INFO - Exporting the following env vars:
AIRFLOW_CTX_DAG_OWNER=***
AIRFLOW_CTX_DAG_ID=mssql_dag
AIRFLOW_CTX_TASK_ID=boxplot_data_contract
AIRFLOW_CTX_EXECUTION_DATE=2024-10-10T16:28:25.919464+00:00
AIRFLOW_CTX_DAG_RUN_ID=manual__2024-10-10T16:28:25.919464+00:00
[2024-10-10 16:28:38,389] {logging_mixin.py:104} INFO -      PROM_MEMB_NO  ...                       POST_DATETIME
0             543  ...                                NULL
1             662  ...                                NULL
2             735  ...                                NULL
3              48  ...                                NULL
4             256  ...                                NULL
..            ...  ...                                 ...
995           469  ...  Wed Nov 29 09:29:23 GMT+07:00 2023
996           469  ...  Wed Nov 29 09:29:23 GMT+07:00 2023
997           470  ...  Wed Nov 29 09:29:23 GMT+07:00 2023
998           470  ...  Wed Nov 29 09:29:23 GMT+07:00 2023
999           470  ...  Wed Nov 29 09:29:23 GMT+07:00 2023

[1000 rows x 51 columns]
[2024-10-10 16:28:38,515] {logging_mixin.py:104} INFO - Boxplot saved as /tmp/contract_boxplot.png
[2024-10-10 16:28:38,516] {python.py:151} INFO - Done. Returned value was: None
[2024-10-10 16:28:38,524] {taskinstance.py:1211} INFO - Marking task as SUCCESS. dag_id=mssql_dag, task_id=boxplot_data_contract, execution_date=20241010T162825, start_date=20241010T162838, end_date=20241010T162838
[2024-10-10 16:28:38,606] {taskinstance.py:1265} INFO - 0 downstream tasks scheduled from follow-on schedule check
[2024-10-10 16:28:38,618] {local_task_job.py:149} INFO - Task exited with return code 0
