[2024-10-10 03:50:42,345] {taskinstance.py:896} INFO - Dependencies all met for <TaskInstance: mssql_dag.clean_member 2024-10-10T03:50:36.124646+00:00 [queued]>
[2024-10-10 03:50:42,353] {taskinstance.py:896} INFO - Dependencies all met for <TaskInstance: mssql_dag.clean_member 2024-10-10T03:50:36.124646+00:00 [queued]>
[2024-10-10 03:50:42,354] {taskinstance.py:1087} INFO - 
--------------------------------------------------------------------------------
[2024-10-10 03:50:42,354] {taskinstance.py:1088} INFO - Starting attempt 1 of 2
[2024-10-10 03:50:42,354] {taskinstance.py:1089} INFO - 
--------------------------------------------------------------------------------
[2024-10-10 03:50:42,365] {taskinstance.py:1107} INFO - Executing <Task(PythonOperator): clean_member> on 2024-10-10T03:50:36.124646+00:00
[2024-10-10 03:50:42,369] {standard_task_runner.py:52} INFO - Started process 11975 to run task
[2024-10-10 03:50:42,372] {standard_task_runner.py:76} INFO - Running: ['***', 'tasks', 'run', 'mssql_dag', 'clean_member', '2024-10-10T03:50:36.124646+00:00', '--job-id', '406', '--pool', 'default_pool', '--raw', '--subdir', 'DAGS_FOLDER/mssql_dag.py', '--cfg-path', '/tmp/tmp10lwgcrg', '--error-file', '/tmp/tmps0z0qi9y']
[2024-10-10 03:50:42,378] {standard_task_runner.py:77} INFO - Job 406: Subtask clean_member
[2024-10-10 03:50:42,408] {logging_mixin.py:104} INFO - Running <TaskInstance: mssql_dag.clean_member 2024-10-10T03:50:36.124646+00:00 [running]> on host da843a407010
[2024-10-10 03:50:42,441] {taskinstance.py:1302} INFO - Exporting the following env vars:
AIRFLOW_CTX_DAG_OWNER=***
AIRFLOW_CTX_DAG_ID=mssql_dag
AIRFLOW_CTX_TASK_ID=clean_member
AIRFLOW_CTX_EXECUTION_DATE=2024-10-10T03:50:36.124646+00:00
AIRFLOW_CTX_DAG_RUN_ID=manual__2024-10-10T03:50:36.124646+00:00
[2024-10-10 03:50:42,491] {logging_mixin.py:104} INFO - Cleaned member table:
[2024-10-10 03:50:42,552] {logging_mixin.py:104} INFO -     MAST_MEMB_NO MAST_MEMB_DEPT  ... MAST_GUIDE_MEMB_NO POST_DATETIME
0          44.0           1154  ...               NULL          NULL
1          48.0           1156  ...               NULL          NULL
2          49.0           1156  ...               NULL          NULL
3          50.0           1156  ...               NULL          NULL
4          56.0           1156  ...               NULL          NULL

[5 rows x 86 columns]
[2024-10-10 03:50:42,554] {python.py:151} INFO - Done. Returned value was: None
[2024-10-10 03:50:42,562] {taskinstance.py:1211} INFO - Marking task as SUCCESS. dag_id=mssql_dag, task_id=clean_member, execution_date=20241010T035036, start_date=20241010T035042, end_date=20241010T035042
[2024-10-10 03:50:42,582] {taskinstance.py:1265} INFO - 1 downstream tasks scheduled from follow-on schedule check
[2024-10-10 03:50:42,624] {local_task_job.py:149} INFO - Task exited with return code 0
