[2024-10-10 03:40:35,677] {taskinstance.py:896} INFO - Dependencies all met for <TaskInstance: mssql_dag.clean1_receipt 2024-10-10T03:40:28.542935+00:00 [queued]>
[2024-10-10 03:40:35,684] {taskinstance.py:896} INFO - Dependencies all met for <TaskInstance: mssql_dag.clean1_receipt 2024-10-10T03:40:28.542935+00:00 [queued]>
[2024-10-10 03:40:35,684] {taskinstance.py:1087} INFO - 
--------------------------------------------------------------------------------
[2024-10-10 03:40:35,685] {taskinstance.py:1088} INFO - Starting attempt 1 of 2
[2024-10-10 03:40:35,686] {taskinstance.py:1089} INFO - 
--------------------------------------------------------------------------------
[2024-10-10 03:40:35,695] {taskinstance.py:1107} INFO - Executing <Task(PythonOperator): clean1_receipt> on 2024-10-10T03:40:28.542935+00:00
[2024-10-10 03:40:35,700] {standard_task_runner.py:52} INFO - Started process 5926 to run task
[2024-10-10 03:40:35,702] {standard_task_runner.py:76} INFO - Running: ['***', 'tasks', 'run', 'mssql_dag', 'clean1_receipt', '2024-10-10T03:40:28.542935+00:00', '--job-id', '354', '--pool', 'default_pool', '--raw', '--subdir', 'DAGS_FOLDER/mssql_dag.py', '--cfg-path', '/tmp/tmp3pz3d6la', '--error-file', '/tmp/tmp_jl8qwlm']
[2024-10-10 03:40:35,705] {standard_task_runner.py:77} INFO - Job 354: Subtask clean1_receipt
[2024-10-10 03:40:35,733] {logging_mixin.py:104} INFO - Running <TaskInstance: mssql_dag.clean1_receipt 2024-10-10T03:40:28.542935+00:00 [running]> on host da843a407010
[2024-10-10 03:40:35,762] {taskinstance.py:1302} INFO - Exporting the following env vars:
AIRFLOW_CTX_DAG_OWNER=***
AIRFLOW_CTX_DAG_ID=mssql_dag
AIRFLOW_CTX_TASK_ID=clean1_receipt
AIRFLOW_CTX_EXECUTION_DATE=2024-10-10T03:40:28.542935+00:00
AIRFLOW_CTX_DAG_RUN_ID=manual__2024-10-10T03:40:28.542935+00:00
[2024-10-10 03:40:35,769] {python.py:151} INFO - Done. Returned value was: None
[2024-10-10 03:40:35,775] {taskinstance.py:1211} INFO - Marking task as SUCCESS. dag_id=mssql_dag, task_id=clean1_receipt, execution_date=20241010T034028, start_date=20241010T034035, end_date=20241010T034035
[2024-10-10 03:40:35,791] {taskinstance.py:1265} INFO - 1 downstream tasks scheduled from follow-on schedule check
[2024-10-10 03:40:35,835] {local_task_job.py:149} INFO - Task exited with return code 0
