[2024-10-10 03:32:40,586] {taskinstance.py:896} INFO - Dependencies all met for <TaskInstance: mssql_dag.print_receipt_detail 2024-10-10T03:32:35.890070+00:00 [queued]>
[2024-10-10 03:32:40,594] {taskinstance.py:896} INFO - Dependencies all met for <TaskInstance: mssql_dag.print_receipt_detail 2024-10-10T03:32:35.890070+00:00 [queued]>
[2024-10-10 03:32:40,595] {taskinstance.py:1087} INFO - 
--------------------------------------------------------------------------------
[2024-10-10 03:32:40,596] {taskinstance.py:1088} INFO - Starting attempt 1 of 2
[2024-10-10 03:32:40,596] {taskinstance.py:1089} INFO - 
--------------------------------------------------------------------------------
[2024-10-10 03:32:40,608] {taskinstance.py:1107} INFO - Executing <Task(PythonOperator): print_receipt_detail> on 2024-10-10T03:32:35.890070+00:00
[2024-10-10 03:32:40,614] {standard_task_runner.py:52} INFO - Started process 1397 to run task
[2024-10-10 03:32:40,616] {standard_task_runner.py:76} INFO - Running: ['***', 'tasks', 'run', 'mssql_dag', 'print_receipt_detail', '2024-10-10T03:32:35.890070+00:00', '--job-id', '320', '--pool', 'default_pool', '--raw', '--subdir', 'DAGS_FOLDER/mssql_dag.py', '--cfg-path', '/tmp/tmp9fpnh1l2', '--error-file', '/tmp/tmpkj4u2uyx']
[2024-10-10 03:32:40,619] {standard_task_runner.py:77} INFO - Job 320: Subtask print_receipt_detail
[2024-10-10 03:32:40,653] {logging_mixin.py:104} INFO - Running <TaskInstance: mssql_dag.print_receipt_detail 2024-10-10T03:32:35.890070+00:00 [running]> on host da843a407010
[2024-10-10 03:32:40,688] {taskinstance.py:1302} INFO - Exporting the following env vars:
AIRFLOW_CTX_DAG_OWNER=***
AIRFLOW_CTX_DAG_ID=mssql_dag
AIRFLOW_CTX_TASK_ID=print_receipt_detail
AIRFLOW_CTX_EXECUTION_DATE=2024-10-10T03:32:35.890070+00:00
AIRFLOW_CTX_DAG_RUN_ID=manual__2024-10-10T03:32:35.890070+00:00
[2024-10-10 03:32:40,719] {logging_mixin.py:104} INFO - The DataFrame for table 'receipt' is empty.
[2024-10-10 03:32:40,719] {logging_mixin.py:104} INFO - The DataFrame for table 'receipt' is empty.
[2024-10-10 03:32:40,720] {python.py:151} INFO - Done. Returned value was: None
[2024-10-10 03:32:40,727] {taskinstance.py:1211} INFO - Marking task as SUCCESS. dag_id=mssql_dag, task_id=print_receipt_detail, execution_date=20241010T033235, start_date=20241010T033240, end_date=20241010T033240
[2024-10-10 03:32:40,746] {taskinstance.py:1265} INFO - 1 downstream tasks scheduled from follow-on schedule check
[2024-10-10 03:32:40,789] {local_task_job.py:149} INFO - Task exited with return code 0
