[2024-10-10 13:32:59,243] {taskinstance.py:896} INFO - Dependencies all met for <TaskInstance: mssql_dag.clean2_member 2024-10-10T13:32:50.661629+00:00 [queued]>
[2024-10-10 13:32:59,255] {taskinstance.py:896} INFO - Dependencies all met for <TaskInstance: mssql_dag.clean2_member 2024-10-10T13:32:50.661629+00:00 [queued]>
[2024-10-10 13:32:59,255] {taskinstance.py:1087} INFO - 
--------------------------------------------------------------------------------
[2024-10-10 13:32:59,256] {taskinstance.py:1088} INFO - Starting attempt 1 of 2
[2024-10-10 13:32:59,256] {taskinstance.py:1089} INFO - 
--------------------------------------------------------------------------------
[2024-10-10 13:32:59,263] {taskinstance.py:1107} INFO - Executing <Task(PythonOperator): clean2_member> on 2024-10-10T13:32:50.661629+00:00
[2024-10-10 13:32:59,267] {standard_task_runner.py:52} INFO - Started process 826 to run task
[2024-10-10 13:32:59,271] {standard_task_runner.py:76} INFO - Running: ['***', 'tasks', 'run', 'mssql_dag', 'clean2_member', '2024-10-10T13:32:50.661629+00:00', '--job-id', '510', '--pool', 'default_pool', '--raw', '--subdir', 'DAGS_FOLDER/mssql_dag.py', '--cfg-path', '/tmp/tmpz7gaviaw', '--error-file', '/tmp/tmpw9dc8x2k']
[2024-10-10 13:32:59,274] {standard_task_runner.py:77} INFO - Job 510: Subtask clean2_member
[2024-10-10 13:32:59,310] {logging_mixin.py:104} INFO - Running <TaskInstance: mssql_dag.clean2_member 2024-10-10T13:32:50.661629+00:00 [running]> on host da843a407010
[2024-10-10 13:32:59,369] {taskinstance.py:1302} INFO - Exporting the following env vars:
AIRFLOW_CTX_DAG_OWNER=***
AIRFLOW_CTX_DAG_ID=mssql_dag
AIRFLOW_CTX_TASK_ID=clean2_member
AIRFLOW_CTX_EXECUTION_DATE=2024-10-10T13:32:50.661629+00:00
AIRFLOW_CTX_DAG_RUN_ID=manual__2024-10-10T13:32:50.661629+00:00
[2024-10-10 13:32:59,445] {python.py:151} INFO - Done. Returned value was: None
[2024-10-10 13:32:59,452] {taskinstance.py:1211} INFO - Marking task as SUCCESS. dag_id=mssql_dag, task_id=clean2_member, execution_date=20241010T133250, start_date=20241010T133259, end_date=20241010T133259
[2024-10-10 13:32:59,500] {taskinstance.py:1265} INFO - 0 downstream tasks scheduled from follow-on schedule check
[2024-10-10 13:32:59,522] {local_task_job.py:149} INFO - Task exited with return code 0
