[2024-10-10 16:48:26,264] {taskinstance.py:896} INFO - Dependencies all met for <TaskInstance: mssql_dag.check_null_receipt 2024-10-10T16:47:08.218534+00:00 [queued]>
[2024-10-10 16:48:26,277] {taskinstance.py:896} INFO - Dependencies all met for <TaskInstance: mssql_dag.check_null_receipt 2024-10-10T16:47:08.218534+00:00 [queued]>
[2024-10-10 16:48:26,278] {taskinstance.py:1087} INFO - 
--------------------------------------------------------------------------------
[2024-10-10 16:48:26,278] {taskinstance.py:1088} INFO - Starting attempt 1 of 2
[2024-10-10 16:48:26,278] {taskinstance.py:1089} INFO - 
--------------------------------------------------------------------------------
[2024-10-10 16:48:26,285] {taskinstance.py:1107} INFO - Executing <Task(PythonOperator): check_null_receipt> on 2024-10-10T16:47:08.218534+00:00
[2024-10-10 16:48:26,293] {standard_task_runner.py:52} INFO - Started process 1132 to run task
[2024-10-10 16:48:26,296] {standard_task_runner.py:76} INFO - Running: ['***', 'tasks', 'run', 'mssql_dag', 'check_null_receipt', '2024-10-10T16:47:08.218534+00:00', '--job-id', '623', '--pool', 'default_pool', '--raw', '--subdir', 'DAGS_FOLDER/mssql_dag.py', '--cfg-path', '/tmp/tmpq7kl3mix', '--error-file', '/tmp/tmp27ol9oio']
[2024-10-10 16:48:26,300] {standard_task_runner.py:77} INFO - Job 623: Subtask check_null_receipt
[2024-10-10 16:48:26,335] {logging_mixin.py:104} INFO - Running <TaskInstance: mssql_dag.check_null_receipt 2024-10-10T16:47:08.218534+00:00 [running]> on host da843a407010
[2024-10-10 16:48:26,376] {taskinstance.py:1302} INFO - Exporting the following env vars:
AIRFLOW_CTX_DAG_OWNER=***
AIRFLOW_CTX_DAG_ID=mssql_dag
AIRFLOW_CTX_TASK_ID=check_null_receipt
AIRFLOW_CTX_EXECUTION_DATE=2024-10-10T16:47:08.218534+00:00
AIRFLOW_CTX_DAG_RUN_ID=manual__2024-10-10T16:47:08.218534+00:00
[2024-10-10 16:48:27,483] {logging_mixin.py:104} INFO - PAY_ID               0
PAY_MEMB_NO          0
PAY_TYPE             0
PAY_DOC_NO           0
PAY_SAVING_DOC_NO    0
PAY_DATE             0
PAY_DUE_DATE         0
PAY_OP_CODE1         0
PAY_OP_CODE2         0
PAY_ACC_NO           0
PAY_OLD_SHR          0
PAY_OLD_INT          0
PAY_SAVE_STS         0
PAY_BANK_TYPE        0
PAY_MEMB_DEPT        0
PAY_USER_ID          0
PAY_FINE_AMT         0
PAY_OVER_AMT         0
PAY_PRINT_DATE       0
PAY_PRINT_OP_CODE    0
POST_DATETIME        0
PAY_ITEM             0
PAY_PROM_TYPE        0
PAY_PROM_YY          0
PAY_PROM_NO          0
PAY_PROM_BRH         0
PAY_PERD             0
PAY_AMT1             0
PAY_AMT2             0
PAY_RECV_AMT1        0
PAY_RECV_AMT2        0
PAY_MONTH_AMT1       0
PAY_MONTH_AMT2       0
PAY_ACC_AMT1         0
PAY_ACC_AMT2         0
PAY_RET_AMT2         0
PAY_OLD_BAL          0
PAY_ACCU_INT         0
PAY_PROM_STS         0
PAY_PROM_INT         0
PAY_RINT_AMT         0
PAY_DESC             0
PAY_REF_NO           0
PAY_REF_ID           0
PAY_PERD_AMT         0
PAY_COND_TYPE        0
dtype: int64
[2024-10-10 16:48:27,484] {python.py:151} INFO - Done. Returned value was: None
[2024-10-10 16:48:27,492] {taskinstance.py:1211} INFO - Marking task as SUCCESS. dag_id=mssql_dag, task_id=check_null_receipt, execution_date=20241010T164708, start_date=20241010T164826, end_date=20241010T164827
[2024-10-10 16:48:27,509] {taskinstance.py:1265} INFO - 1 downstream tasks scheduled from follow-on schedule check
[2024-10-10 16:48:27,556] {local_task_job.py:149} INFO - Task exited with return code 0
