[2024-10-09 09:06:24,222] {taskinstance.py:896} INFO - Dependencies all met for <TaskInstance: mssql_dag.query_member 2024-10-09T09:06:23.422085+00:00 [queued]>
[2024-10-09 09:06:24,230] {taskinstance.py:896} INFO - Dependencies all met for <TaskInstance: mssql_dag.query_member 2024-10-09T09:06:23.422085+00:00 [queued]>
[2024-10-09 09:06:24,231] {taskinstance.py:1087} INFO - 
--------------------------------------------------------------------------------
[2024-10-09 09:06:24,231] {taskinstance.py:1088} INFO - Starting attempt 1 of 2
[2024-10-09 09:06:24,231] {taskinstance.py:1089} INFO - 
--------------------------------------------------------------------------------
[2024-10-09 09:06:24,242] {taskinstance.py:1107} INFO - Executing <Task(PythonOperator): query_member> on 2024-10-09T09:06:23.422085+00:00
[2024-10-09 09:06:24,246] {standard_task_runner.py:52} INFO - Started process 99751 to run task
[2024-10-09 09:06:24,249] {standard_task_runner.py:76} INFO - Running: ['***', 'tasks', 'run', 'mssql_dag', 'query_member', '2024-10-09T09:06:23.422085+00:00', '--job-id', '50', '--pool', 'default_pool', '--raw', '--subdir', 'DAGS_FOLDER/mssql_dag.py', '--cfg-path', '/tmp/tmpaafd20vv', '--error-file', '/tmp/tmpkvaw5yhh']
[2024-10-09 09:06:24,253] {standard_task_runner.py:77} INFO - Job 50: Subtask query_member
[2024-10-09 09:06:24,286] {logging_mixin.py:104} INFO - Running <TaskInstance: mssql_dag.query_member 2024-10-09T09:06:23.422085+00:00 [running]> on host da843a407010
[2024-10-09 09:06:24,318] {taskinstance.py:1302} INFO - Exporting the following env vars:
AIRFLOW_CTX_DAG_OWNER=***
AIRFLOW_CTX_DAG_ID=mssql_dag
AIRFLOW_CTX_TASK_ID=query_member
AIRFLOW_CTX_EXECUTION_DATE=2024-10-09T09:06:23.422085+00:00
AIRFLOW_CTX_DAG_RUN_ID=manual__2024-10-09T09:06:23.422085+00:00
[2024-10-09 09:06:24,379] {python.py:151} INFO - Done. Returned value was: None
[2024-10-09 09:06:24,386] {taskinstance.py:1211} INFO - Marking task as SUCCESS. dag_id=mssql_dag, task_id=query_member, execution_date=20241009T090623, start_date=20241009T090624, end_date=20241009T090624
[2024-10-09 09:06:24,412] {taskinstance.py:1265} INFO - 1 downstream tasks scheduled from follow-on schedule check
[2024-10-09 09:06:24,464] {local_task_job.py:149} INFO - Task exited with return code 0
