[2024-10-10 02:04:28,572] {taskinstance.py:896} INFO - Dependencies all met for <TaskInstance: mssql_dag.query_contract 2024-10-10T02:04:27.210736+00:00 [queued]>
[2024-10-10 02:04:28,583] {taskinstance.py:896} INFO - Dependencies all met for <TaskInstance: mssql_dag.query_contract 2024-10-10T02:04:27.210736+00:00 [queued]>
[2024-10-10 02:04:28,584] {taskinstance.py:1087} INFO - 
--------------------------------------------------------------------------------
[2024-10-10 02:04:28,584] {taskinstance.py:1088} INFO - Starting attempt 1 of 2
[2024-10-10 02:04:28,585] {taskinstance.py:1089} INFO - 
--------------------------------------------------------------------------------
[2024-10-10 02:04:28,595] {taskinstance.py:1107} INFO - Executing <Task(PythonOperator): query_contract> on 2024-10-10T02:04:27.210736+00:00
[2024-10-10 02:04:28,601] {standard_task_runner.py:52} INFO - Started process 54979 to run task
[2024-10-10 02:04:28,604] {standard_task_runner.py:76} INFO - Running: ['***', 'tasks', 'run', 'mssql_dag', 'query_contract', '2024-10-10T02:04:27.210736+00:00', '--job-id', '226', '--pool', 'default_pool', '--raw', '--subdir', 'DAGS_FOLDER/mssql_dag.py', '--cfg-path', '/tmp/tmpo5ls90y1', '--error-file', '/tmp/tmpvpto4qs3']
[2024-10-10 02:04:28,607] {standard_task_runner.py:77} INFO - Job 226: Subtask query_contract
[2024-10-10 02:04:28,638] {logging_mixin.py:104} INFO - Running <TaskInstance: mssql_dag.query_contract 2024-10-10T02:04:27.210736+00:00 [running]> on host da843a407010
[2024-10-10 02:04:28,672] {taskinstance.py:1302} INFO - Exporting the following env vars:
AIRFLOW_CTX_DAG_OWNER=***
AIRFLOW_CTX_DAG_ID=mssql_dag
AIRFLOW_CTX_TASK_ID=query_contract
AIRFLOW_CTX_EXECUTION_DATE=2024-10-10T02:04:27.210736+00:00
AIRFLOW_CTX_DAG_RUN_ID=manual__2024-10-10T02:04:27.210736+00:00
[2024-10-10 02:04:28,901] {logging_mixin.py:104} INFO -      PROM_MEMB_NO  ...                       POST_DATETIME
0              24  ...                                NULL
1              50  ...                                NULL
2             132  ...                                NULL
3             237  ...  Wed Dec 07 10:34:45 GMT+07:00 2022
4             280  ...                                NULL
..            ...  ...                                 ...
495           489  ...                                NULL
496           492  ...                                NULL
497           492  ...                                NULL
498           492  ...                                NULL
499           512  ...                                NULL

[500 rows x 51 columns]
[2024-10-10 02:04:28,902] {python.py:151} INFO - Done. Returned value was: None
[2024-10-10 02:04:28,909] {taskinstance.py:1211} INFO - Marking task as SUCCESS. dag_id=mssql_dag, task_id=query_contract, execution_date=20241010T020427, start_date=20241010T020428, end_date=20241010T020428
[2024-10-10 02:04:28,945] {taskinstance.py:1265} INFO - 1 downstream tasks scheduled from follow-on schedule check
[2024-10-10 02:04:28,976] {local_task_job.py:149} INFO - Task exited with return code 0
