[2024-10-10 03:46:46,339] {taskinstance.py:896} INFO - Dependencies all met for <TaskInstance: mssql_dag.print_receipt_detail 2024-10-10T03:46:41.983328+00:00 [queued]>
[2024-10-10 03:46:46,349] {taskinstance.py:896} INFO - Dependencies all met for <TaskInstance: mssql_dag.print_receipt_detail 2024-10-10T03:46:41.983328+00:00 [queued]>
[2024-10-10 03:46:46,351] {taskinstance.py:1087} INFO - 
--------------------------------------------------------------------------------
[2024-10-10 03:46:46,351] {taskinstance.py:1088} INFO - Starting attempt 1 of 2
[2024-10-10 03:46:46,352] {taskinstance.py:1089} INFO - 
--------------------------------------------------------------------------------
[2024-10-10 03:46:46,363] {taskinstance.py:1107} INFO - Executing <Task(PythonOperator): print_receipt_detail> on 2024-10-10T03:46:41.983328+00:00
[2024-10-10 03:46:46,369] {standard_task_runner.py:52} INFO - Started process 9651 to run task
[2024-10-10 03:46:46,374] {standard_task_runner.py:76} INFO - Running: ['***', 'tasks', 'run', 'mssql_dag', 'print_receipt_detail', '2024-10-10T03:46:41.983328+00:00', '--job-id', '389', '--pool', 'default_pool', '--raw', '--subdir', 'DAGS_FOLDER/mssql_dag.py', '--cfg-path', '/tmp/tmpcqou9_lj', '--error-file', '/tmp/tmp5ae_mjwv']
[2024-10-10 03:46:46,379] {standard_task_runner.py:77} INFO - Job 389: Subtask print_receipt_detail
[2024-10-10 03:46:46,417] {logging_mixin.py:104} INFO - Running <TaskInstance: mssql_dag.print_receipt_detail 2024-10-10T03:46:41.983328+00:00 [running]> on host da843a407010
[2024-10-10 03:46:46,460] {taskinstance.py:1302} INFO - Exporting the following env vars:
AIRFLOW_CTX_DAG_OWNER=***
AIRFLOW_CTX_DAG_ID=mssql_dag
AIRFLOW_CTX_TASK_ID=print_receipt_detail
AIRFLOW_CTX_EXECUTION_DATE=2024-10-10T03:46:41.983328+00:00
AIRFLOW_CTX_DAG_RUN_ID=manual__2024-10-10T03:46:41.983328+00:00
[2024-10-10 03:46:46,498] {logging_mixin.py:104} INFO - The DataFrame for table 'receipt' is empty.
[2024-10-10 03:46:46,500] {logging_mixin.py:104} INFO - The DataFrame for table 'receipt' is empty.
[2024-10-10 03:46:46,500] {python.py:151} INFO - Done. Returned value was: None
[2024-10-10 03:46:46,509] {taskinstance.py:1211} INFO - Marking task as SUCCESS. dag_id=mssql_dag, task_id=print_receipt_detail, execution_date=20241010T034641, start_date=20241010T034646, end_date=20241010T034646
[2024-10-10 03:46:46,529] {taskinstance.py:1265} INFO - 1 downstream tasks scheduled from follow-on schedule check
[2024-10-10 03:46:46,548] {local_task_job.py:149} INFO - Task exited with return code 0
