[2024-10-10 16:13:31,837] {taskinstance.py:896} INFO - Dependencies all met for <TaskInstance: mssql_dag.boxplot_data_contract 2024-10-10T16:13:17.159947+00:00 [queued]>
[2024-10-10 16:13:31,848] {taskinstance.py:896} INFO - Dependencies all met for <TaskInstance: mssql_dag.boxplot_data_contract 2024-10-10T16:13:17.159947+00:00 [queued]>
[2024-10-10 16:13:31,848] {taskinstance.py:1087} INFO - 
--------------------------------------------------------------------------------
[2024-10-10 16:13:31,848] {taskinstance.py:1088} INFO - Starting attempt 1 of 2
[2024-10-10 16:13:31,849] {taskinstance.py:1089} INFO - 
--------------------------------------------------------------------------------
[2024-10-10 16:13:31,854] {taskinstance.py:1107} INFO - Executing <Task(PythonOperator): boxplot_data_contract> on 2024-10-10T16:13:17.159947+00:00
[2024-10-10 16:13:31,859] {standard_task_runner.py:52} INFO - Started process 81646 to run task
[2024-10-10 16:13:31,862] {standard_task_runner.py:76} INFO - Running: ['***', 'tasks', 'run', 'mssql_dag', 'boxplot_data_contract', '2024-10-10T16:13:17.159947+00:00', '--job-id', '535', '--pool', 'default_pool', '--raw', '--subdir', 'DAGS_FOLDER/mssql_dag.py', '--cfg-path', '/tmp/tmpnts6p63k', '--error-file', '/tmp/tmpxrze83pd']
[2024-10-10 16:13:31,865] {standard_task_runner.py:77} INFO - Job 535: Subtask boxplot_data_contract
[2024-10-10 16:13:31,893] {logging_mixin.py:104} INFO - Running <TaskInstance: mssql_dag.boxplot_data_contract 2024-10-10T16:13:17.159947+00:00 [running]> on host da843a407010
[2024-10-10 16:13:31,925] {taskinstance.py:1302} INFO - Exporting the following env vars:
AIRFLOW_CTX_DAG_OWNER=***
AIRFLOW_CTX_DAG_ID=mssql_dag
AIRFLOW_CTX_TASK_ID=boxplot_data_contract
AIRFLOW_CTX_EXECUTION_DATE=2024-10-10T16:13:17.159947+00:00
AIRFLOW_CTX_DAG_RUN_ID=manual__2024-10-10T16:13:17.159947+00:00
[2024-10-10 16:13:31,928] {logging_mixin.py:104} INFO - Empty DataFrame
Columns: []
Index: []
[2024-10-10 16:13:31,928] {logging_mixin.py:104} INFO - Error generating boxplot: "The following columns are missing from the contract DataFrame: ['PROM_LOAN_AMT', 'PROM_LOAN_PERD', 'PROM_LOAN_PERD_AMT']"
[2024-10-10 16:13:31,928] {python.py:151} INFO - Done. Returned value was: None
[2024-10-10 16:13:31,935] {taskinstance.py:1211} INFO - Marking task as SUCCESS. dag_id=mssql_dag, task_id=boxplot_data_contract, execution_date=20241010T161317, start_date=20241010T161331, end_date=20241010T161331
[2024-10-10 16:13:31,952] {taskinstance.py:1265} INFO - 0 downstream tasks scheduled from follow-on schedule check
[2024-10-10 16:13:31,994] {local_task_job.py:149} INFO - Task exited with return code 0
