[2024-10-10 13:34:08,719] {taskinstance.py:896} INFO - Dependencies all met for <TaskInstance: mssql_dag.clean1_receipt 2024-10-10T13:32:50.661629+00:00 [queued]>
[2024-10-10 13:34:08,732] {taskinstance.py:896} INFO - Dependencies all met for <TaskInstance: mssql_dag.clean1_receipt 2024-10-10T13:32:50.661629+00:00 [queued]>
[2024-10-10 13:34:08,733] {taskinstance.py:1087} INFO - 
--------------------------------------------------------------------------------
[2024-10-10 13:34:08,734] {taskinstance.py:1088} INFO - Starting attempt 1 of 2
[2024-10-10 13:34:08,735] {taskinstance.py:1089} INFO - 
--------------------------------------------------------------------------------
[2024-10-10 13:34:08,743] {taskinstance.py:1107} INFO - Executing <Task(PythonOperator): clean1_receipt> on 2024-10-10T13:32:50.661629+00:00
[2024-10-10 13:34:08,749] {standard_task_runner.py:52} INFO - Started process 1465 to run task
[2024-10-10 13:34:08,752] {standard_task_runner.py:76} INFO - Running: ['***', 'tasks', 'run', 'mssql_dag', 'clean1_receipt', '2024-10-10T13:32:50.661629+00:00', '--job-id', '517', '--pool', 'default_pool', '--raw', '--subdir', 'DAGS_FOLDER/mssql_dag.py', '--cfg-path', '/tmp/tmps_xgmfgq', '--error-file', '/tmp/tmp5xcbm0l7']
[2024-10-10 13:34:08,756] {standard_task_runner.py:77} INFO - Job 517: Subtask clean1_receipt
[2024-10-10 13:34:08,790] {logging_mixin.py:104} INFO - Running <TaskInstance: mssql_dag.clean1_receipt 2024-10-10T13:32:50.661629+00:00 [running]> on host da843a407010
[2024-10-10 13:34:08,830] {taskinstance.py:1302} INFO - Exporting the following env vars:
AIRFLOW_CTX_DAG_OWNER=***
AIRFLOW_CTX_DAG_ID=mssql_dag
AIRFLOW_CTX_TASK_ID=clean1_receipt
AIRFLOW_CTX_EXECUTION_DATE=2024-10-10T13:32:50.661629+00:00
AIRFLOW_CTX_DAG_RUN_ID=manual__2024-10-10T13:32:50.661629+00:00
[2024-10-10 13:35:21,579] {logging_mixin.py:104} INFO - Inserted 35151 records into tmp_receipt successfully.
[2024-10-10 13:35:21,598] {python.py:151} INFO - Done. Returned value was: None
[2024-10-10 13:35:21,607] {taskinstance.py:1211} INFO - Marking task as SUCCESS. dag_id=mssql_dag, task_id=clean1_receipt, execution_date=20241010T133250, start_date=20241010T133408, end_date=20241010T133521
[2024-10-10 13:35:21,624] {taskinstance.py:1265} INFO - 1 downstream tasks scheduled from follow-on schedule check
[2024-10-10 13:35:21,674] {local_task_job.py:149} INFO - Task exited with return code 0
