[2024-10-10 16:14:34,187] {taskinstance.py:896} INFO - Dependencies all met for <TaskInstance: mssql_dag.clean1_receipt 2024-10-10T16:13:17.159947+00:00 [queued]>
[2024-10-10 16:14:34,202] {taskinstance.py:896} INFO - Dependencies all met for <TaskInstance: mssql_dag.clean1_receipt 2024-10-10T16:13:17.159947+00:00 [queued]>
[2024-10-10 16:14:34,205] {taskinstance.py:1087} INFO - 
--------------------------------------------------------------------------------
[2024-10-10 16:14:34,206] {taskinstance.py:1088} INFO - Starting attempt 1 of 2
[2024-10-10 16:14:34,210] {taskinstance.py:1089} INFO - 
--------------------------------------------------------------------------------
[2024-10-10 16:14:34,218] {taskinstance.py:1107} INFO - Executing <Task(PythonOperator): clean1_receipt> on 2024-10-10T16:13:17.159947+00:00
[2024-10-10 16:14:34,225] {standard_task_runner.py:52} INFO - Started process 82218 to run task
[2024-10-10 16:14:34,229] {standard_task_runner.py:76} INFO - Running: ['***', 'tasks', 'run', 'mssql_dag', 'clean1_receipt', '2024-10-10T16:13:17.159947+00:00', '--job-id', '538', '--pool', 'default_pool', '--raw', '--subdir', 'DAGS_FOLDER/mssql_dag.py', '--cfg-path', '/tmp/tmpa0mvxken', '--error-file', '/tmp/tmpv4c0ipid']
[2024-10-10 16:14:34,233] {standard_task_runner.py:77} INFO - Job 538: Subtask clean1_receipt
[2024-10-10 16:14:34,298] {logging_mixin.py:104} INFO - Running <TaskInstance: mssql_dag.clean1_receipt 2024-10-10T16:13:17.159947+00:00 [running]> on host da843a407010
[2024-10-10 16:14:34,345] {taskinstance.py:1302} INFO - Exporting the following env vars:
AIRFLOW_CTX_DAG_OWNER=***
AIRFLOW_CTX_DAG_ID=mssql_dag
AIRFLOW_CTX_TASK_ID=clean1_receipt
AIRFLOW_CTX_EXECUTION_DATE=2024-10-10T16:13:17.159947+00:00
AIRFLOW_CTX_DAG_RUN_ID=manual__2024-10-10T16:13:17.159947+00:00
[2024-10-10 16:15:42,144] {logging_mixin.py:104} INFO - Inserted 35151 records into tmp_receipt successfully.
[2024-10-10 16:15:42,160] {python.py:151} INFO - Done. Returned value was: None
[2024-10-10 16:15:42,169] {taskinstance.py:1211} INFO - Marking task as SUCCESS. dag_id=mssql_dag, task_id=clean1_receipt, execution_date=20241010T161317, start_date=20241010T161434, end_date=20241010T161542
[2024-10-10 16:15:42,190] {taskinstance.py:1265} INFO - 1 downstream tasks scheduled from follow-on schedule check
[2024-10-10 16:15:42,211] {local_task_job.py:149} INFO - Task exited with return code 0
