[2024-10-10 16:28:38,136] {taskinstance.py:896} INFO - Dependencies all met for <TaskInstance: mssql_dag.boxplot_data_member 2024-10-10T16:28:25.919464+00:00 [queued]>
[2024-10-10 16:28:38,150] {taskinstance.py:896} INFO - Dependencies all met for <TaskInstance: mssql_dag.boxplot_data_member 2024-10-10T16:28:25.919464+00:00 [queued]>
[2024-10-10 16:28:38,150] {taskinstance.py:1087} INFO - 
--------------------------------------------------------------------------------
[2024-10-10 16:28:38,151] {taskinstance.py:1088} INFO - Starting attempt 1 of 2
[2024-10-10 16:28:38,151] {taskinstance.py:1089} INFO - 
--------------------------------------------------------------------------------
[2024-10-10 16:28:38,157] {taskinstance.py:1107} INFO - Executing <Task(PythonOperator): boxplot_data_member> on 2024-10-10T16:28:25.919464+00:00
[2024-10-10 16:28:38,163] {standard_task_runner.py:52} INFO - Started process 90389 to run task
[2024-10-10 16:28:38,166] {standard_task_runner.py:76} INFO - Running: ['***', 'tasks', 'run', 'mssql_dag', 'boxplot_data_member', '2024-10-10T16:28:25.919464+00:00', '--job-id', '597', '--pool', 'default_pool', '--raw', '--subdir', 'DAGS_FOLDER/mssql_dag.py', '--cfg-path', '/tmp/tmp7iildmz7', '--error-file', '/tmp/tmp9vsmxzid']
[2024-10-10 16:28:38,169] {standard_task_runner.py:77} INFO - Job 597: Subtask boxplot_data_member
[2024-10-10 16:28:38,201] {logging_mixin.py:104} INFO - Running <TaskInstance: mssql_dag.boxplot_data_member 2024-10-10T16:28:25.919464+00:00 [running]> on host da843a407010
[2024-10-10 16:28:38,237] {taskinstance.py:1302} INFO - Exporting the following env vars:
AIRFLOW_CTX_DAG_OWNER=***
AIRFLOW_CTX_DAG_ID=mssql_dag
AIRFLOW_CTX_TASK_ID=boxplot_data_member
AIRFLOW_CTX_EXECUTION_DATE=2024-10-10T16:28:25.919464+00:00
AIRFLOW_CTX_DAG_RUN_ID=manual__2024-10-10T16:28:25.919464+00:00
[2024-10-10 16:28:38,366] {logging_mixin.py:104} INFO -      MAST_MEMB_NO MAST_MEMB_DEPT  ... MAST_GUIDE_MEMB_NO POST_DATETIME
0             199           1151  ...               NULL          NULL
1             273           1151  ...               NULL          NULL
2             660           1156  ...               NULL          NULL
3             724           1156  ...               NULL          NULL
4             726           1151  ...               NULL          NULL
..            ...            ...  ...                ...           ...
295           627           1156  ...               NULL          NULL
296           637           1156  ...               NULL          NULL
297           638           1156  ...               NULL          NULL
298           643           1156  ...               NULL          NULL
299           656           3989  ...               NULL          NULL

[300 rows x 85 columns]
[2024-10-10 16:28:38,501] {logging_mixin.py:104} INFO - Boxplot saved as /tmp/member_boxplot.png
[2024-10-10 16:28:38,503] {python.py:151} INFO - Done. Returned value was: None
[2024-10-10 16:28:38,512] {taskinstance.py:1211} INFO - Marking task as SUCCESS. dag_id=mssql_dag, task_id=boxplot_data_member, execution_date=20241010T162825, start_date=20241010T162838, end_date=20241010T162838
[2024-10-10 16:28:38,531] {taskinstance.py:1265} INFO - 0 downstream tasks scheduled from follow-on schedule check
[2024-10-10 16:28:38,538] {local_task_job.py:149} INFO - Task exited with return code 0
