[2024-10-10 16:47:19,007] {taskinstance.py:896} INFO - Dependencies all met for <TaskInstance: mssql_dag.boxplot_data_member 2024-10-10T16:47:08.218534+00:00 [queued]>
[2024-10-10 16:47:19,041] {taskinstance.py:896} INFO - Dependencies all met for <TaskInstance: mssql_dag.boxplot_data_member 2024-10-10T16:47:08.218534+00:00 [queued]>
[2024-10-10 16:47:19,041] {taskinstance.py:1087} INFO - 
--------------------------------------------------------------------------------
[2024-10-10 16:47:19,042] {taskinstance.py:1088} INFO - Starting attempt 1 of 2
[2024-10-10 16:47:19,042] {taskinstance.py:1089} INFO - 
--------------------------------------------------------------------------------
[2024-10-10 16:47:19,058] {taskinstance.py:1107} INFO - Executing <Task(PythonOperator): boxplot_data_member> on 2024-10-10T16:47:08.218534+00:00
[2024-10-10 16:47:19,081] {standard_task_runner.py:52} INFO - Started process 503 to run task
[2024-10-10 16:47:19,091] {standard_task_runner.py:76} INFO - Running: ['***', 'tasks', 'run', 'mssql_dag', 'boxplot_data_member', '2024-10-10T16:47:08.218534+00:00', '--job-id', '618', '--pool', 'default_pool', '--raw', '--subdir', 'DAGS_FOLDER/mssql_dag.py', '--cfg-path', '/tmp/tmppomg29_b', '--error-file', '/tmp/tmprzpicva2']
[2024-10-10 16:47:19,095] {standard_task_runner.py:77} INFO - Job 618: Subtask boxplot_data_member
[2024-10-10 16:47:19,128] {logging_mixin.py:104} INFO - Running <TaskInstance: mssql_dag.boxplot_data_member 2024-10-10T16:47:08.218534+00:00 [running]> on host da843a407010
[2024-10-10 16:47:19,165] {taskinstance.py:1302} INFO - Exporting the following env vars:
AIRFLOW_CTX_DAG_OWNER=***
AIRFLOW_CTX_DAG_ID=mssql_dag
AIRFLOW_CTX_TASK_ID=boxplot_data_member
AIRFLOW_CTX_EXECUTION_DATE=2024-10-10T16:47:08.218534+00:00
AIRFLOW_CTX_DAG_RUN_ID=manual__2024-10-10T16:47:08.218534+00:00
[2024-10-10 16:47:19,281] {logging_mixin.py:104} INFO -      MAST_MEMB_NO MAST_MEMB_DEPT  ... MAST_GUIDE_MEMB_NO POST_DATETIME
0             184           5451  ...               NULL          NULL
1              30           1156  ...                                 
2              43           1156  ...                                 
3              97           1151  ...                                 
4             109           1156  ...                                 
..            ...            ...  ...                ...           ...
295           607           1156  ...                                 
296           608           1156  ...                                 
297           512           1156  ...                                 
298           523           1156  ...                                 
299           524           1156  ...                                 

[300 rows x 85 columns]
[2024-10-10 16:47:19,415] {logging_mixin.py:104} INFO - Boxplot saved as /tmp/member_boxplot.png
[2024-10-10 16:47:19,417] {python.py:151} INFO - Done. Returned value was: None
[2024-10-10 16:47:19,426] {taskinstance.py:1211} INFO - Marking task as SUCCESS. dag_id=mssql_dag, task_id=boxplot_data_member, execution_date=20241010T164708, start_date=20241010T164719, end_date=20241010T164719
[2024-10-10 16:47:19,515] {taskinstance.py:1265} INFO - 1 downstream tasks scheduled from follow-on schedule check
[2024-10-10 16:47:19,579] {local_task_job.py:149} INFO - Task exited with return code 0
