[2024-10-10 03:50:39,336] {taskinstance.py:896} INFO - Dependencies all met for <TaskInstance: mssql_dag.print_member_detail 2024-10-10T03:50:36.124646+00:00 [queued]>
[2024-10-10 03:50:39,343] {taskinstance.py:896} INFO - Dependencies all met for <TaskInstance: mssql_dag.print_member_detail 2024-10-10T03:50:36.124646+00:00 [queued]>
[2024-10-10 03:50:39,343] {taskinstance.py:1087} INFO - 
--------------------------------------------------------------------------------
[2024-10-10 03:50:39,344] {taskinstance.py:1088} INFO - Starting attempt 1 of 2
[2024-10-10 03:50:39,344] {taskinstance.py:1089} INFO - 
--------------------------------------------------------------------------------
[2024-10-10 03:50:39,354] {taskinstance.py:1107} INFO - Executing <Task(PythonOperator): print_member_detail> on 2024-10-10T03:50:36.124646+00:00
[2024-10-10 03:50:39,359] {standard_task_runner.py:52} INFO - Started process 11830 to run task
[2024-10-10 03:50:39,362] {standard_task_runner.py:76} INFO - Running: ['***', 'tasks', 'run', 'mssql_dag', 'print_member_detail', '2024-10-10T03:50:36.124646+00:00', '--job-id', '401', '--pool', 'default_pool', '--raw', '--subdir', 'DAGS_FOLDER/mssql_dag.py', '--cfg-path', '/tmp/tmp8m6bl70m', '--error-file', '/tmp/tmp8oga2vik']
[2024-10-10 03:50:39,364] {standard_task_runner.py:77} INFO - Job 401: Subtask print_member_detail
[2024-10-10 03:50:39,397] {logging_mixin.py:104} INFO - Running <TaskInstance: mssql_dag.print_member_detail 2024-10-10T03:50:36.124646+00:00 [running]> on host da843a407010
[2024-10-10 03:50:39,431] {taskinstance.py:1302} INFO - Exporting the following env vars:
AIRFLOW_CTX_DAG_OWNER=***
AIRFLOW_CTX_DAG_ID=mssql_dag
AIRFLOW_CTX_TASK_ID=print_member_detail
AIRFLOW_CTX_EXECUTION_DATE=2024-10-10T03:50:36.124646+00:00
AIRFLOW_CTX_DAG_RUN_ID=manual__2024-10-10T03:50:36.124646+00:00
[2024-10-10 03:50:39,536] {logging_mixin.py:104} INFO -   MAST_MEMB_NO MAST_MEMB_DEPT  ... MAST_GUIDE_MEMB_NO POST_DATETIME
0         None           1156  ...               NULL          NULL
1         None           1156  ...               NULL          NULL
2         None           1159  ...               NULL          NULL
3         None           3451  ...               NULL          NULL
4         None           5451  ...               NULL          NULL

[5 rows x 85 columns]
[2024-10-10 03:50:39,548] {logging_mixin.py:104} INFO - <class 'pandas.core.frame.DataFrame'>
RangeIndex: 151 entries, 0 to 150
Data columns (total 85 columns):
 #   Column               Non-Null Count  Dtype 
---  ------               --------------  ----- 
 0   MAST_MEMB_NO         0 non-null      object
 1   MAST_MEMB_DEPT       151 non-null    object
 2   MAST_DEPT_BRH        151 non-null    object
 3   MAST_ZIP             151 non-null    object
 4   MAST_BIRTH_YMD       151 non-null    object
 5   MAST_MARRY_STS       151 non-null    object
 6   MAST_YMD_IN          151 non-null    object
 7   MAST_YMD_OUT         151 non-null    object
 8   MAST_SALARY          151 non-null    object
 9   MAST_MEMB_TYPE       151 non-null    object
 10  MAST_MONTH_SHR       151 non-null    object
 11  MAST_PAID_TYPE       151 non-null    object
 12  MAST_REC_STS         151 non-null    object
 13  MAST_PAID_COND       151 non-null    object
 14  MAST_PAID_LAST       151 non-null    object
 15  MAST_PAID_TIME       151 non-null    object
 16  MAST_PAID_PERD       151 non-null    object
 17  MAST_PAID_AMT        151 non-null    object
 18  MAST_PAID_SHR        151 non-null    object
 19  MAST_RECV_STS        151 non-null    object
 20  MAST_RET_STS         151 non-null    object
 21  MAST_INT_COMM        151 non-null    object
 22  MAST_INT_EMRG        151 non-null    object
 23  MAST_INT_SPEC        151 non-null    object
 24  MAST_ACCU_DIVD       151 non-null    object
 25  MAST_MEMB_ID         151 non-null    int64 
 26  MAST_CLEAR_YMD       151 non-null    object
 27  MAST_CLEAR_AMT       151 non-null    object
 28  MAST_CHANGE_YMD      151 non-null    object
 29  MAST_OLD_INT         151 non-null    object
 30  MAST_MEMB_FLAG       151 non-null    object
 31  MAST_GUARANTEE       151 non-null    object
 32  MAST_PAIDDIVD_STS    151 non-null    object
 33  MAST_GUAR_STS        151 non-null    object
 34  MAST_OUT_STS         151 non-null    object
 35  MAST_CARD_ID         151 non-null    object
 36  MAST_PAY_STS         151 non-null    object
 37  MAST_MARRY_MEMBNO    151 non-null    object
 38  MAST_PROM_HOME       151 non-null    object
 39  MAST_RIGHT_TYPE      151 non-null    object
 40  MAST_FLAG_STS1       151 non-null    object
 41  MAST_MEMB_SEX        151 non-null    object
 42  MAST_HELP_CNT        151 non-null    object
 43  MAST_RECV_BANK_NO    151 non-null    object
 44  MAST_RECV_BANK_TYPE  151 non-null    object
 45  MAST_PAY_BANK_NO     151 non-null    object
 46  MAST_PAY_BANK_TYPE   151 non-null    object
 47  MAST_CARD_BANK_NO    151 non-null    object
 48  MAST_CARD_BANK_TYPE  151 non-null    object
 49  MAST_CARD_BANK_STS   151 non-null    object
 50  MAST_CLEVEL          151 non-null    object
 51  MAST_SALARY2         151 non-null    object
 52  MAST_CARD_DATE1      151 non-null    object
 53  MAST_CARD_DATE2      151 non-null    object
 54  MAST_BANK_ACNO       151 non-null    object
 55  MAST_BANK_ACNO_TYPE  151 non-null    object
 56  MAST_POSITION        151 non-null    object
 57  MAST_BOOK_LINE       151 non-null    object
 58  MAST_NATIONAL        151 non-null    object
 59  MAST_MOBILE          151 non-null    object
 60  MAST_SMS_GRP         151 non-null    object
 61  MAST_SMS_STS         151 non-null    object
 62  MAST_ACC_NO          151 non-null    object
 63  MAST_PROM_NO         151 non-null    object
 64  MAST_FINE_AMT        151 non-null    object
 65  MAST_PROM_INT        151 non-null    object
 66  MAST_SAL_ACC_NO      151 non-null    object
 67  MAST_SAL_TO_COOP     151 non-null    object
 68  MAST_SAL_TO_BANK     151 non-null    object
 69  MAST_ZIP2            151 non-null    object
 70  MAST_REP_PAY_AMT     151 non-null    object
 71  MAST_IS_PRN_SLIP     151 non-null    object
 72  MAST_SEND_DOC_TYPE   151 non-null    object
 73  MAST_REF_MEMB_NO     151 non-null    object
 74  MAST_MEMB_REF_STS    151 non-null    object
 75  MAST_RETIRE_SALARY   151 non-null    object
 76  MAST_INC_AMT         151 non-null    object
 77  MAST_BLOOD_GROUP     151 non-null    object
 78  MAST_SALARY_DEP      151 non-null    object
 79  MAST_OP_CODE         151 non-null    object
 80  MAST_WORK_DATE       151 non-null    object
 81  MAST_EMP_TYPE        151 non-null    object
 82  MAST_RISK_STS        151 non-null    object
 83  MAST_GUIDE_MEMB_NO   151 non-null    object
 84  POST_DATETIME        151 non-null    object
dtypes: int64(1), object(84)
memory usage: 100.4+ KB
[2024-10-10 03:50:39,548] {logging_mixin.py:104} INFO - None
[2024-10-10 03:50:39,562] {logging_mixin.py:104} INFO -        MAST_MEMB_ID
count  1.510000e+02
mean   5.695683e+06
std    6.990703e+07
min    0.000000e+00
25%    0.000000e+00
50%    0.000000e+00
75%    0.000000e+00
max    8.590381e+08
[2024-10-10 03:50:39,562] {python.py:151} INFO - Done. Returned value was: None
[2024-10-10 03:50:39,571] {taskinstance.py:1211} INFO - Marking task as SUCCESS. dag_id=mssql_dag, task_id=print_member_detail, execution_date=20241010T035036, start_date=20241010T035039, end_date=20241010T035039
[2024-10-10 03:50:39,604] {taskinstance.py:1265} INFO - 1 downstream tasks scheduled from follow-on schedule check
[2024-10-10 03:50:39,614] {local_task_job.py:149} INFO - Task exited with return code 0
