[2024-10-10 03:40:29,391] {taskinstance.py:896} INFO - Dependencies all met for <TaskInstance: mssql_dag.query_receipt 2024-10-10T03:40:28.542935+00:00 [queued]>
[2024-10-10 03:40:29,398] {taskinstance.py:896} INFO - Dependencies all met for <TaskInstance: mssql_dag.query_receipt 2024-10-10T03:40:28.542935+00:00 [queued]>
[2024-10-10 03:40:29,399] {taskinstance.py:1087} INFO - 
--------------------------------------------------------------------------------
[2024-10-10 03:40:29,400] {taskinstance.py:1088} INFO - Starting attempt 1 of 2
[2024-10-10 03:40:29,401] {taskinstance.py:1089} INFO - 
--------------------------------------------------------------------------------
[2024-10-10 03:40:29,410] {taskinstance.py:1107} INFO - Executing <Task(PythonOperator): query_receipt> on 2024-10-10T03:40:28.542935+00:00
[2024-10-10 03:40:29,415] {standard_task_runner.py:52} INFO - Started process 5753 to run task
[2024-10-10 03:40:29,418] {standard_task_runner.py:76} INFO - Running: ['***', 'tasks', 'run', 'mssql_dag', 'query_receipt', '2024-10-10T03:40:28.542935+00:00', '--job-id', '342', '--pool', 'default_pool', '--raw', '--subdir', 'DAGS_FOLDER/mssql_dag.py', '--cfg-path', '/tmp/tmps1dqll0x', '--error-file', '/tmp/tmpzgbt88fm']
[2024-10-10 03:40:29,426] {standard_task_runner.py:77} INFO - Job 342: Subtask query_receipt
[2024-10-10 03:40:29,458] {logging_mixin.py:104} INFO - Running <TaskInstance: mssql_dag.query_receipt 2024-10-10T03:40:28.542935+00:00 [running]> on host da843a407010
[2024-10-10 03:40:29,494] {taskinstance.py:1302} INFO - Exporting the following env vars:
AIRFLOW_CTX_DAG_OWNER=***
AIRFLOW_CTX_DAG_ID=mssql_dag
AIRFLOW_CTX_TASK_ID=query_receipt
AIRFLOW_CTX_EXECUTION_DATE=2024-10-10T03:40:28.542935+00:00
AIRFLOW_CTX_DAG_RUN_ID=manual__2024-10-10T03:40:28.542935+00:00
[2024-10-10 03:40:30,998] {logging_mixin.py:104} INFO - All records deleted from table 'tmp_receipt' successfully.
[2024-10-10 03:40:31,031] {logging_mixin.py:104} INFO - DataFrame is empty. No data to insert.
[2024-10-10 03:40:31,032] {python.py:151} INFO - Done. Returned value was: None
[2024-10-10 03:40:31,039] {taskinstance.py:1211} INFO - Marking task as SUCCESS. dag_id=mssql_dag, task_id=query_receipt, execution_date=20241010T034028, start_date=20241010T034029, end_date=20241010T034031
[2024-10-10 03:40:31,057] {taskinstance.py:1265} INFO - 1 downstream tasks scheduled from follow-on schedule check
[2024-10-10 03:40:31,078] {local_task_job.py:149} INFO - Task exited with return code 0
