[2024-10-09 16:32:38,653] {taskinstance.py:896} INFO - Dependencies all met for <TaskInstance: mssql_dag.print_receipt_detail 2024-10-09T16:32:35.985814+00:00 [queued]>
[2024-10-09 16:32:38,662] {taskinstance.py:896} INFO - Dependencies all met for <TaskInstance: mssql_dag.print_receipt_detail 2024-10-09T16:32:35.985814+00:00 [queued]>
[2024-10-09 16:32:38,663] {taskinstance.py:1087} INFO - 
--------------------------------------------------------------------------------
[2024-10-09 16:32:38,663] {taskinstance.py:1088} INFO - Starting attempt 1 of 2
[2024-10-09 16:32:38,664] {taskinstance.py:1089} INFO - 
--------------------------------------------------------------------------------
[2024-10-09 16:32:38,675] {taskinstance.py:1107} INFO - Executing <Task(PythonOperator): print_receipt_detail> on 2024-10-09T16:32:35.985814+00:00
[2024-10-09 16:32:38,679] {standard_task_runner.py:52} INFO - Started process 26348 to run task
[2024-10-09 16:32:38,682] {standard_task_runner.py:76} INFO - Running: ['***', 'tasks', 'run', 'mssql_dag', 'print_receipt_detail', '2024-10-09T16:32:35.985814+00:00', '--job-id', '141', '--pool', 'default_pool', '--raw', '--subdir', 'DAGS_FOLDER/mssql_dag.py', '--cfg-path', '/tmp/tmp3kog6gys', '--error-file', '/tmp/tmp7najj90f']
[2024-10-09 16:32:38,684] {standard_task_runner.py:77} INFO - Job 141: Subtask print_receipt_detail
[2024-10-09 16:32:38,718] {logging_mixin.py:104} INFO - Running <TaskInstance: mssql_dag.print_receipt_detail 2024-10-09T16:32:35.985814+00:00 [running]> on host da843a407010
[2024-10-09 16:32:38,752] {taskinstance.py:1302} INFO - Exporting the following env vars:
AIRFLOW_CTX_DAG_OWNER=***
AIRFLOW_CTX_DAG_ID=mssql_dag
AIRFLOW_CTX_TASK_ID=print_receipt_detail
AIRFLOW_CTX_EXECUTION_DATE=2024-10-09T16:32:35.985814+00:00
AIRFLOW_CTX_DAG_RUN_ID=manual__2024-10-09T16:32:35.985814+00:00
[2024-10-09 16:32:38,754] {python.py:151} INFO - Done. Returned value was: The DataFrame for table 'receipt' is empty.
[2024-10-09 16:32:38,772] {taskinstance.py:1211} INFO - Marking task as SUCCESS. dag_id=mssql_dag, task_id=print_receipt_detail, execution_date=20241009T163235, start_date=20241009T163238, end_date=20241009T163238
[2024-10-09 16:32:38,798] {taskinstance.py:1265} INFO - 1 downstream tasks scheduled from follow-on schedule check
[2024-10-09 16:32:38,814] {local_task_job.py:149} INFO - Task exited with return code 0
