[2024-10-10 13:33:02,129] {taskinstance.py:896} INFO - Dependencies all met for <TaskInstance: mssql_dag.clean2_contract 2024-10-10T13:32:50.661629+00:00 [queued]>
[2024-10-10 13:33:02,140] {taskinstance.py:896} INFO - Dependencies all met for <TaskInstance: mssql_dag.clean2_contract 2024-10-10T13:32:50.661629+00:00 [queued]>
[2024-10-10 13:33:02,140] {taskinstance.py:1087} INFO - 
--------------------------------------------------------------------------------
[2024-10-10 13:33:02,141] {taskinstance.py:1088} INFO - Starting attempt 1 of 2
[2024-10-10 13:33:02,141] {taskinstance.py:1089} INFO - 
--------------------------------------------------------------------------------
[2024-10-10 13:33:02,147] {taskinstance.py:1107} INFO - Executing <Task(PythonOperator): clean2_contract> on 2024-10-10T13:32:50.661629+00:00
[2024-10-10 13:33:02,153] {standard_task_runner.py:52} INFO - Started process 870 to run task
[2024-10-10 13:33:02,156] {standard_task_runner.py:76} INFO - Running: ['***', 'tasks', 'run', 'mssql_dag', 'clean2_contract', '2024-10-10T13:32:50.661629+00:00', '--job-id', '512', '--pool', 'default_pool', '--raw', '--subdir', 'DAGS_FOLDER/mssql_dag.py', '--cfg-path', '/tmp/tmpvmfzftog', '--error-file', '/tmp/tmp5wafr2kz']
[2024-10-10 13:33:02,159] {standard_task_runner.py:77} INFO - Job 512: Subtask clean2_contract
[2024-10-10 13:33:02,189] {logging_mixin.py:104} INFO - Running <TaskInstance: mssql_dag.clean2_contract 2024-10-10T13:32:50.661629+00:00 [running]> on host da843a407010
[2024-10-10 13:33:02,221] {taskinstance.py:1302} INFO - Exporting the following env vars:
AIRFLOW_CTX_DAG_OWNER=***
AIRFLOW_CTX_DAG_ID=mssql_dag
AIRFLOW_CTX_TASK_ID=clean2_contract
AIRFLOW_CTX_EXECUTION_DATE=2024-10-10T13:32:50.661629+00:00
AIRFLOW_CTX_DAG_RUN_ID=manual__2024-10-10T13:32:50.661629+00:00
[2024-10-10 13:33:02,280] {python.py:151} INFO - Done. Returned value was: None
[2024-10-10 13:33:02,287] {taskinstance.py:1211} INFO - Marking task as SUCCESS. dag_id=mssql_dag, task_id=clean2_contract, execution_date=20241010T133250, start_date=20241010T133302, end_date=20241010T133302
[2024-10-10 13:33:02,312] {taskinstance.py:1265} INFO - 1 downstream tasks scheduled from follow-on schedule check
[2024-10-10 13:33:02,328] {local_task_job.py:149} INFO - Task exited with return code 0
