[2024-10-10 03:45:25,282] {taskinstance.py:896} INFO - Dependencies all met for <TaskInstance: mssql_dag.print_receipt_detail 2024-10-10T03:45:21.156687+00:00 [queued]>
[2024-10-10 03:45:25,291] {taskinstance.py:896} INFO - Dependencies all met for <TaskInstance: mssql_dag.print_receipt_detail 2024-10-10T03:45:21.156687+00:00 [queued]>
[2024-10-10 03:45:25,291] {taskinstance.py:1087} INFO - 
--------------------------------------------------------------------------------
[2024-10-10 03:45:25,292] {taskinstance.py:1088} INFO - Starting attempt 1 of 2
[2024-10-10 03:45:25,292] {taskinstance.py:1089} INFO - 
--------------------------------------------------------------------------------
[2024-10-10 03:45:25,304] {taskinstance.py:1107} INFO - Executing <Task(PythonOperator): print_receipt_detail> on 2024-10-10T03:45:21.156687+00:00
[2024-10-10 03:45:25,308] {standard_task_runner.py:52} INFO - Started process 8770 to run task
[2024-10-10 03:45:25,312] {standard_task_runner.py:76} INFO - Running: ['***', 'tasks', 'run', 'mssql_dag', 'print_receipt_detail', '2024-10-10T03:45:21.156687+00:00', '--job-id', '375', '--pool', 'default_pool', '--raw', '--subdir', 'DAGS_FOLDER/mssql_dag.py', '--cfg-path', '/tmp/tmpr4_tiy41', '--error-file', '/tmp/tmp6cjckfxw']
[2024-10-10 03:45:25,315] {standard_task_runner.py:77} INFO - Job 375: Subtask print_receipt_detail
[2024-10-10 03:45:25,344] {logging_mixin.py:104} INFO - Running <TaskInstance: mssql_dag.print_receipt_detail 2024-10-10T03:45:21.156687+00:00 [running]> on host da843a407010
[2024-10-10 03:45:25,376] {taskinstance.py:1302} INFO - Exporting the following env vars:
AIRFLOW_CTX_DAG_OWNER=***
AIRFLOW_CTX_DAG_ID=mssql_dag
AIRFLOW_CTX_TASK_ID=print_receipt_detail
AIRFLOW_CTX_EXECUTION_DATE=2024-10-10T03:45:21.156687+00:00
AIRFLOW_CTX_DAG_RUN_ID=manual__2024-10-10T03:45:21.156687+00:00
[2024-10-10 03:45:25,412] {logging_mixin.py:104} INFO - The DataFrame for table 'receipt' is empty.
[2024-10-10 03:45:25,413] {logging_mixin.py:104} INFO - The DataFrame for table 'receipt' is empty.
[2024-10-10 03:45:25,413] {python.py:151} INFO - Done. Returned value was: None
[2024-10-10 03:45:25,420] {taskinstance.py:1211} INFO - Marking task as SUCCESS. dag_id=mssql_dag, task_id=print_receipt_detail, execution_date=20241010T034521, start_date=20241010T034525, end_date=20241010T034525
[2024-10-10 03:45:25,441] {taskinstance.py:1265} INFO - 1 downstream tasks scheduled from follow-on schedule check
[2024-10-10 03:45:25,483] {local_task_job.py:149} INFO - Task exited with return code 0
