[2024-10-10 05:02:20,392] {taskinstance.py:896} INFO - Dependencies all met for <TaskInstance: mssql_dag.clean2_receipt 2024-10-10T04:58:41.997410+00:00 [queued]>
[2024-10-10 05:02:20,399] {taskinstance.py:896} INFO - Dependencies all met for <TaskInstance: mssql_dag.clean2_receipt 2024-10-10T04:58:41.997410+00:00 [queued]>
[2024-10-10 05:02:20,400] {taskinstance.py:1087} INFO - 
--------------------------------------------------------------------------------
[2024-10-10 05:02:20,410] {taskinstance.py:1088} INFO - Starting attempt 1 of 2
[2024-10-10 05:02:20,421] {taskinstance.py:1089} INFO - 
--------------------------------------------------------------------------------
[2024-10-10 05:02:20,441] {taskinstance.py:1107} INFO - Executing <Task(PythonOperator): clean2_receipt> on 2024-10-10T04:58:41.997410+00:00
[2024-10-10 05:02:20,449] {standard_task_runner.py:52} INFO - Started process 46057 to run task
[2024-10-10 05:02:20,452] {standard_task_runner.py:76} INFO - Running: ['***', 'tasks', 'run', 'mssql_dag', 'clean2_receipt', '2024-10-10T04:58:41.997410+00:00', '--job-id', '498', '--pool', 'default_pool', '--raw', '--subdir', 'DAGS_FOLDER/mssql_dag.py', '--cfg-path', '/tmp/tmpnaqtvl0b', '--error-file', '/tmp/tmpr1fjpwe6']
[2024-10-10 05:02:20,456] {standard_task_runner.py:77} INFO - Job 498: Subtask clean2_receipt
[2024-10-10 05:02:20,485] {logging_mixin.py:104} INFO - Running <TaskInstance: mssql_dag.clean2_receipt 2024-10-10T04:58:41.997410+00:00 [running]> on host da843a407010
[2024-10-10 05:02:20,515] {taskinstance.py:1302} INFO - Exporting the following env vars:
AIRFLOW_CTX_DAG_OWNER=***
AIRFLOW_CTX_DAG_ID=mssql_dag
AIRFLOW_CTX_TASK_ID=clean2_receipt
AIRFLOW_CTX_EXECUTION_DATE=2024-10-10T04:58:41.997410+00:00
AIRFLOW_CTX_DAG_RUN_ID=manual__2024-10-10T04:58:41.997410+00:00
[2024-10-10 05:02:22,856] {python.py:151} INFO - Done. Returned value was: None
[2024-10-10 05:02:22,866] {taskinstance.py:1211} INFO - Marking task as SUCCESS. dag_id=mssql_dag, task_id=clean2_receipt, execution_date=20241010T045841, start_date=20241010T050220, end_date=20241010T050222
[2024-10-10 05:02:22,887] {taskinstance.py:1265} INFO - 1 downstream tasks scheduled from follow-on schedule check
[2024-10-10 05:02:22,915] {local_task_job.py:149} INFO - Task exited with return code 0
