[2024-10-10 04:34:40,310] {taskinstance.py:896} INFO - Dependencies all met for <TaskInstance: mssql_dag.query_contract 2024-10-10T04:34:38.858179+00:00 [queued]>
[2024-10-10 04:34:40,319] {taskinstance.py:896} INFO - Dependencies all met for <TaskInstance: mssql_dag.query_contract 2024-10-10T04:34:38.858179+00:00 [queued]>
[2024-10-10 04:34:40,319] {taskinstance.py:1087} INFO - 
--------------------------------------------------------------------------------
[2024-10-10 04:34:40,320] {taskinstance.py:1088} INFO - Starting attempt 1 of 2
[2024-10-10 04:34:40,321] {taskinstance.py:1089} INFO - 
--------------------------------------------------------------------------------
[2024-10-10 04:34:40,329] {taskinstance.py:1107} INFO - Executing <Task(PythonOperator): query_contract> on 2024-10-10T04:34:38.858179+00:00
[2024-10-10 04:34:40,336] {standard_task_runner.py:52} INFO - Started process 30987 to run task
[2024-10-10 04:34:40,339] {standard_task_runner.py:76} INFO - Running: ['***', 'tasks', 'run', 'mssql_dag', 'query_contract', '2024-10-10T04:34:38.858179+00:00', '--job-id', '430', '--pool', 'default_pool', '--raw', '--subdir', 'DAGS_FOLDER/mssql_dag.py', '--cfg-path', '/tmp/tmp3v2w6wk2', '--error-file', '/tmp/tmp_ctshl4q']
[2024-10-10 04:34:40,342] {standard_task_runner.py:77} INFO - Job 430: Subtask query_contract
[2024-10-10 04:34:40,382] {logging_mixin.py:104} INFO - Running <TaskInstance: mssql_dag.query_contract 2024-10-10T04:34:38.858179+00:00 [running]> on host da843a407010
[2024-10-10 04:34:40,418] {taskinstance.py:1302} INFO - Exporting the following env vars:
AIRFLOW_CTX_DAG_OWNER=***
AIRFLOW_CTX_DAG_ID=mssql_dag
AIRFLOW_CTX_TASK_ID=query_contract
AIRFLOW_CTX_EXECUTION_DATE=2024-10-10T04:34:38.858179+00:00
AIRFLOW_CTX_DAG_RUN_ID=manual__2024-10-10T04:34:38.858179+00:00
[2024-10-10 04:34:40,870] {logging_mixin.py:104} INFO - All records deleted from table 'tmp_contract' successfully.
[2024-10-10 04:34:42,238] {logging_mixin.py:104} INFO - Inserted 500 records into tmp_contract successfully.
[2024-10-10 04:34:42,239] {python.py:151} INFO - Done. Returned value was: None
[2024-10-10 04:34:42,245] {taskinstance.py:1211} INFO - Marking task as SUCCESS. dag_id=mssql_dag, task_id=query_contract, execution_date=20241010T043438, start_date=20241010T043440, end_date=20241010T043442
[2024-10-10 04:34:42,266] {taskinstance.py:1265} INFO - 1 downstream tasks scheduled from follow-on schedule check
[2024-10-10 04:34:42,278] {local_task_job.py:149} INFO - Task exited with return code 0
