[2024-10-10 03:29:48,857] {taskinstance.py:896} INFO - Dependencies all met for <TaskInstance: mssql_dag.clean_member 2024-10-10T03:29:43.702036+00:00 [queued]>
[2024-10-10 03:29:48,865] {taskinstance.py:896} INFO - Dependencies all met for <TaskInstance: mssql_dag.clean_member 2024-10-10T03:29:43.702036+00:00 [queued]>
[2024-10-10 03:29:48,866] {taskinstance.py:1087} INFO - 
--------------------------------------------------------------------------------
[2024-10-10 03:29:48,866] {taskinstance.py:1088} INFO - Starting attempt 1 of 2
[2024-10-10 03:29:48,867] {taskinstance.py:1089} INFO - 
--------------------------------------------------------------------------------
[2024-10-10 03:29:48,878] {taskinstance.py:1107} INFO - Executing <Task(PythonOperator): clean_member> on 2024-10-10T03:29:43.702036+00:00
[2024-10-10 03:29:48,884] {standard_task_runner.py:52} INFO - Started process 99414 to run task
[2024-10-10 03:29:48,889] {standard_task_runner.py:76} INFO - Running: ['***', 'tasks', 'run', 'mssql_dag', 'clean_member', '2024-10-10T03:29:43.702036+00:00', '--job-id', '307', '--pool', 'default_pool', '--raw', '--subdir', 'DAGS_FOLDER/mssql_dag.py', '--cfg-path', '/tmp/tmpr2y385xl', '--error-file', '/tmp/tmpnh0h3nju']
[2024-10-10 03:29:48,893] {standard_task_runner.py:77} INFO - Job 307: Subtask clean_member
[2024-10-10 03:29:48,934] {logging_mixin.py:104} INFO - Running <TaskInstance: mssql_dag.clean_member 2024-10-10T03:29:43.702036+00:00 [running]> on host da843a407010
[2024-10-10 03:29:48,983] {taskinstance.py:1302} INFO - Exporting the following env vars:
AIRFLOW_CTX_DAG_OWNER=***
AIRFLOW_CTX_DAG_ID=mssql_dag
AIRFLOW_CTX_TASK_ID=clean_member
AIRFLOW_CTX_EXECUTION_DATE=2024-10-10T03:29:43.702036+00:00
AIRFLOW_CTX_DAG_RUN_ID=manual__2024-10-10T03:29:43.702036+00:00
[2024-10-10 03:29:49,040] {logging_mixin.py:104} INFO - Cleaned member table:
[2024-10-10 03:29:49,096] {logging_mixin.py:104} INFO -     MAST_MEMB_NO MAST_MEMB_DEPT  ... MAST_GUIDE_MEMB_NO POST_DATETIME
0          44.0           1154  ...               NULL          NULL
1          48.0           1156  ...               NULL          NULL
2          49.0           1156  ...               NULL          NULL
3          50.0           1156  ...               NULL          NULL
4          56.0           1156  ...               NULL          NULL

[5 rows x 86 columns]
[2024-10-10 03:29:49,101] {python.py:151} INFO - Done. Returned value was: None
[2024-10-10 03:29:49,108] {taskinstance.py:1211} INFO - Marking task as SUCCESS. dag_id=mssql_dag, task_id=clean_member, execution_date=20241010T032943, start_date=20241010T032948, end_date=20241010T032949
[2024-10-10 03:29:49,128] {taskinstance.py:1265} INFO - 1 downstream tasks scheduled from follow-on schedule check
[2024-10-10 03:29:49,140] {local_task_job.py:149} INFO - Task exited with return code 0
