[2024-10-10 03:32:37,611] {taskinstance.py:896} INFO - Dependencies all met for <TaskInstance: mssql_dag.query_member 2024-10-10T03:32:35.890070+00:00 [queued]>
[2024-10-10 03:32:37,620] {taskinstance.py:896} INFO - Dependencies all met for <TaskInstance: mssql_dag.query_member 2024-10-10T03:32:35.890070+00:00 [queued]>
[2024-10-10 03:32:37,621] {taskinstance.py:1087} INFO - 
--------------------------------------------------------------------------------
[2024-10-10 03:32:37,622] {taskinstance.py:1088} INFO - Starting attempt 1 of 2
[2024-10-10 03:32:37,622] {taskinstance.py:1089} INFO - 
--------------------------------------------------------------------------------
[2024-10-10 03:32:37,634] {taskinstance.py:1107} INFO - Executing <Task(PythonOperator): query_member> on 2024-10-10T03:32:35.890070+00:00
[2024-10-10 03:32:37,639] {standard_task_runner.py:52} INFO - Started process 1280 to run task
[2024-10-10 03:32:37,641] {standard_task_runner.py:76} INFO - Running: ['***', 'tasks', 'run', 'mssql_dag', 'query_member', '2024-10-10T03:32:35.890070+00:00', '--job-id', '315', '--pool', 'default_pool', '--raw', '--subdir', 'DAGS_FOLDER/mssql_dag.py', '--cfg-path', '/tmp/tmpqm70crbs', '--error-file', '/tmp/tmpd0iamm76']
[2024-10-10 03:32:37,645] {standard_task_runner.py:77} INFO - Job 315: Subtask query_member
[2024-10-10 03:32:37,681] {logging_mixin.py:104} INFO - Running <TaskInstance: mssql_dag.query_member 2024-10-10T03:32:35.890070+00:00 [running]> on host da843a407010
[2024-10-10 03:32:37,713] {taskinstance.py:1302} INFO - Exporting the following env vars:
AIRFLOW_CTX_DAG_OWNER=***
AIRFLOW_CTX_DAG_ID=mssql_dag
AIRFLOW_CTX_TASK_ID=query_member
AIRFLOW_CTX_EXECUTION_DATE=2024-10-10T03:32:35.890070+00:00
AIRFLOW_CTX_DAG_RUN_ID=manual__2024-10-10T03:32:35.890070+00:00
[2024-10-10 03:32:37,789] {logging_mixin.py:104} INFO - All records deleted from table 'tmp_member' successfully.
[2024-10-10 03:32:37,809] {logging_mixin.py:104} INFO - DataFrame is empty. No data to insert.
[2024-10-10 03:32:37,809] {python.py:151} INFO - Done. Returned value was: None
[2024-10-10 03:32:37,816] {taskinstance.py:1211} INFO - Marking task as SUCCESS. dag_id=mssql_dag, task_id=query_member, execution_date=20241010T033235, start_date=20241010T033237, end_date=20241010T033237
[2024-10-10 03:32:37,836] {taskinstance.py:1265} INFO - 1 downstream tasks scheduled from follow-on schedule check
[2024-10-10 03:32:37,855] {local_task_job.py:149} INFO - Task exited with return code 0
