[2024-10-10 04:58:46,804] {taskinstance.py:896} INFO - Dependencies all met for <TaskInstance: mssql_dag.check_null_member 2024-10-10T04:58:41.997410+00:00 [queued]>
[2024-10-10 04:58:46,813] {taskinstance.py:896} INFO - Dependencies all met for <TaskInstance: mssql_dag.check_null_member 2024-10-10T04:58:41.997410+00:00 [queued]>
[2024-10-10 04:58:46,813] {taskinstance.py:1087} INFO - 
--------------------------------------------------------------------------------
[2024-10-10 04:58:46,814] {taskinstance.py:1088} INFO - Starting attempt 1 of 2
[2024-10-10 04:58:46,814] {taskinstance.py:1089} INFO - 
--------------------------------------------------------------------------------
[2024-10-10 04:58:46,824] {taskinstance.py:1107} INFO - Executing <Task(PythonOperator): check_null_member> on 2024-10-10T04:58:41.997410+00:00
[2024-10-10 04:58:46,829] {standard_task_runner.py:52} INFO - Started process 44068 to run task
[2024-10-10 04:58:46,832] {standard_task_runner.py:76} INFO - Running: ['***', 'tasks', 'run', 'mssql_dag', 'check_null_member', '2024-10-10T04:58:41.997410+00:00', '--job-id', '487', '--pool', 'default_pool', '--raw', '--subdir', 'DAGS_FOLDER/mssql_dag.py', '--cfg-path', '/tmp/tmp9uqovrqd', '--error-file', '/tmp/tmpqgasrfqx']
[2024-10-10 04:58:46,835] {standard_task_runner.py:77} INFO - Job 487: Subtask check_null_member
[2024-10-10 04:58:46,870] {logging_mixin.py:104} INFO - Running <TaskInstance: mssql_dag.check_null_member 2024-10-10T04:58:41.997410+00:00 [running]> on host da843a407010
[2024-10-10 04:58:46,905] {taskinstance.py:1302} INFO - Exporting the following env vars:
AIRFLOW_CTX_DAG_OWNER=***
AIRFLOW_CTX_DAG_ID=mssql_dag
AIRFLOW_CTX_TASK_ID=check_null_member
AIRFLOW_CTX_EXECUTION_DATE=2024-10-10T04:58:41.997410+00:00
AIRFLOW_CTX_DAG_RUN_ID=manual__2024-10-10T04:58:41.997410+00:00
[2024-10-10 04:58:46,951] {logging_mixin.py:104} INFO - MAST_MEMB_NO          0
MAST_MEMB_DEPT        0
MAST_DEPT_BRH         0
MAST_ZIP              0
MAST_BIRTH_YMD        0
                     ..
MAST_WORK_DATE        0
MAST_EMP_TYPE         0
MAST_RISK_STS         0
MAST_GUIDE_MEMB_NO    0
POST_DATETIME         0
Length: 85, dtype: int64
[2024-10-10 04:58:46,952] {python.py:151} INFO - Done. Returned value was: None
[2024-10-10 04:58:46,958] {taskinstance.py:1211} INFO - Marking task as SUCCESS. dag_id=mssql_dag, task_id=check_null_member, execution_date=20241010T045841, start_date=20241010T045846, end_date=20241010T045846
[2024-10-10 04:58:46,977] {taskinstance.py:1265} INFO - 1 downstream tasks scheduled from follow-on schedule check
[2024-10-10 04:58:47,004] {local_task_job.py:149} INFO - Task exited with return code 0
