[2024-10-10 16:16:59,318] {taskinstance.py:896} INFO - Dependencies all met for <TaskInstance: mssql_dag.check_null_member 2024-10-10T16:16:53.768447+00:00 [queued]>
[2024-10-10 16:16:59,331] {taskinstance.py:896} INFO - Dependencies all met for <TaskInstance: mssql_dag.check_null_member 2024-10-10T16:16:53.768447+00:00 [queued]>
[2024-10-10 16:16:59,331] {taskinstance.py:1087} INFO - 
--------------------------------------------------------------------------------
[2024-10-10 16:16:59,332] {taskinstance.py:1088} INFO - Starting attempt 1 of 2
[2024-10-10 16:16:59,332] {taskinstance.py:1089} INFO - 
--------------------------------------------------------------------------------
[2024-10-10 16:16:59,339] {taskinstance.py:1107} INFO - Executing <Task(PythonOperator): check_null_member> on 2024-10-10T16:16:53.768447+00:00
[2024-10-10 16:16:59,344] {standard_task_runner.py:52} INFO - Started process 83618 to run task
[2024-10-10 16:16:59,347] {standard_task_runner.py:76} INFO - Running: ['***', 'tasks', 'run', 'mssql_dag', 'check_null_member', '2024-10-10T16:16:53.768447+00:00', '--job-id', '548', '--pool', 'default_pool', '--raw', '--subdir', 'DAGS_FOLDER/mssql_dag.py', '--cfg-path', '/tmp/tmp15t9tstb', '--error-file', '/tmp/tmpaz1a82cn']
[2024-10-10 16:16:59,351] {standard_task_runner.py:77} INFO - Job 548: Subtask check_null_member
[2024-10-10 16:16:59,383] {logging_mixin.py:104} INFO - Running <TaskInstance: mssql_dag.check_null_member 2024-10-10T16:16:53.768447+00:00 [running]> on host da843a407010
[2024-10-10 16:16:59,426] {taskinstance.py:1302} INFO - Exporting the following env vars:
AIRFLOW_CTX_DAG_OWNER=***
AIRFLOW_CTX_DAG_ID=mssql_dag
AIRFLOW_CTX_TASK_ID=check_null_member
AIRFLOW_CTX_EXECUTION_DATE=2024-10-10T16:16:53.768447+00:00
AIRFLOW_CTX_DAG_RUN_ID=manual__2024-10-10T16:16:53.768447+00:00
[2024-10-10 16:16:59,472] {logging_mixin.py:104} INFO - MAST_MEMB_NO          0
MAST_MEMB_DEPT        0
MAST_DEPT_BRH         0
MAST_ZIP              0
MAST_BIRTH_YMD        0
                     ..
MAST_WORK_DATE        0
MAST_EMP_TYPE         0
MAST_RISK_STS         0
MAST_GUIDE_MEMB_NO    0
POST_DATETIME         0
Length: 85, dtype: int64
[2024-10-10 16:16:59,472] {python.py:151} INFO - Done. Returned value was: None
[2024-10-10 16:16:59,480] {taskinstance.py:1211} INFO - Marking task as SUCCESS. dag_id=mssql_dag, task_id=check_null_member, execution_date=20241010T161653, start_date=20241010T161659, end_date=20241010T161659
[2024-10-10 16:16:59,503] {taskinstance.py:1265} INFO - 1 downstream tasks scheduled from follow-on schedule check
[2024-10-10 16:16:59,519] {local_task_job.py:149} INFO - Task exited with return code 0
