[2024-10-10 05:02:23,690] {taskinstance.py:896} INFO - Dependencies all met for <TaskInstance: mssql_dag.print_receipt_detail_second 2024-10-10T04:58:41.997410+00:00 [queued]>
[2024-10-10 05:02:23,697] {taskinstance.py:896} INFO - Dependencies all met for <TaskInstance: mssql_dag.print_receipt_detail_second 2024-10-10T04:58:41.997410+00:00 [queued]>
[2024-10-10 05:02:23,699] {taskinstance.py:1087} INFO - 
--------------------------------------------------------------------------------
[2024-10-10 05:02:23,707] {taskinstance.py:1088} INFO - Starting attempt 1 of 2
[2024-10-10 05:02:23,712] {taskinstance.py:1089} INFO - 
--------------------------------------------------------------------------------
[2024-10-10 05:02:23,749] {taskinstance.py:1107} INFO - Executing <Task(PythonOperator): print_receipt_detail_second> on 2024-10-10T04:58:41.997410+00:00
[2024-10-10 05:02:23,760] {standard_task_runner.py:52} INFO - Started process 46074 to run task
[2024-10-10 05:02:23,765] {standard_task_runner.py:76} INFO - Running: ['***', 'tasks', 'run', 'mssql_dag', 'print_receipt_detail_second', '2024-10-10T04:58:41.997410+00:00', '--job-id', '499', '--pool', 'default_pool', '--raw', '--subdir', 'DAGS_FOLDER/mssql_dag.py', '--cfg-path', '/tmp/tmpoboxd06h', '--error-file', '/tmp/tmp56506ycu']
[2024-10-10 05:02:23,771] {standard_task_runner.py:77} INFO - Job 499: Subtask print_receipt_detail_second
[2024-10-10 05:02:23,826] {logging_mixin.py:104} INFO - Running <TaskInstance: mssql_dag.print_receipt_detail_second 2024-10-10T04:58:41.997410+00:00 [running]> on host da843a407010
[2024-10-10 05:02:23,879] {taskinstance.py:1302} INFO - Exporting the following env vars:
AIRFLOW_CTX_DAG_OWNER=***
AIRFLOW_CTX_DAG_ID=mssql_dag
AIRFLOW_CTX_TASK_ID=print_receipt_detail_second
AIRFLOW_CTX_EXECUTION_DATE=2024-10-10T04:58:41.997410+00:00
AIRFLOW_CTX_DAG_RUN_ID=manual__2024-10-10T04:58:41.997410+00:00
[2024-10-10 05:02:26,077] {logging_mixin.py:104} INFO -        PAY_ID PAY_MEMB_NO PAY_TYPE  ... PAY_REF_ID PAY_PERD_AMT PAY_COND_TYPE
0  1610003122         312        2  ...       NULL         2300             2
1  1802003112         311        2  ...       NULL        26000             2
2  1903000182          18        2  ...       NULL         NULL          NULL
3  1907003772         377        2  ...       NULL         NULL          NULL
4  1912001093         109        3  ...       NULL         NULL          NULL

[5 rows x 46 columns]
[2024-10-10 05:02:26,156] {logging_mixin.py:104} INFO - <class 'pandas.core.frame.DataFrame'>
RangeIndex: 70302 entries, 0 to 70301
Data columns (total 46 columns):
 #   Column             Non-Null Count  Dtype 
---  ------             --------------  ----- 
 0   PAY_ID             70302 non-null  object
 1   PAY_MEMB_NO        70302 non-null  object
 2   PAY_TYPE           70302 non-null  object
 3   PAY_DOC_NO         70302 non-null  object
 4   PAY_SAVING_DOC_NO  70302 non-null  object
 5   PAY_DATE           70302 non-null  object
 6   PAY_DUE_DATE       70302 non-null  object
 7   PAY_OP_CODE1       70302 non-null  object
 8   PAY_OP_CODE2       70302 non-null  object
 9   PAY_ACC_NO         70302 non-null  object
 10  PAY_OLD_SHR        70302 non-null  int64 
 11  PAY_OLD_INT        70302 non-null  int64 
 12  PAY_SAVE_STS       70302 non-null  int64 
 13  PAY_BANK_TYPE      70302 non-null  int64 
 14  PAY_MEMB_DEPT      70302 non-null  int64 
 15  PAY_USER_ID        70302 non-null  int64 
 16  PAY_FINE_AMT       70302 non-null  object
 17  PAY_OVER_AMT       70302 non-null  object
 18  PAY_PRINT_DATE     70302 non-null  object
 19  PAY_PRINT_OP_CODE  70302 non-null  object
 20  POST_DATETIME      70302 non-null  object
 21  PAY_ITEM           70302 non-null  int64 
 22  PAY_PROM_TYPE      70302 non-null  int64 
 23  PAY_PROM_YY        70302 non-null  object
 24  PAY_PROM_NO        70302 non-null  object
 25  PAY_PROM_BRH       70302 non-null  object
 26  PAY_PERD           70302 non-null  int64 
 27  PAY_AMT1           70302 non-null  int64 
 28  PAY_AMT2           70302 non-null  int64 
 29  PAY_RECV_AMT1      70302 non-null  int64 
 30  PAY_RECV_AMT2      70302 non-null  int64 
 31  PAY_MONTH_AMT1     70302 non-null  int64 
 32  PAY_MONTH_AMT2     70302 non-null  int64 
 33  PAY_ACC_AMT1       70302 non-null  int64 
 34  PAY_ACC_AMT2       70302 non-null  int64 
 35  PAY_RET_AMT2       70302 non-null  int64 
 36  PAY_OLD_BAL        70302 non-null  int64 
 37  PAY_ACCU_INT       70302 non-null  int64 
 38  PAY_PROM_STS       70302 non-null  object
 39  PAY_PROM_INT       70302 non-null  object
 40  PAY_RINT_AMT       70302 non-null  object
 41  PAY_DESC           70302 non-null  object
 42  PAY_REF_NO         70302 non-null  object
 43  PAY_REF_ID         70302 non-null  object
 44  PAY_PERD_AMT       70302 non-null  object
 45  PAY_COND_TYPE      70302 non-null  object
dtypes: int64(20), object(26)
memory usage: 24.7+ MB
[2024-10-10 05:02:26,157] {logging_mixin.py:104} INFO - None
[2024-10-10 05:02:26,222] {logging_mixin.py:104} INFO -         PAY_OLD_SHR    PAY_OLD_INT  ...   PAY_OLD_BAL  PAY_ACCU_INT
count  7.030200e+04   70302.000000  ...  7.030200e+04   70302.00000
mean   6.538318e+05    8883.410913  ...  3.885224e+05       6.40565
std    5.783989e+05   13842.066826  ...  4.869444e+05      62.33351
min    1.146500e+05       0.000000  ...  0.000000e+00       0.00000
25%    3.253600e+05       0.000000  ...  6.145275e+04       0.00000
50%    4.272100e+05    4082.000000  ...  2.829080e+05       0.00000
75%    6.636000e+05   11203.000000  ...  4.646742e+05       0.00000
max    3.667410e+06  152899.000000  ...  3.667410e+06    2955.00000

[8 rows x 20 columns]
[2024-10-10 05:02:26,223] {python.py:151} INFO - Done. Returned value was: None
[2024-10-10 05:02:26,234] {taskinstance.py:1211} INFO - Marking task as SUCCESS. dag_id=mssql_dag, task_id=print_receipt_detail_second, execution_date=20241010T045841, start_date=20241010T050223, end_date=20241010T050226
[2024-10-10 05:02:26,250] {taskinstance.py:1265} INFO - 0 downstream tasks scheduled from follow-on schedule check
[2024-10-10 05:02:26,270] {local_task_job.py:149} INFO - Task exited with return code 0
