[2024-10-10 05:00:35,578] {taskinstance.py:896} INFO - Dependencies all met for <TaskInstance: mssql_dag.clean1_receipt 2024-10-10T04:58:41.997410+00:00 [queued]>
[2024-10-10 05:00:35,586] {taskinstance.py:896} INFO - Dependencies all met for <TaskInstance: mssql_dag.clean1_receipt 2024-10-10T04:58:41.997410+00:00 [queued]>
[2024-10-10 05:00:35,587] {taskinstance.py:1087} INFO - 
--------------------------------------------------------------------------------
[2024-10-10 05:00:35,588] {taskinstance.py:1088} INFO - Starting attempt 1 of 2
[2024-10-10 05:00:35,589] {taskinstance.py:1089} INFO - 
--------------------------------------------------------------------------------
[2024-10-10 05:00:35,601] {taskinstance.py:1107} INFO - Executing <Task(PythonOperator): clean1_receipt> on 2024-10-10T04:58:41.997410+00:00
[2024-10-10 05:00:35,606] {standard_task_runner.py:52} INFO - Started process 45145 to run task
[2024-10-10 05:00:35,609] {standard_task_runner.py:76} INFO - Running: ['***', 'tasks', 'run', 'mssql_dag', 'clean1_receipt', '2024-10-10T04:58:41.997410+00:00', '--job-id', '497', '--pool', 'default_pool', '--raw', '--subdir', 'DAGS_FOLDER/mssql_dag.py', '--cfg-path', '/tmp/tmpv_2z1kln', '--error-file', '/tmp/tmpu6jlvqao']
[2024-10-10 05:00:35,611] {standard_task_runner.py:77} INFO - Job 497: Subtask clean1_receipt
[2024-10-10 05:00:35,638] {logging_mixin.py:104} INFO - Running <TaskInstance: mssql_dag.clean1_receipt 2024-10-10T04:58:41.997410+00:00 [running]> on host da843a407010
[2024-10-10 05:00:35,665] {taskinstance.py:1302} INFO - Exporting the following env vars:
AIRFLOW_CTX_DAG_OWNER=***
AIRFLOW_CTX_DAG_ID=mssql_dag
AIRFLOW_CTX_TASK_ID=clean1_receipt
AIRFLOW_CTX_EXECUTION_DATE=2024-10-10T04:58:41.997410+00:00
AIRFLOW_CTX_DAG_RUN_ID=manual__2024-10-10T04:58:41.997410+00:00
[2024-10-10 05:02:19,712] {logging_mixin.py:104} INFO - Inserted 35151 records into tmp_receipt successfully.
[2024-10-10 05:02:19,727] {python.py:151} INFO - Done. Returned value was: None
[2024-10-10 05:02:19,735] {taskinstance.py:1211} INFO - Marking task as SUCCESS. dag_id=mssql_dag, task_id=clean1_receipt, execution_date=20241010T045841, start_date=20241010T050035, end_date=20241010T050219
[2024-10-10 05:02:19,753] {taskinstance.py:1265} INFO - 1 downstream tasks scheduled from follow-on schedule check
[2024-10-10 05:02:19,769] {local_task_job.py:149} INFO - Task exited with return code 0
