[2024-10-10 03:40:30,453] {taskinstance.py:896} INFO - Dependencies all met for <TaskInstance: mssql_dag.print_member_detail 2024-10-10T03:40:28.542935+00:00 [queued]>
[2024-10-10 03:40:30,460] {taskinstance.py:896} INFO - Dependencies all met for <TaskInstance: mssql_dag.print_member_detail 2024-10-10T03:40:28.542935+00:00 [queued]>
[2024-10-10 03:40:30,461] {taskinstance.py:1087} INFO - 
--------------------------------------------------------------------------------
[2024-10-10 03:40:30,461] {taskinstance.py:1088} INFO - Starting attempt 1 of 2
[2024-10-10 03:40:30,462] {taskinstance.py:1089} INFO - 
--------------------------------------------------------------------------------
[2024-10-10 03:40:30,473] {taskinstance.py:1107} INFO - Executing <Task(PythonOperator): print_member_detail> on 2024-10-10T03:40:28.542935+00:00
[2024-10-10 03:40:30,478] {standard_task_runner.py:52} INFO - Started process 5773 to run task
[2024-10-10 03:40:30,482] {standard_task_runner.py:76} INFO - Running: ['***', 'tasks', 'run', 'mssql_dag', 'print_member_detail', '2024-10-10T03:40:28.542935+00:00', '--job-id', '345', '--pool', 'default_pool', '--raw', '--subdir', 'DAGS_FOLDER/mssql_dag.py', '--cfg-path', '/tmp/tmp717t7jnw', '--error-file', '/tmp/tmpxg2qre6n']
[2024-10-10 03:40:30,485] {standard_task_runner.py:77} INFO - Job 345: Subtask print_member_detail
[2024-10-10 03:40:30,518] {logging_mixin.py:104} INFO - Running <TaskInstance: mssql_dag.print_member_detail 2024-10-10T03:40:28.542935+00:00 [running]> on host da843a407010
[2024-10-10 03:40:30,552] {taskinstance.py:1302} INFO - Exporting the following env vars:
AIRFLOW_CTX_DAG_OWNER=***
AIRFLOW_CTX_DAG_ID=mssql_dag
AIRFLOW_CTX_TASK_ID=print_member_detail
AIRFLOW_CTX_EXECUTION_DATE=2024-10-10T03:40:28.542935+00:00
AIRFLOW_CTX_DAG_RUN_ID=manual__2024-10-10T03:40:28.542935+00:00
[2024-10-10 03:40:30,584] {logging_mixin.py:104} INFO - The DataFrame for table 'member' is empty.
[2024-10-10 03:40:30,585] {logging_mixin.py:104} INFO - The DataFrame for table 'member' is empty.
[2024-10-10 03:40:30,586] {python.py:151} INFO - Done. Returned value was: None
[2024-10-10 03:40:30,593] {taskinstance.py:1211} INFO - Marking task as SUCCESS. dag_id=mssql_dag, task_id=print_member_detail, execution_date=20241010T034028, start_date=20241010T034030, end_date=20241010T034030
[2024-10-10 03:40:30,612] {taskinstance.py:1265} INFO - 1 downstream tasks scheduled from follow-on schedule check
[2024-10-10 03:40:30,654] {local_task_job.py:149} INFO - Task exited with return code 0
