[2024-10-10 03:37:50,898] {taskinstance.py:896} INFO - Dependencies all met for <TaskInstance: mssql_dag.check_null_contract 2024-10-10T03:37:46.554834+00:00 [queued]>
[2024-10-10 03:37:50,906] {taskinstance.py:896} INFO - Dependencies all met for <TaskInstance: mssql_dag.check_null_contract 2024-10-10T03:37:46.554834+00:00 [queued]>
[2024-10-10 03:37:50,907] {taskinstance.py:1087} INFO - 
--------------------------------------------------------------------------------
[2024-10-10 03:37:50,907] {taskinstance.py:1088} INFO - Starting attempt 1 of 2
[2024-10-10 03:37:50,907] {taskinstance.py:1089} INFO - 
--------------------------------------------------------------------------------
[2024-10-10 03:37:50,916] {taskinstance.py:1107} INFO - Executing <Task(PythonOperator): check_null_contract> on 2024-10-10T03:37:46.554834+00:00
[2024-10-10 03:37:50,920] {standard_task_runner.py:52} INFO - Started process 4202 to run task
[2024-10-10 03:37:50,923] {standard_task_runner.py:76} INFO - Running: ['***', 'tasks', 'run', 'mssql_dag', 'check_null_contract', '2024-10-10T03:37:46.554834+00:00', '--job-id', '334', '--pool', 'default_pool', '--raw', '--subdir', 'DAGS_FOLDER/mssql_dag.py', '--cfg-path', '/tmp/tmp9j8sfhcp', '--error-file', '/tmp/tmp_v4f13ls']
[2024-10-10 03:37:50,925] {standard_task_runner.py:77} INFO - Job 334: Subtask check_null_contract
[2024-10-10 03:37:50,952] {logging_mixin.py:104} INFO - Running <TaskInstance: mssql_dag.check_null_contract 2024-10-10T03:37:46.554834+00:00 [running]> on host da843a407010
[2024-10-10 03:37:50,985] {taskinstance.py:1302} INFO - Exporting the following env vars:
AIRFLOW_CTX_DAG_OWNER=***
AIRFLOW_CTX_DAG_ID=mssql_dag
AIRFLOW_CTX_TASK_ID=check_null_contract
AIRFLOW_CTX_EXECUTION_DATE=2024-10-10T03:37:46.554834+00:00
AIRFLOW_CTX_DAG_RUN_ID=manual__2024-10-10T03:37:46.554834+00:00
[2024-10-10 03:37:50,986] {python.py:151} INFO - Done. Returned value was: No DataFrame found for Empty DataFrame
Columns: []
Index: []
[2024-10-10 03:37:51,002] {taskinstance.py:1211} INFO - Marking task as SUCCESS. dag_id=mssql_dag, task_id=check_null_contract, execution_date=20241010T033746, start_date=20241010T033750, end_date=20241010T033751
[2024-10-10 03:37:51,023] {taskinstance.py:1265} INFO - 1 downstream tasks scheduled from follow-on schedule check
[2024-10-10 03:37:51,054] {local_task_job.py:149} INFO - Task exited with return code 0
