[2024-10-09 08:42:04,921] {taskinstance.py:896} INFO - Dependencies all met for <TaskInstance: mssql_dag.query_member 2024-10-09T08:42:04.227431+00:00 [queued]>
[2024-10-09 08:42:04,928] {taskinstance.py:896} INFO - Dependencies all met for <TaskInstance: mssql_dag.query_member 2024-10-09T08:42:04.227431+00:00 [queued]>
[2024-10-09 08:42:04,928] {taskinstance.py:1087} INFO - 
--------------------------------------------------------------------------------
[2024-10-09 08:42:04,928] {taskinstance.py:1088} INFO - Starting attempt 1 of 2
[2024-10-09 08:42:04,929] {taskinstance.py:1089} INFO - 
--------------------------------------------------------------------------------
[2024-10-09 08:42:04,938] {taskinstance.py:1107} INFO - Executing <Task(PythonOperator): query_member> on 2024-10-09T08:42:04.227431+00:00
[2024-10-09 08:42:04,942] {standard_task_runner.py:52} INFO - Started process 86779 to run task
[2024-10-09 08:42:04,945] {standard_task_runner.py:76} INFO - Running: ['***', 'tasks', 'run', 'mssql_dag', 'query_member', '2024-10-09T08:42:04.227431+00:00', '--job-id', '12', '--pool', 'default_pool', '--raw', '--subdir', 'DAGS_FOLDER/mssql_dag.py', '--cfg-path', '/tmp/tmpmun5267n', '--error-file', '/tmp/tmprk1jcnvj']
[2024-10-09 08:42:04,948] {standard_task_runner.py:77} INFO - Job 12: Subtask query_member
[2024-10-09 08:42:04,977] {logging_mixin.py:104} INFO - Running <TaskInstance: mssql_dag.query_member 2024-10-09T08:42:04.227431+00:00 [running]> on host da843a407010
[2024-10-09 08:42:05,009] {taskinstance.py:1302} INFO - Exporting the following env vars:
AIRFLOW_CTX_DAG_OWNER=***
AIRFLOW_CTX_DAG_ID=mssql_dag
AIRFLOW_CTX_TASK_ID=query_member
AIRFLOW_CTX_EXECUTION_DATE=2024-10-09T08:42:04.227431+00:00
AIRFLOW_CTX_DAG_RUN_ID=manual__2024-10-09T08:42:04.227431+00:00
[2024-10-09 08:42:05,086] {python.py:151} INFO - Done. Returned value was: None
[2024-10-09 08:42:05,094] {taskinstance.py:1211} INFO - Marking task as SUCCESS. dag_id=mssql_dag, task_id=query_member, execution_date=20241009T084204, start_date=20241009T084204, end_date=20241009T084205
[2024-10-09 08:42:05,116] {taskinstance.py:1265} INFO - 1 downstream tasks scheduled from follow-on schedule check
[2024-10-09 08:42:05,156] {local_task_job.py:149} INFO - Task exited with return code 0
