[2024-10-10 16:17:03,587] {taskinstance.py:896} INFO - Dependencies all met for <TaskInstance: mssql_dag.clean2_contract 2024-10-10T16:16:53.768447+00:00 [queued]>
[2024-10-10 16:17:03,598] {taskinstance.py:896} INFO - Dependencies all met for <TaskInstance: mssql_dag.clean2_contract 2024-10-10T16:16:53.768447+00:00 [queued]>
[2024-10-10 16:17:03,598] {taskinstance.py:1087} INFO - 
--------------------------------------------------------------------------------
[2024-10-10 16:17:03,599] {taskinstance.py:1088} INFO - Starting attempt 1 of 2
[2024-10-10 16:17:03,599] {taskinstance.py:1089} INFO - 
--------------------------------------------------------------------------------
[2024-10-10 16:17:03,605] {taskinstance.py:1107} INFO - Executing <Task(PythonOperator): clean2_contract> on 2024-10-10T16:16:53.768447+00:00
[2024-10-10 16:17:03,610] {standard_task_runner.py:52} INFO - Started process 83733 to run task
[2024-10-10 16:17:03,613] {standard_task_runner.py:76} INFO - Running: ['***', 'tasks', 'run', 'mssql_dag', 'clean2_contract', '2024-10-10T16:16:53.768447+00:00', '--job-id', '553', '--pool', 'default_pool', '--raw', '--subdir', 'DAGS_FOLDER/mssql_dag.py', '--cfg-path', '/tmp/tmpqpk8791h', '--error-file', '/tmp/tmp9g3lv831']
[2024-10-10 16:17:03,617] {standard_task_runner.py:77} INFO - Job 553: Subtask clean2_contract
[2024-10-10 16:17:03,647] {logging_mixin.py:104} INFO - Running <TaskInstance: mssql_dag.clean2_contract 2024-10-10T16:16:53.768447+00:00 [running]> on host da843a407010
[2024-10-10 16:17:03,678] {taskinstance.py:1302} INFO - Exporting the following env vars:
AIRFLOW_CTX_DAG_OWNER=***
AIRFLOW_CTX_DAG_ID=mssql_dag
AIRFLOW_CTX_TASK_ID=clean2_contract
AIRFLOW_CTX_EXECUTION_DATE=2024-10-10T16:16:53.768447+00:00
AIRFLOW_CTX_DAG_RUN_ID=manual__2024-10-10T16:16:53.768447+00:00
[2024-10-10 16:17:03,737] {python.py:151} INFO - Done. Returned value was: None
[2024-10-10 16:17:03,744] {taskinstance.py:1211} INFO - Marking task as SUCCESS. dag_id=mssql_dag, task_id=clean2_contract, execution_date=20241010T161653, start_date=20241010T161703, end_date=20241010T161703
[2024-10-10 16:17:03,763] {taskinstance.py:1265} INFO - 1 downstream tasks scheduled from follow-on schedule check
[2024-10-10 16:17:03,785] {local_task_job.py:149} INFO - Task exited with return code 0
