[2024-10-10 16:17:05,190] {taskinstance.py:896} INFO - Dependencies all met for <TaskInstance: mssql_dag.boxplot_data_member 2024-10-10T16:16:53.768447+00:00 [queued]>
[2024-10-10 16:17:05,203] {taskinstance.py:896} INFO - Dependencies all met for <TaskInstance: mssql_dag.boxplot_data_member 2024-10-10T16:16:53.768447+00:00 [queued]>
[2024-10-10 16:17:05,203] {taskinstance.py:1087} INFO - 
--------------------------------------------------------------------------------
[2024-10-10 16:17:05,203] {taskinstance.py:1088} INFO - Starting attempt 1 of 2
[2024-10-10 16:17:05,203] {taskinstance.py:1089} INFO - 
--------------------------------------------------------------------------------
[2024-10-10 16:17:05,210] {taskinstance.py:1107} INFO - Executing <Task(PythonOperator): boxplot_data_member> on 2024-10-10T16:16:53.768447+00:00
[2024-10-10 16:17:05,214] {standard_task_runner.py:52} INFO - Started process 83767 to run task
[2024-10-10 16:17:05,218] {standard_task_runner.py:76} INFO - Running: ['***', 'tasks', 'run', 'mssql_dag', 'boxplot_data_member', '2024-10-10T16:16:53.768447+00:00', '--job-id', '555', '--pool', 'default_pool', '--raw', '--subdir', 'DAGS_FOLDER/mssql_dag.py', '--cfg-path', '/tmp/tmpm4fa4mto', '--error-file', '/tmp/tmpxygxw5sj']
[2024-10-10 16:17:05,221] {standard_task_runner.py:77} INFO - Job 555: Subtask boxplot_data_member
[2024-10-10 16:17:05,251] {logging_mixin.py:104} INFO - Running <TaskInstance: mssql_dag.boxplot_data_member 2024-10-10T16:16:53.768447+00:00 [running]> on host da843a407010
[2024-10-10 16:17:05,286] {taskinstance.py:1302} INFO - Exporting the following env vars:
AIRFLOW_CTX_DAG_OWNER=***
AIRFLOW_CTX_DAG_ID=mssql_dag
AIRFLOW_CTX_TASK_ID=boxplot_data_member
AIRFLOW_CTX_EXECUTION_DATE=2024-10-10T16:16:53.768447+00:00
AIRFLOW_CTX_DAG_RUN_ID=manual__2024-10-10T16:16:53.768447+00:00
[2024-10-10 16:17:05,405] {logging_mixin.py:104} INFO -      MAST_MEMB_NO MAST_MEMB_DEPT  ... MAST_GUIDE_MEMB_NO POST_DATETIME
0             612           1156  ...               NULL          NULL
1             743           1156  ...               NULL          NULL
2             747           1156  ...               NULL          NULL
3             748           1156  ...               NULL          NULL
4             749           1156  ...               NULL          NULL
..            ...            ...  ...                ...           ...
295           752           1156  ...                                 
296           756           1156  ...                                 
297           759           1156  ...                                 
298           761           1155  ...                                 
299           767           1156  ...                                 

[300 rows x 85 columns]
[2024-10-10 16:17:05,427] {logging_mixin.py:104} INFO - Error generating boxplot: unsupported operand type(s) for /: 'str' and 'int'
[2024-10-10 16:17:05,427] {python.py:151} INFO - Done. Returned value was: None
[2024-10-10 16:17:05,434] {taskinstance.py:1211} INFO - Marking task as SUCCESS. dag_id=mssql_dag, task_id=boxplot_data_member, execution_date=20241010T161653, start_date=20241010T161705, end_date=20241010T161705
[2024-10-10 16:17:05,451] {taskinstance.py:1265} INFO - 0 downstream tasks scheduled from follow-on schedule check
[2024-10-10 16:17:05,470] {local_task_job.py:149} INFO - Task exited with return code 0
