[2024-10-10 16:47:19,690] {taskinstance.py:896} INFO - Dependencies all met for <TaskInstance: mssql_dag.boxplot_data_contract 2024-10-10T16:47:08.218534+00:00 [queued]>
[2024-10-10 16:47:19,702] {taskinstance.py:896} INFO - Dependencies all met for <TaskInstance: mssql_dag.boxplot_data_contract 2024-10-10T16:47:08.218534+00:00 [queued]>
[2024-10-10 16:47:19,702] {taskinstance.py:1087} INFO - 
--------------------------------------------------------------------------------
[2024-10-10 16:47:19,703] {taskinstance.py:1088} INFO - Starting attempt 1 of 2
[2024-10-10 16:47:19,703] {taskinstance.py:1089} INFO - 
--------------------------------------------------------------------------------
[2024-10-10 16:47:19,709] {taskinstance.py:1107} INFO - Executing <Task(PythonOperator): boxplot_data_contract> on 2024-10-10T16:47:08.218534+00:00
[2024-10-10 16:47:19,715] {standard_task_runner.py:52} INFO - Started process 512 to run task
[2024-10-10 16:47:19,718] {standard_task_runner.py:76} INFO - Running: ['***', 'tasks', 'run', 'mssql_dag', 'boxplot_data_contract', '2024-10-10T16:47:08.218534+00:00', '--job-id', '619', '--pool', 'default_pool', '--raw', '--subdir', 'DAGS_FOLDER/mssql_dag.py', '--cfg-path', '/tmp/tmpy2yg5pgd', '--error-file', '/tmp/tmp3cv7ay0e']
[2024-10-10 16:47:19,720] {standard_task_runner.py:77} INFO - Job 619: Subtask boxplot_data_contract
[2024-10-10 16:47:19,762] {logging_mixin.py:104} INFO - Running <TaskInstance: mssql_dag.boxplot_data_contract 2024-10-10T16:47:08.218534+00:00 [running]> on host da843a407010
[2024-10-10 16:47:19,795] {taskinstance.py:1302} INFO - Exporting the following env vars:
AIRFLOW_CTX_DAG_OWNER=***
AIRFLOW_CTX_DAG_ID=mssql_dag
AIRFLOW_CTX_TASK_ID=boxplot_data_contract
AIRFLOW_CTX_EXECUTION_DATE=2024-10-10T16:47:08.218534+00:00
AIRFLOW_CTX_DAG_RUN_ID=manual__2024-10-10T16:47:08.218534+00:00
[2024-10-10 16:47:19,898] {logging_mixin.py:104} INFO -      PROM_MEMB_NO  ...                       POST_DATETIME
0             543  ...                                NULL
1             662  ...                                NULL
2             735  ...                                NULL
3              48  ...                                NULL
4             256  ...                                NULL
..            ...  ...                                 ...
995           539  ...  Tue Aug 30 15:48:43 GMT+07:00 2022
996           542  ...  Tue Aug 30 15:48:43 GMT+07:00 2022
997           542  ...  Tue Aug 30 15:48:43 GMT+07:00 2022
998           542  ...  Tue Aug 30 15:48:43 GMT+07:00 2022
999           512  ...  Tue Aug 30 15:48:43 GMT+07:00 2022

[1000 rows x 51 columns]
[2024-10-10 16:47:20,016] {logging_mixin.py:104} INFO - Boxplot saved as /tmp/contract_boxplot.png
[2024-10-10 16:47:20,016] {python.py:151} INFO - Done. Returned value was: None
[2024-10-10 16:47:20,023] {taskinstance.py:1211} INFO - Marking task as SUCCESS. dag_id=mssql_dag, task_id=boxplot_data_contract, execution_date=20241010T164708, start_date=20241010T164719, end_date=20241010T164720
[2024-10-10 16:47:20,124] {taskinstance.py:1265} INFO - 1 downstream tasks scheduled from follow-on schedule check
[2024-10-10 16:47:20,135] {local_task_job.py:149} INFO - Task exited with return code 0
