[2024-10-10 03:46:47,212] {taskinstance.py:896} INFO - Dependencies all met for <TaskInstance: mssql_dag.check_null_receipt 2024-10-10T03:46:41.983328+00:00 [queued]>
[2024-10-10 03:46:47,219] {taskinstance.py:896} INFO - Dependencies all met for <TaskInstance: mssql_dag.check_null_receipt 2024-10-10T03:46:41.983328+00:00 [queued]>
[2024-10-10 03:46:47,219] {taskinstance.py:1087} INFO - 
--------------------------------------------------------------------------------
[2024-10-10 03:46:47,220] {taskinstance.py:1088} INFO - Starting attempt 1 of 2
[2024-10-10 03:46:47,221] {taskinstance.py:1089} INFO - 
--------------------------------------------------------------------------------
[2024-10-10 03:46:47,230] {taskinstance.py:1107} INFO - Executing <Task(PythonOperator): check_null_receipt> on 2024-10-10T03:46:41.983328+00:00
[2024-10-10 03:46:47,234] {standard_task_runner.py:52} INFO - Started process 9702 to run task
[2024-10-10 03:46:47,237] {standard_task_runner.py:76} INFO - Running: ['***', 'tasks', 'run', 'mssql_dag', 'check_null_receipt', '2024-10-10T03:46:41.983328+00:00', '--job-id', '392', '--pool', 'default_pool', '--raw', '--subdir', 'DAGS_FOLDER/mssql_dag.py', '--cfg-path', '/tmp/tmpie_ebosj', '--error-file', '/tmp/tmp4qidjp3x']
[2024-10-10 03:46:47,240] {standard_task_runner.py:77} INFO - Job 392: Subtask check_null_receipt
[2024-10-10 03:46:47,270] {logging_mixin.py:104} INFO - Running <TaskInstance: mssql_dag.check_null_receipt 2024-10-10T03:46:41.983328+00:00 [running]> on host da843a407010
[2024-10-10 03:46:47,301] {taskinstance.py:1302} INFO - Exporting the following env vars:
AIRFLOW_CTX_DAG_OWNER=***
AIRFLOW_CTX_DAG_ID=mssql_dag
AIRFLOW_CTX_TASK_ID=check_null_receipt
AIRFLOW_CTX_EXECUTION_DATE=2024-10-10T03:46:41.983328+00:00
AIRFLOW_CTX_DAG_RUN_ID=manual__2024-10-10T03:46:41.983328+00:00
[2024-10-10 03:46:47,302] {python.py:151} INFO - Done. Returned value was: No DataFrame found for Empty DataFrame
Columns: []
Index: []
[2024-10-10 03:46:47,317] {taskinstance.py:1211} INFO - Marking task as SUCCESS. dag_id=mssql_dag, task_id=check_null_receipt, execution_date=20241010T034641, start_date=20241010T034647, end_date=20241010T034647
[2024-10-10 03:46:47,336] {taskinstance.py:1265} INFO - 1 downstream tasks scheduled from follow-on schedule check
[2024-10-10 03:46:47,369] {local_task_job.py:149} INFO - Task exited with return code 0
