[2024-10-10 04:43:17,889] {taskinstance.py:896} INFO - Dependencies all met for <TaskInstance: mssql_dag.clean1_receipt 2024-10-10T04:41:29.950282+00:00 [queued]>
[2024-10-10 04:43:17,906] {taskinstance.py:896} INFO - Dependencies all met for <TaskInstance: mssql_dag.clean1_receipt 2024-10-10T04:41:29.950282+00:00 [queued]>
[2024-10-10 04:43:17,908] {taskinstance.py:1087} INFO - 
--------------------------------------------------------------------------------
[2024-10-10 04:43:17,909] {taskinstance.py:1088} INFO - Starting attempt 1 of 2
[2024-10-10 04:43:17,917] {taskinstance.py:1089} INFO - 
--------------------------------------------------------------------------------
[2024-10-10 04:43:17,931] {taskinstance.py:1107} INFO - Executing <Task(PythonOperator): clean1_receipt> on 2024-10-10T04:41:29.950282+00:00
[2024-10-10 04:43:17,936] {standard_task_runner.py:52} INFO - Started process 35727 to run task
[2024-10-10 04:43:17,940] {standard_task_runner.py:76} INFO - Running: ['***', 'tasks', 'run', 'mssql_dag', 'clean1_receipt', '2024-10-10T04:41:29.950282+00:00', '--job-id', '456', '--pool', 'default_pool', '--raw', '--subdir', 'DAGS_FOLDER/mssql_dag.py', '--cfg-path', '/tmp/tmplj6d3dz1', '--error-file', '/tmp/tmp__1e971f']
[2024-10-10 04:43:17,949] {standard_task_runner.py:77} INFO - Job 456: Subtask clean1_receipt
[2024-10-10 04:43:17,990] {logging_mixin.py:104} INFO - Running <TaskInstance: mssql_dag.clean1_receipt 2024-10-10T04:41:29.950282+00:00 [running]> on host da843a407010
[2024-10-10 04:43:18,021] {taskinstance.py:1302} INFO - Exporting the following env vars:
AIRFLOW_CTX_DAG_OWNER=***
AIRFLOW_CTX_DAG_ID=mssql_dag
AIRFLOW_CTX_TASK_ID=clean1_receipt
AIRFLOW_CTX_EXECUTION_DATE=2024-10-10T04:41:29.950282+00:00
AIRFLOW_CTX_DAG_RUN_ID=manual__2024-10-10T04:41:29.950282+00:00
[2024-10-10 04:43:19,069] {python.py:151} INFO - Done. Returned value was: None
[2024-10-10 04:43:19,082] {taskinstance.py:1211} INFO - Marking task as SUCCESS. dag_id=mssql_dag, task_id=clean1_receipt, execution_date=20241010T044129, start_date=20241010T044317, end_date=20241010T044319
[2024-10-10 04:43:19,102] {taskinstance.py:1265} INFO - 1 downstream tasks scheduled from follow-on schedule check
[2024-10-10 04:43:19,125] {local_task_job.py:149} INFO - Task exited with return code 0
