[2024-10-09 08:42:05,885] {taskinstance.py:896} INFO - Dependencies all met for <TaskInstance: mssql_dag.print_member_detail 2024-10-09T08:42:04.227431+00:00 [queued]>
[2024-10-09 08:42:05,894] {taskinstance.py:896} INFO - Dependencies all met for <TaskInstance: mssql_dag.print_member_detail 2024-10-09T08:42:04.227431+00:00 [queued]>
[2024-10-09 08:42:05,894] {taskinstance.py:1087} INFO - 
--------------------------------------------------------------------------------
[2024-10-09 08:42:05,894] {taskinstance.py:1088} INFO - Starting attempt 1 of 2
[2024-10-09 08:42:05,894] {taskinstance.py:1089} INFO - 
--------------------------------------------------------------------------------
[2024-10-09 08:42:05,906] {taskinstance.py:1107} INFO - Executing <Task(PythonOperator): print_member_detail> on 2024-10-09T08:42:04.227431+00:00
[2024-10-09 08:42:05,911] {standard_task_runner.py:52} INFO - Started process 86813 to run task
[2024-10-09 08:42:05,924] {standard_task_runner.py:76} INFO - Running: ['***', 'tasks', 'run', 'mssql_dag', 'print_member_detail', '2024-10-09T08:42:04.227431+00:00', '--job-id', '13', '--pool', 'default_pool', '--raw', '--subdir', 'DAGS_FOLDER/mssql_dag.py', '--cfg-path', '/tmp/tmp4pbc7gqr', '--error-file', '/tmp/tmp345x5qgc']
[2024-10-09 08:42:05,927] {standard_task_runner.py:77} INFO - Job 13: Subtask print_member_detail
[2024-10-09 08:42:06,062] {logging_mixin.py:104} INFO - Running <TaskInstance: mssql_dag.print_member_detail 2024-10-09T08:42:04.227431+00:00 [running]> on host da843a407010
[2024-10-09 08:42:06,241] {taskinstance.py:1302} INFO - Exporting the following env vars:
AIRFLOW_CTX_DAG_OWNER=***
AIRFLOW_CTX_DAG_ID=mssql_dag
AIRFLOW_CTX_TASK_ID=print_member_detail
AIRFLOW_CTX_EXECUTION_DATE=2024-10-09T08:42:04.227431+00:00
AIRFLOW_CTX_DAG_RUN_ID=manual__2024-10-09T08:42:04.227431+00:00
[2024-10-09 08:42:06,249] {logging_mixin.py:104} INFO - No DataFrame found for Empty DataFrame
Columns: []
Index: []
[2024-10-09 08:42:06,249] {python.py:151} INFO - Done. Returned value was: None
[2024-10-09 08:42:06,258] {taskinstance.py:1211} INFO - Marking task as SUCCESS. dag_id=mssql_dag, task_id=print_member_detail, execution_date=20241009T084204, start_date=20241009T084205, end_date=20241009T084206
[2024-10-09 08:42:06,289] {taskinstance.py:1265} INFO - 0 downstream tasks scheduled from follow-on schedule check
[2024-10-09 08:42:06,327] {local_task_job.py:149} INFO - Task exited with return code 0
