[2024-10-10 04:41:34,606] {taskinstance.py:896} INFO - Dependencies all met for <TaskInstance: mssql_dag.check_null_member 2024-10-10T04:41:29.950282+00:00 [queued]>
[2024-10-10 04:41:34,617] {taskinstance.py:896} INFO - Dependencies all met for <TaskInstance: mssql_dag.check_null_member 2024-10-10T04:41:29.950282+00:00 [queued]>
[2024-10-10 04:41:34,620] {taskinstance.py:1087} INFO - 
--------------------------------------------------------------------------------
[2024-10-10 04:41:34,621] {taskinstance.py:1088} INFO - Starting attempt 1 of 2
[2024-10-10 04:41:34,621] {taskinstance.py:1089} INFO - 
--------------------------------------------------------------------------------
[2024-10-10 04:41:34,634] {taskinstance.py:1107} INFO - Executing <Task(PythonOperator): check_null_member> on 2024-10-10T04:41:29.950282+00:00
[2024-10-10 04:41:34,641] {standard_task_runner.py:52} INFO - Started process 34682 to run task
[2024-10-10 04:41:34,643] {standard_task_runner.py:76} INFO - Running: ['***', 'tasks', 'run', 'mssql_dag', 'check_null_member', '2024-10-10T04:41:29.950282+00:00', '--job-id', '448', '--pool', 'default_pool', '--raw', '--subdir', 'DAGS_FOLDER/mssql_dag.py', '--cfg-path', '/tmp/tmp56w156mw', '--error-file', '/tmp/tmpt8te3owj']
[2024-10-10 04:41:34,649] {standard_task_runner.py:77} INFO - Job 448: Subtask check_null_member
[2024-10-10 04:41:34,700] {logging_mixin.py:104} INFO - Running <TaskInstance: mssql_dag.check_null_member 2024-10-10T04:41:29.950282+00:00 [running]> on host da843a407010
[2024-10-10 04:41:34,743] {taskinstance.py:1302} INFO - Exporting the following env vars:
AIRFLOW_CTX_DAG_OWNER=***
AIRFLOW_CTX_DAG_ID=mssql_dag
AIRFLOW_CTX_TASK_ID=check_null_member
AIRFLOW_CTX_EXECUTION_DATE=2024-10-10T04:41:29.950282+00:00
AIRFLOW_CTX_DAG_RUN_ID=manual__2024-10-10T04:41:29.950282+00:00
[2024-10-10 04:41:34,789] {logging_mixin.py:104} INFO - MAST_MEMB_NO          0
MAST_MEMB_DEPT        0
MAST_DEPT_BRH         0
MAST_ZIP              0
MAST_BIRTH_YMD        0
                     ..
MAST_WORK_DATE        0
MAST_EMP_TYPE         0
MAST_RISK_STS         0
MAST_GUIDE_MEMB_NO    0
POST_DATETIME         0
Length: 85, dtype: int64
[2024-10-10 04:41:34,790] {python.py:151} INFO - Done. Returned value was: None
[2024-10-10 04:41:34,797] {taskinstance.py:1211} INFO - Marking task as SUCCESS. dag_id=mssql_dag, task_id=check_null_member, execution_date=20241010T044129, start_date=20241010T044134, end_date=20241010T044134
[2024-10-10 04:41:34,815] {taskinstance.py:1265} INFO - 1 downstream tasks scheduled from follow-on schedule check
[2024-10-10 04:41:34,859] {local_task_job.py:149} INFO - Task exited with return code 0
