[2024-10-10 03:11:03,998] {taskinstance.py:896} INFO - Dependencies all met for <TaskInstance: mssql_dag.clean1_receipt 2024-10-10T03:10:58.109009+00:00 [queued]>
[2024-10-10 03:11:04,005] {taskinstance.py:896} INFO - Dependencies all met for <TaskInstance: mssql_dag.clean1_receipt 2024-10-10T03:10:58.109009+00:00 [queued]>
[2024-10-10 03:11:04,006] {taskinstance.py:1087} INFO - 
--------------------------------------------------------------------------------
[2024-10-10 03:11:04,007] {taskinstance.py:1088} INFO - Starting attempt 1 of 2
[2024-10-10 03:11:04,008] {taskinstance.py:1089} INFO - 
--------------------------------------------------------------------------------
[2024-10-10 03:11:04,018] {taskinstance.py:1107} INFO - Executing <Task(PythonOperator): clean1_receipt> on 2024-10-10T03:10:58.109009+00:00
[2024-10-10 03:11:04,023] {standard_task_runner.py:52} INFO - Started process 89840 to run task
[2024-10-10 03:11:04,025] {standard_task_runner.py:76} INFO - Running: ['***', 'tasks', 'run', 'mssql_dag', 'clean1_receipt', '2024-10-10T03:10:58.109009+00:00', '--job-id', '297', '--pool', 'default_pool', '--raw', '--subdir', 'DAGS_FOLDER/mssql_dag.py', '--cfg-path', '/tmp/tmpp4yzfptk', '--error-file', '/tmp/tmp75mgpaxy']
[2024-10-10 03:11:04,028] {standard_task_runner.py:77} INFO - Job 297: Subtask clean1_receipt
[2024-10-10 03:11:04,063] {logging_mixin.py:104} INFO - Running <TaskInstance: mssql_dag.clean1_receipt 2024-10-10T03:10:58.109009+00:00 [running]> on host da843a407010
[2024-10-10 03:11:04,094] {taskinstance.py:1302} INFO - Exporting the following env vars:
AIRFLOW_CTX_DAG_OWNER=***
AIRFLOW_CTX_DAG_ID=mssql_dag
AIRFLOW_CTX_TASK_ID=clean1_receipt
AIRFLOW_CTX_EXECUTION_DATE=2024-10-10T03:10:58.109009+00:00
AIRFLOW_CTX_DAG_RUN_ID=manual__2024-10-10T03:10:58.109009+00:00
[2024-10-10 03:11:04,102] {python.py:151} INFO - Done. Returned value was: None
[2024-10-10 03:11:04,109] {taskinstance.py:1211} INFO - Marking task as SUCCESS. dag_id=mssql_dag, task_id=clean1_receipt, execution_date=20241010T031058, start_date=20241010T031103, end_date=20241010T031104
[2024-10-10 03:11:04,126] {taskinstance.py:1265} INFO - 1 downstream tasks scheduled from follow-on schedule check
[2024-10-10 03:11:04,157] {local_task_job.py:149} INFO - Task exited with return code 0
