[2024-10-09 09:33:09,461] {taskinstance.py:896} INFO - Dependencies all met for <TaskInstance: mssql_dag.query_contract 2024-10-09T09:33:07.906646+00:00 [queued]>
[2024-10-09 09:33:09,470] {taskinstance.py:896} INFO - Dependencies all met for <TaskInstance: mssql_dag.query_contract 2024-10-09T09:33:07.906646+00:00 [queued]>
[2024-10-09 09:33:09,470] {taskinstance.py:1087} INFO - 
--------------------------------------------------------------------------------
[2024-10-09 09:33:09,471] {taskinstance.py:1088} INFO - Starting attempt 1 of 2
[2024-10-09 09:33:09,471] {taskinstance.py:1089} INFO - 
--------------------------------------------------------------------------------
[2024-10-09 09:33:09,480] {taskinstance.py:1107} INFO - Executing <Task(PythonOperator): query_contract> on 2024-10-09T09:33:07.906646+00:00
[2024-10-09 09:33:09,484] {standard_task_runner.py:52} INFO - Started process 14226 to run task
[2024-10-09 09:33:09,489] {standard_task_runner.py:76} INFO - Running: ['***', 'tasks', 'run', 'mssql_dag', 'query_contract', '2024-10-09T09:33:07.906646+00:00', '--job-id', '85', '--pool', 'default_pool', '--raw', '--subdir', 'DAGS_FOLDER/mssql_dag.py', '--cfg-path', '/tmp/tmp0ygasmdw', '--error-file', '/tmp/tmpcq_p1aps']
[2024-10-09 09:33:09,492] {standard_task_runner.py:77} INFO - Job 85: Subtask query_contract
[2024-10-09 09:33:09,524] {logging_mixin.py:104} INFO - Running <TaskInstance: mssql_dag.query_contract 2024-10-09T09:33:07.906646+00:00 [running]> on host da843a407010
[2024-10-09 09:33:09,555] {taskinstance.py:1302} INFO - Exporting the following env vars:
AIRFLOW_CTX_DAG_OWNER=***
AIRFLOW_CTX_DAG_ID=mssql_dag
AIRFLOW_CTX_TASK_ID=query_contract
AIRFLOW_CTX_EXECUTION_DATE=2024-10-09T09:33:07.906646+00:00
AIRFLOW_CTX_DAG_RUN_ID=manual__2024-10-09T09:33:07.906646+00:00
[2024-10-09 09:33:09,611] {logging_mixin.py:104} INFO - SELECT * FROM contract
[2024-10-09 09:33:09,654] {python.py:151} INFO - Done. Returned value was: None
[2024-10-09 09:33:09,663] {taskinstance.py:1211} INFO - Marking task as SUCCESS. dag_id=mssql_dag, task_id=query_contract, execution_date=20241009T093307, start_date=20241009T093309, end_date=20241009T093309
[2024-10-09 09:33:09,683] {taskinstance.py:1265} INFO - 1 downstream tasks scheduled from follow-on schedule check
[2024-10-09 09:33:09,700] {local_task_job.py:149} INFO - Task exited with return code 0
