[2024-10-09 16:28:10,970] {taskinstance.py:896} INFO - Dependencies all met for <TaskInstance: mssql_dag.check_null_receipt 2024-10-09T16:28:05.516495+00:00 [queued]>
[2024-10-09 16:28:10,982] {taskinstance.py:896} INFO - Dependencies all met for <TaskInstance: mssql_dag.check_null_receipt 2024-10-09T16:28:05.516495+00:00 [queued]>
[2024-10-09 16:28:10,982] {taskinstance.py:1087} INFO - 
--------------------------------------------------------------------------------
[2024-10-09 16:28:10,983] {taskinstance.py:1088} INFO - Starting attempt 1 of 2
[2024-10-09 16:28:10,983] {taskinstance.py:1089} INFO - 
--------------------------------------------------------------------------------
[2024-10-09 16:28:10,995] {taskinstance.py:1107} INFO - Executing <Task(PythonOperator): check_null_receipt> on 2024-10-09T16:28:05.516495+00:00
[2024-10-09 16:28:11,000] {standard_task_runner.py:52} INFO - Started process 23886 to run task
[2024-10-09 16:28:11,003] {standard_task_runner.py:76} INFO - Running: ['***', 'tasks', 'run', 'mssql_dag', 'check_null_receipt', '2024-10-09T16:28:05.516495+00:00', '--job-id', '131', '--pool', 'default_pool', '--raw', '--subdir', 'DAGS_FOLDER/mssql_dag.py', '--cfg-path', '/tmp/tmpjc2sdfh3', '--error-file', '/tmp/tmp0u9dqr88']
[2024-10-09 16:28:11,007] {standard_task_runner.py:77} INFO - Job 131: Subtask check_null_receipt
[2024-10-09 16:28:11,043] {logging_mixin.py:104} INFO - Running <TaskInstance: mssql_dag.check_null_receipt 2024-10-09T16:28:05.516495+00:00 [running]> on host da843a407010
[2024-10-09 16:28:11,085] {taskinstance.py:1302} INFO - Exporting the following env vars:
AIRFLOW_CTX_DAG_OWNER=***
AIRFLOW_CTX_DAG_ID=mssql_dag
AIRFLOW_CTX_TASK_ID=check_null_receipt
AIRFLOW_CTX_EXECUTION_DATE=2024-10-09T16:28:05.516495+00:00
AIRFLOW_CTX_DAG_RUN_ID=manual__2024-10-09T16:28:05.516495+00:00
[2024-10-09 16:28:11,087] {logging_mixin.py:104} INFO - No DataFrame found for Empty DataFrame
Columns: []
Index: []
[2024-10-09 16:28:11,087] {python.py:151} INFO - Done. Returned value was: None
[2024-10-09 16:28:11,094] {taskinstance.py:1211} INFO - Marking task as SUCCESS. dag_id=mssql_dag, task_id=check_null_receipt, execution_date=20241009T162805, start_date=20241009T162810, end_date=20241009T162811
[2024-10-09 16:28:11,115] {taskinstance.py:1265} INFO - 1 downstream tasks scheduled from follow-on schedule check
[2024-10-09 16:28:11,135] {local_task_job.py:149} INFO - Task exited with return code 0
