[2024-10-09 08:42:09,135] {taskinstance.py:896} INFO - Dependencies all met for <TaskInstance: mssql_dag.check_null_receipt 2024-10-09T08:42:04.227431+00:00 [queued]>
[2024-10-09 08:42:09,141] {taskinstance.py:896} INFO - Dependencies all met for <TaskInstance: mssql_dag.check_null_receipt 2024-10-09T08:42:04.227431+00:00 [queued]>
[2024-10-09 08:42:09,141] {taskinstance.py:1087} INFO - 
--------------------------------------------------------------------------------
[2024-10-09 08:42:09,142] {taskinstance.py:1088} INFO - Starting attempt 1 of 2
[2024-10-09 08:42:09,142] {taskinstance.py:1089} INFO - 
--------------------------------------------------------------------------------
[2024-10-09 08:42:09,150] {taskinstance.py:1107} INFO - Executing <Task(PythonOperator): check_null_receipt> on 2024-10-09T08:42:04.227431+00:00
[2024-10-09 08:42:09,155] {standard_task_runner.py:52} INFO - Started process 86932 to run task
[2024-10-09 08:42:09,157] {standard_task_runner.py:76} INFO - Running: ['***', 'tasks', 'run', 'mssql_dag', 'check_null_receipt', '2024-10-09T08:42:04.227431+00:00', '--job-id', '20', '--pool', 'default_pool', '--raw', '--subdir', 'DAGS_FOLDER/mssql_dag.py', '--cfg-path', '/tmp/tmpaaqp2aaq', '--error-file', '/tmp/tmpc44qy4uz']
[2024-10-09 08:42:09,160] {standard_task_runner.py:77} INFO - Job 20: Subtask check_null_receipt
[2024-10-09 08:42:09,190] {logging_mixin.py:104} INFO - Running <TaskInstance: mssql_dag.check_null_receipt 2024-10-09T08:42:04.227431+00:00 [running]> on host da843a407010
[2024-10-09 08:42:09,229] {taskinstance.py:1302} INFO - Exporting the following env vars:
AIRFLOW_CTX_DAG_OWNER=***
AIRFLOW_CTX_DAG_ID=mssql_dag
AIRFLOW_CTX_TASK_ID=check_null_receipt
AIRFLOW_CTX_EXECUTION_DATE=2024-10-09T08:42:04.227431+00:00
AIRFLOW_CTX_DAG_RUN_ID=manual__2024-10-09T08:42:04.227431+00:00
[2024-10-09 08:42:09,233] {logging_mixin.py:104} INFO - No DataFrame found for Empty DataFrame
Columns: []
Index: []
[2024-10-09 08:42:09,233] {python.py:151} INFO - Done. Returned value was: None
[2024-10-09 08:42:09,241] {taskinstance.py:1211} INFO - Marking task as SUCCESS. dag_id=mssql_dag, task_id=check_null_receipt, execution_date=20241009T084204, start_date=20241009T084209, end_date=20241009T084209
[2024-10-09 08:42:09,259] {taskinstance.py:1265} INFO - 1 downstream tasks scheduled from follow-on schedule check
[2024-10-09 08:42:09,289] {local_task_job.py:149} INFO - Task exited with return code 0
