[2024-10-10 13:35:30,519] {taskinstance.py:896} INFO - Dependencies all met for <TaskInstance: mssql_dag.boxplot_data_receipt 2024-10-10T13:32:50.661629+00:00 [queued]>
[2024-10-10 13:35:30,529] {taskinstance.py:896} INFO - Dependencies all met for <TaskInstance: mssql_dag.boxplot_data_receipt 2024-10-10T13:32:50.661629+00:00 [queued]>
[2024-10-10 13:35:30,530] {taskinstance.py:1087} INFO - 
--------------------------------------------------------------------------------
[2024-10-10 13:35:30,530] {taskinstance.py:1088} INFO - Starting attempt 1 of 2
[2024-10-10 13:35:30,531] {taskinstance.py:1089} INFO - 
--------------------------------------------------------------------------------
[2024-10-10 13:35:30,536] {taskinstance.py:1107} INFO - Executing <Task(PythonOperator): boxplot_data_receipt> on 2024-10-10T13:32:50.661629+00:00
[2024-10-10 13:35:30,542] {standard_task_runner.py:52} INFO - Started process 2286 to run task
[2024-10-10 13:35:30,545] {standard_task_runner.py:76} INFO - Running: ['***', 'tasks', 'run', 'mssql_dag', 'boxplot_data_receipt', '2024-10-10T13:32:50.661629+00:00', '--job-id', '520', '--pool', 'default_pool', '--raw', '--subdir', 'DAGS_FOLDER/mssql_dag.py', '--cfg-path', '/tmp/tmpbfus64fe', '--error-file', '/tmp/tmpozimk1gd']
[2024-10-10 13:35:30,548] {standard_task_runner.py:77} INFO - Job 520: Subtask boxplot_data_receipt
[2024-10-10 13:35:30,579] {logging_mixin.py:104} INFO - Running <TaskInstance: mssql_dag.boxplot_data_receipt 2024-10-10T13:32:50.661629+00:00 [running]> on host da843a407010
[2024-10-10 13:35:30,611] {taskinstance.py:1302} INFO - Exporting the following env vars:
AIRFLOW_CTX_DAG_OWNER=***
AIRFLOW_CTX_DAG_ID=mssql_dag
AIRFLOW_CTX_TASK_ID=boxplot_data_receipt
AIRFLOW_CTX_EXECUTION_DATE=2024-10-10T13:32:50.661629+00:00
AIRFLOW_CTX_DAG_RUN_ID=manual__2024-10-10T13:32:50.661629+00:00
[2024-10-10 13:35:30,613] {logging_mixin.py:104} INFO - "The following columns are missing from the receipt DataFrame: ['PAY_PERD', 'PAY_AMT1', 'PAY_AMT2']"
[2024-10-10 13:35:30,614] {python.py:151} INFO - Done. Returned value was: None
[2024-10-10 13:35:30,621] {taskinstance.py:1211} INFO - Marking task as SUCCESS. dag_id=mssql_dag, task_id=boxplot_data_receipt, execution_date=20241010T133250, start_date=20241010T133530, end_date=20241010T133530
[2024-10-10 13:35:30,637] {taskinstance.py:1265} INFO - 0 downstream tasks scheduled from follow-on schedule check
[2024-10-10 13:35:30,677] {local_task_job.py:149} INFO - Task exited with return code 0
