[2024-10-10 03:32:42,819] {taskinstance.py:896} INFO - Dependencies all met for <TaskInstance: mssql_dag.clean1_receipt 2024-10-10T03:32:35.890070+00:00 [queued]>
[2024-10-10 03:32:42,828] {taskinstance.py:896} INFO - Dependencies all met for <TaskInstance: mssql_dag.clean1_receipt 2024-10-10T03:32:35.890070+00:00 [queued]>
[2024-10-10 03:32:42,829] {taskinstance.py:1087} INFO - 
--------------------------------------------------------------------------------
[2024-10-10 03:32:42,829] {taskinstance.py:1088} INFO - Starting attempt 1 of 2
[2024-10-10 03:32:42,829] {taskinstance.py:1089} INFO - 
--------------------------------------------------------------------------------
[2024-10-10 03:32:42,840] {taskinstance.py:1107} INFO - Executing <Task(PythonOperator): clean1_receipt> on 2024-10-10T03:32:35.890070+00:00
[2024-10-10 03:32:42,844] {standard_task_runner.py:52} INFO - Started process 1482 to run task
[2024-10-10 03:32:42,847] {standard_task_runner.py:76} INFO - Running: ['***', 'tasks', 'run', 'mssql_dag', 'clean1_receipt', '2024-10-10T03:32:35.890070+00:00', '--job-id', '326', '--pool', 'default_pool', '--raw', '--subdir', 'DAGS_FOLDER/mssql_dag.py', '--cfg-path', '/tmp/tmp6h9_fp20', '--error-file', '/tmp/tmpot8alws1']
[2024-10-10 03:32:42,849] {standard_task_runner.py:77} INFO - Job 326: Subtask clean1_receipt
[2024-10-10 03:32:42,880] {logging_mixin.py:104} INFO - Running <TaskInstance: mssql_dag.clean1_receipt 2024-10-10T03:32:35.890070+00:00 [running]> on host da843a407010
[2024-10-10 03:32:42,914] {taskinstance.py:1302} INFO - Exporting the following env vars:
AIRFLOW_CTX_DAG_OWNER=***
AIRFLOW_CTX_DAG_ID=mssql_dag
AIRFLOW_CTX_TASK_ID=clean1_receipt
AIRFLOW_CTX_EXECUTION_DATE=2024-10-10T03:32:35.890070+00:00
AIRFLOW_CTX_DAG_RUN_ID=manual__2024-10-10T03:32:35.890070+00:00
[2024-10-10 03:32:42,921] {python.py:151} INFO - Done. Returned value was: None
[2024-10-10 03:32:42,929] {taskinstance.py:1211} INFO - Marking task as SUCCESS. dag_id=mssql_dag, task_id=clean1_receipt, execution_date=20241010T033235, start_date=20241010T033242, end_date=20241010T033242
[2024-10-10 03:32:42,955] {taskinstance.py:1265} INFO - 1 downstream tasks scheduled from follow-on schedule check
[2024-10-10 03:32:42,983] {local_task_job.py:149} INFO - Task exited with return code 0
