[2024-10-10 01:54:45,301] {taskinstance.py:896} INFO - Dependencies all met for <TaskInstance: mssql_dag.check_null_contract 2024-10-10T01:54:35.970892+00:00 [queued]>
[2024-10-10 01:54:45,309] {taskinstance.py:896} INFO - Dependencies all met for <TaskInstance: mssql_dag.check_null_contract 2024-10-10T01:54:35.970892+00:00 [queued]>
[2024-10-10 01:54:45,310] {taskinstance.py:1087} INFO - 
--------------------------------------------------------------------------------
[2024-10-10 01:54:45,310] {taskinstance.py:1088} INFO - Starting attempt 1 of 2
[2024-10-10 01:54:45,311] {taskinstance.py:1089} INFO - 
--------------------------------------------------------------------------------
[2024-10-10 01:54:45,321] {taskinstance.py:1107} INFO - Executing <Task(PythonOperator): check_null_contract> on 2024-10-10T01:54:35.970892+00:00
[2024-10-10 01:54:45,326] {standard_task_runner.py:52} INFO - Started process 49940 to run task
[2024-10-10 01:54:45,328] {standard_task_runner.py:76} INFO - Running: ['***', 'tasks', 'run', 'mssql_dag', 'check_null_contract', '2024-10-10T01:54:35.970892+00:00', '--job-id', '221', '--pool', 'default_pool', '--raw', '--subdir', 'DAGS_FOLDER/mssql_dag.py', '--cfg-path', '/tmp/tmp28yddgji', '--error-file', '/tmp/tmp9d44owhe']
[2024-10-10 01:54:45,331] {standard_task_runner.py:77} INFO - Job 221: Subtask check_null_contract
[2024-10-10 01:54:45,361] {logging_mixin.py:104} INFO - Running <TaskInstance: mssql_dag.check_null_contract 2024-10-10T01:54:35.970892+00:00 [running]> on host da843a407010
[2024-10-10 01:54:45,396] {taskinstance.py:1302} INFO - Exporting the following env vars:
AIRFLOW_CTX_DAG_OWNER=***
AIRFLOW_CTX_DAG_ID=mssql_dag
AIRFLOW_CTX_TASK_ID=check_null_contract
AIRFLOW_CTX_EXECUTION_DATE=2024-10-10T01:54:35.970892+00:00
AIRFLOW_CTX_DAG_RUN_ID=manual__2024-10-10T01:54:35.970892+00:00
[2024-10-10 01:54:45,398] {python.py:151} INFO - Done. Returned value was: No DataFrame found for Empty DataFrame
Columns: []
Index: []
[2024-10-10 01:54:45,416] {taskinstance.py:1211} INFO - Marking task as SUCCESS. dag_id=mssql_dag, task_id=check_null_contract, execution_date=20241010T015435, start_date=20241010T015445, end_date=20241010T015445
[2024-10-10 01:54:45,435] {taskinstance.py:1265} INFO - 1 downstream tasks scheduled from follow-on schedule check
[2024-10-10 01:54:45,461] {local_task_job.py:149} INFO - Task exited with return code 0
