[2024-10-10 01:46:25,814] {taskinstance.py:896} INFO - Dependencies all met for <TaskInstance: mssql_dag.clean_member 2024-10-10T01:46:19.397014+00:00 [queued]>
[2024-10-10 01:46:25,823] {taskinstance.py:896} INFO - Dependencies all met for <TaskInstance: mssql_dag.clean_member 2024-10-10T01:46:19.397014+00:00 [queued]>
[2024-10-10 01:46:25,824] {taskinstance.py:1087} INFO - 
--------------------------------------------------------------------------------
[2024-10-10 01:46:25,824] {taskinstance.py:1088} INFO - Starting attempt 1 of 2
[2024-10-10 01:46:25,825] {taskinstance.py:1089} INFO - 
--------------------------------------------------------------------------------
[2024-10-10 01:46:25,837] {taskinstance.py:1107} INFO - Executing <Task(PythonOperator): clean_member> on 2024-10-10T01:46:19.397014+00:00
[2024-10-10 01:46:25,842] {standard_task_runner.py:52} INFO - Started process 45332 to run task
[2024-10-10 01:46:25,845] {standard_task_runner.py:76} INFO - Running: ['***', 'tasks', 'run', 'mssql_dag', 'clean_member', '2024-10-10T01:46:19.397014+00:00', '--job-id', '192', '--pool', 'default_pool', '--raw', '--subdir', 'DAGS_FOLDER/mssql_dag.py', '--cfg-path', '/tmp/tmp41z4vyu9', '--error-file', '/tmp/tmpgl1u_iwr']
[2024-10-10 01:46:25,849] {standard_task_runner.py:77} INFO - Job 192: Subtask clean_member
[2024-10-10 01:46:25,886] {logging_mixin.py:104} INFO - Running <TaskInstance: mssql_dag.clean_member 2024-10-10T01:46:19.397014+00:00 [running]> on host da843a407010
[2024-10-10 01:46:25,920] {taskinstance.py:1302} INFO - Exporting the following env vars:
AIRFLOW_CTX_DAG_OWNER=***
AIRFLOW_CTX_DAG_ID=mssql_dag
AIRFLOW_CTX_TASK_ID=clean_member
AIRFLOW_CTX_EXECUTION_DATE=2024-10-10T01:46:19.397014+00:00
AIRFLOW_CTX_DAG_RUN_ID=manual__2024-10-10T01:46:19.397014+00:00
[2024-10-10 01:46:25,976] {logging_mixin.py:104} INFO - Cleaned member table:
[2024-10-10 01:46:26,057] {logging_mixin.py:104} INFO -     MAST_MEMB_NO MAST_MEMB_DEPT  ... MAST_GUIDE_MEMB_NO POST_DATETIME
0         726.0           1151  ...               NULL          NULL
1         727.0           1153  ...               NULL          NULL
2         729.0           1156  ...               NULL          NULL
3         734.0           1156  ...               NULL          NULL
4         735.0           3450  ...               NULL          NULL

[5 rows x 86 columns]
[2024-10-10 01:46:26,058] {python.py:151} INFO - Done. Returned value was: None
[2024-10-10 01:46:26,067] {taskinstance.py:1211} INFO - Marking task as SUCCESS. dag_id=mssql_dag, task_id=clean_member, execution_date=20241010T014619, start_date=20241010T014625, end_date=20241010T014626
[2024-10-10 01:46:26,087] {taskinstance.py:1265} INFO - 1 downstream tasks scheduled from follow-on schedule check
[2024-10-10 01:46:26,097] {local_task_job.py:149} INFO - Task exited with return code 0
