[2024-10-10 03:29:49,787] {taskinstance.py:896} INFO - Dependencies all met for <TaskInstance: mssql_dag.check_null_contract 2024-10-10T03:29:43.702036+00:00 [queued]>
[2024-10-10 03:29:49,794] {taskinstance.py:896} INFO - Dependencies all met for <TaskInstance: mssql_dag.check_null_contract 2024-10-10T03:29:43.702036+00:00 [queued]>
[2024-10-10 03:29:49,795] {taskinstance.py:1087} INFO - 
--------------------------------------------------------------------------------
[2024-10-10 03:29:49,795] {taskinstance.py:1088} INFO - Starting attempt 1 of 2
[2024-10-10 03:29:49,795] {taskinstance.py:1089} INFO - 
--------------------------------------------------------------------------------
[2024-10-10 03:29:49,804] {taskinstance.py:1107} INFO - Executing <Task(PythonOperator): check_null_contract> on 2024-10-10T03:29:43.702036+00:00
[2024-10-10 03:29:49,809] {standard_task_runner.py:52} INFO - Started process 99466 to run task
[2024-10-10 03:29:49,811] {standard_task_runner.py:76} INFO - Running: ['***', 'tasks', 'run', 'mssql_dag', 'check_null_contract', '2024-10-10T03:29:43.702036+00:00', '--job-id', '311', '--pool', 'default_pool', '--raw', '--subdir', 'DAGS_FOLDER/mssql_dag.py', '--cfg-path', '/tmp/tmp7uzk59no', '--error-file', '/tmp/tmpnvsg8c7h']
[2024-10-10 03:29:49,814] {standard_task_runner.py:77} INFO - Job 311: Subtask check_null_contract
[2024-10-10 03:29:49,841] {logging_mixin.py:104} INFO - Running <TaskInstance: mssql_dag.check_null_contract 2024-10-10T03:29:43.702036+00:00 [running]> on host da843a407010
[2024-10-10 03:29:49,870] {taskinstance.py:1302} INFO - Exporting the following env vars:
AIRFLOW_CTX_DAG_OWNER=***
AIRFLOW_CTX_DAG_ID=mssql_dag
AIRFLOW_CTX_TASK_ID=check_null_contract
AIRFLOW_CTX_EXECUTION_DATE=2024-10-10T03:29:43.702036+00:00
AIRFLOW_CTX_DAG_RUN_ID=manual__2024-10-10T03:29:43.702036+00:00
[2024-10-10 03:29:49,872] {python.py:151} INFO - Done. Returned value was: No DataFrame found for Empty DataFrame
Columns: []
Index: []
[2024-10-10 03:29:49,887] {taskinstance.py:1211} INFO - Marking task as SUCCESS. dag_id=mssql_dag, task_id=check_null_contract, execution_date=20241010T032943, start_date=20241010T032949, end_date=20241010T032949
[2024-10-10 03:29:49,906] {taskinstance.py:1265} INFO - 1 downstream tasks scheduled from follow-on schedule check
[2024-10-10 03:29:49,943] {local_task_job.py:149} INFO - Task exited with return code 0
