[2024-10-10 03:56:46,259] {taskinstance.py:896} INFO - Dependencies all met for <TaskInstance: mssql_dag.query_contract 2024-10-10T03:56:45.514280+00:00 [queued]>
[2024-10-10 03:56:46,270] {taskinstance.py:896} INFO - Dependencies all met for <TaskInstance: mssql_dag.query_contract 2024-10-10T03:56:45.514280+00:00 [queued]>
[2024-10-10 03:56:46,276] {taskinstance.py:1087} INFO - 
--------------------------------------------------------------------------------
[2024-10-10 03:56:46,278] {taskinstance.py:1088} INFO - Starting attempt 1 of 2
[2024-10-10 03:56:46,278] {taskinstance.py:1089} INFO - 
--------------------------------------------------------------------------------
[2024-10-10 03:56:46,301] {taskinstance.py:1107} INFO - Executing <Task(PythonOperator): query_contract> on 2024-10-10T03:56:45.514280+00:00
[2024-10-10 03:56:46,314] {standard_task_runner.py:52} INFO - Started process 15204 to run task
[2024-10-10 03:56:46,317] {standard_task_runner.py:76} INFO - Running: ['***', 'tasks', 'run', 'mssql_dag', 'query_contract', '2024-10-10T03:56:45.514280+00:00', '--job-id', '416', '--pool', 'default_pool', '--raw', '--subdir', 'DAGS_FOLDER/mssql_dag.py', '--cfg-path', '/tmp/tmpkp4iwr5w', '--error-file', '/tmp/tmph_chsjgf']
[2024-10-10 03:56:46,322] {standard_task_runner.py:77} INFO - Job 416: Subtask query_contract
[2024-10-10 03:56:46,362] {logging_mixin.py:104} INFO - Running <TaskInstance: mssql_dag.query_contract 2024-10-10T03:56:45.514280+00:00 [running]> on host da843a407010
[2024-10-10 03:56:46,396] {taskinstance.py:1302} INFO - Exporting the following env vars:
AIRFLOW_CTX_DAG_OWNER=***
AIRFLOW_CTX_DAG_ID=mssql_dag
AIRFLOW_CTX_TASK_ID=query_contract
AIRFLOW_CTX_EXECUTION_DATE=2024-10-10T03:56:45.514280+00:00
AIRFLOW_CTX_DAG_RUN_ID=manual__2024-10-10T03:56:45.514280+00:00
[2024-10-10 03:56:46,497] {logging_mixin.py:104} INFO - All records deleted from table 'tmp_contract' successfully.
[2024-10-10 03:56:47,699] {logging_mixin.py:104} INFO - Inserted 500 records into tmp_contract successfully.
[2024-10-10 03:56:47,700] {python.py:151} INFO - Done. Returned value was: None
[2024-10-10 03:56:47,707] {taskinstance.py:1211} INFO - Marking task as SUCCESS. dag_id=mssql_dag, task_id=query_contract, execution_date=20241010T035645, start_date=20241010T035646, end_date=20241010T035647
[2024-10-10 03:56:47,727] {taskinstance.py:1265} INFO - 1 downstream tasks scheduled from follow-on schedule check
[2024-10-10 03:56:47,737] {local_task_job.py:149} INFO - Task exited with return code 0
