[2024-10-10 16:16:55,338] {taskinstance.py:896} INFO - Dependencies all met for <TaskInstance: mssql_dag.query_contract 2024-10-10T16:16:53.768447+00:00 [queued]>
[2024-10-10 16:16:55,352] {taskinstance.py:896} INFO - Dependencies all met for <TaskInstance: mssql_dag.query_contract 2024-10-10T16:16:53.768447+00:00 [queued]>
[2024-10-10 16:16:55,352] {taskinstance.py:1087} INFO - 
--------------------------------------------------------------------------------
[2024-10-10 16:16:55,353] {taskinstance.py:1088} INFO - Starting attempt 1 of 2
[2024-10-10 16:16:55,354] {taskinstance.py:1089} INFO - 
--------------------------------------------------------------------------------
[2024-10-10 16:16:55,361] {taskinstance.py:1107} INFO - Executing <Task(PythonOperator): query_contract> on 2024-10-10T16:16:53.768447+00:00
[2024-10-10 16:16:55,366] {standard_task_runner.py:52} INFO - Started process 83535 to run task
[2024-10-10 16:16:55,369] {standard_task_runner.py:76} INFO - Running: ['***', 'tasks', 'run', 'mssql_dag', 'query_contract', '2024-10-10T16:16:53.768447+00:00', '--job-id', '542', '--pool', 'default_pool', '--raw', '--subdir', 'DAGS_FOLDER/mssql_dag.py', '--cfg-path', '/tmp/tmpzm0spdun', '--error-file', '/tmp/tmpqawh005m']
[2024-10-10 16:16:55,372] {standard_task_runner.py:77} INFO - Job 542: Subtask query_contract
[2024-10-10 16:16:55,406] {logging_mixin.py:104} INFO - Running <TaskInstance: mssql_dag.query_contract 2024-10-10T16:16:53.768447+00:00 [running]> on host da843a407010
[2024-10-10 16:16:55,447] {taskinstance.py:1302} INFO - Exporting the following env vars:
AIRFLOW_CTX_DAG_OWNER=***
AIRFLOW_CTX_DAG_ID=mssql_dag
AIRFLOW_CTX_TASK_ID=query_contract
AIRFLOW_CTX_EXECUTION_DATE=2024-10-10T16:16:53.768447+00:00
AIRFLOW_CTX_DAG_RUN_ID=manual__2024-10-10T16:16:53.768447+00:00
[2024-10-10 16:16:55,536] {logging_mixin.py:104} INFO - All records deleted from table 'tmp_contract' successfully.
[2024-10-10 16:16:56,453] {logging_mixin.py:104} INFO - Inserted 500 records into tmp_contract successfully.
[2024-10-10 16:16:56,453] {python.py:151} INFO - Done. Returned value was: None
[2024-10-10 16:16:56,461] {taskinstance.py:1211} INFO - Marking task as SUCCESS. dag_id=mssql_dag, task_id=query_contract, execution_date=20241010T161653, start_date=20241010T161655, end_date=20241010T161656
[2024-10-10 16:16:56,483] {taskinstance.py:1265} INFO - 1 downstream tasks scheduled from follow-on schedule check
[2024-10-10 16:16:56,504] {local_task_job.py:149} INFO - Task exited with return code 0
