[2024-10-10 02:04:30,577] {taskinstance.py:896} INFO - Dependencies all met for <TaskInstance: mssql_dag.print_contract_detail 2024-10-10T02:04:27.210736+00:00 [queued]>
[2024-10-10 02:04:30,584] {taskinstance.py:896} INFO - Dependencies all met for <TaskInstance: mssql_dag.print_contract_detail 2024-10-10T02:04:27.210736+00:00 [queued]>
[2024-10-10 02:04:30,585] {taskinstance.py:1087} INFO - 
--------------------------------------------------------------------------------
[2024-10-10 02:04:30,585] {taskinstance.py:1088} INFO - Starting attempt 1 of 2
[2024-10-10 02:04:30,586] {taskinstance.py:1089} INFO - 
--------------------------------------------------------------------------------
[2024-10-10 02:04:30,595] {taskinstance.py:1107} INFO - Executing <Task(PythonOperator): print_contract_detail> on 2024-10-10T02:04:27.210736+00:00
[2024-10-10 02:04:30,599] {standard_task_runner.py:52} INFO - Started process 55033 to run task
[2024-10-10 02:04:30,601] {standard_task_runner.py:76} INFO - Running: ['***', 'tasks', 'run', 'mssql_dag', 'print_contract_detail', '2024-10-10T02:04:27.210736+00:00', '--job-id', '229', '--pool', 'default_pool', '--raw', '--subdir', 'DAGS_FOLDER/mssql_dag.py', '--cfg-path', '/tmp/tmp5zo35jjv', '--error-file', '/tmp/tmpkhvfe0q3']
[2024-10-10 02:04:30,604] {standard_task_runner.py:77} INFO - Job 229: Subtask print_contract_detail
[2024-10-10 02:04:30,681] {logging_mixin.py:104} INFO - Running <TaskInstance: mssql_dag.print_contract_detail 2024-10-10T02:04:27.210736+00:00 [running]> on host da843a407010
[2024-10-10 02:04:30,727] {taskinstance.py:1302} INFO - Exporting the following env vars:
AIRFLOW_CTX_DAG_OWNER=***
AIRFLOW_CTX_DAG_ID=mssql_dag
AIRFLOW_CTX_TASK_ID=print_contract_detail
AIRFLOW_CTX_EXECUTION_DATE=2024-10-10T02:04:27.210736+00:00
AIRFLOW_CTX_DAG_RUN_ID=manual__2024-10-10T02:04:27.210736+00:00
[2024-10-10 02:04:30,798] {logging_mixin.py:104} INFO - All records deleted from table 'tmp_contract' successfully.
[2024-10-10 02:04:32,612] {logging_mixin.py:104} INFO - Inserted 500 records into tmp_contract successfully.
[2024-10-10 02:04:32,613] {logging_mixin.py:104} INFO - The DataFrame for table 'contract' is empty.
[2024-10-10 02:04:32,614] {python.py:151} INFO - Done. Returned value was: None
[2024-10-10 02:04:32,621] {taskinstance.py:1211} INFO - Marking task as SUCCESS. dag_id=mssql_dag, task_id=print_contract_detail, execution_date=20241010T020427, start_date=20241010T020430, end_date=20241010T020432
[2024-10-10 02:04:32,640] {taskinstance.py:1265} INFO - 1 downstream tasks scheduled from follow-on schedule check
[2024-10-10 02:04:32,663] {local_task_job.py:149} INFO - Task exited with return code 0
