[2024-10-10 16:47:21,829] {taskinstance.py:896} INFO - Dependencies all met for <TaskInstance: mssql_dag.nsert_clean_contract 2024-10-10T16:47:08.218534+00:00 [queued]>
[2024-10-10 16:47:21,845] {taskinstance.py:896} INFO - Dependencies all met for <TaskInstance: mssql_dag.nsert_clean_contract 2024-10-10T16:47:08.218534+00:00 [queued]>
[2024-10-10 16:47:21,845] {taskinstance.py:1087} INFO - 
--------------------------------------------------------------------------------
[2024-10-10 16:47:21,846] {taskinstance.py:1088} INFO - Starting attempt 1 of 2
[2024-10-10 16:47:21,846] {taskinstance.py:1089} INFO - 
--------------------------------------------------------------------------------
[2024-10-10 16:47:21,859] {taskinstance.py:1107} INFO - Executing <Task(PythonOperator): nsert_clean_contract> on 2024-10-10T16:47:08.218534+00:00
[2024-10-10 16:47:21,865] {standard_task_runner.py:52} INFO - Started process 576 to run task
[2024-10-10 16:47:21,874] {standard_task_runner.py:76} INFO - Running: ['***', 'tasks', 'run', 'mssql_dag', 'nsert_clean_contract', '2024-10-10T16:47:08.218534+00:00', '--job-id', '621', '--pool', 'default_pool', '--raw', '--subdir', 'DAGS_FOLDER/mssql_dag.py', '--cfg-path', '/tmp/tmppyysv0dz', '--error-file', '/tmp/tmpao0gj28s']
[2024-10-10 16:47:21,886] {standard_task_runner.py:77} INFO - Job 621: Subtask nsert_clean_contract
[2024-10-10 16:47:21,943] {logging_mixin.py:104} INFO - Running <TaskInstance: mssql_dag.nsert_clean_contract 2024-10-10T16:47:08.218534+00:00 [running]> on host da843a407010
[2024-10-10 16:47:21,974] {taskinstance.py:1302} INFO - Exporting the following env vars:
AIRFLOW_CTX_DAG_OWNER=***
AIRFLOW_CTX_DAG_ID=mssql_dag
AIRFLOW_CTX_TASK_ID=nsert_clean_contract
AIRFLOW_CTX_EXECUTION_DATE=2024-10-10T16:47:08.218534+00:00
AIRFLOW_CTX_DAG_RUN_ID=manual__2024-10-10T16:47:08.218534+00:00
[2024-10-10 16:47:22,080] {logging_mixin.py:104} INFO - All records deleted from table 'contract' successfully.
[2024-10-10 16:47:23,946] {logging_mixin.py:104} INFO - Inserted 1000 records into clean_contract successfully.
[2024-10-10 16:47:23,947] {logging_mixin.py:104} INFO - Successfully inserted 1000 rows into clean_contract
[2024-10-10 16:47:23,947] {python.py:151} INFO - Done. Returned value was: None
[2024-10-10 16:47:23,954] {taskinstance.py:1211} INFO - Marking task as SUCCESS. dag_id=mssql_dag, task_id=nsert_clean_contract, execution_date=20241010T164708, start_date=20241010T164721, end_date=20241010T164723
[2024-10-10 16:47:23,971] {taskinstance.py:1265} INFO - 0 downstream tasks scheduled from follow-on schedule check
[2024-10-10 16:47:24,012] {local_task_job.py:149} INFO - Task exited with return code 0
