[2024-10-10 03:42:20,449] {taskinstance.py:896} INFO - Dependencies all met for <TaskInstance: mssql_dag.print_receipt_detail 2024-10-10T03:42:16.644170+00:00 [queued]>
[2024-10-10 03:42:20,456] {taskinstance.py:896} INFO - Dependencies all met for <TaskInstance: mssql_dag.print_receipt_detail 2024-10-10T03:42:16.644170+00:00 [queued]>
[2024-10-10 03:42:20,457] {taskinstance.py:1087} INFO - 
--------------------------------------------------------------------------------
[2024-10-10 03:42:20,457] {taskinstance.py:1088} INFO - Starting attempt 1 of 2
[2024-10-10 03:42:20,457] {taskinstance.py:1089} INFO - 
--------------------------------------------------------------------------------
[2024-10-10 03:42:20,465] {taskinstance.py:1107} INFO - Executing <Task(PythonOperator): print_receipt_detail> on 2024-10-10T03:42:16.644170+00:00
[2024-10-10 03:42:20,470] {standard_task_runner.py:52} INFO - Started process 6945 to run task
[2024-10-10 03:42:20,472] {standard_task_runner.py:76} INFO - Running: ['***', 'tasks', 'run', 'mssql_dag', 'print_receipt_detail', '2024-10-10T03:42:16.644170+00:00', '--job-id', '361', '--pool', 'default_pool', '--raw', '--subdir', 'DAGS_FOLDER/mssql_dag.py', '--cfg-path', '/tmp/tmp2kmjhaxi', '--error-file', '/tmp/tmpe_u7d1df']
[2024-10-10 03:42:20,475] {standard_task_runner.py:77} INFO - Job 361: Subtask print_receipt_detail
[2024-10-10 03:42:20,511] {logging_mixin.py:104} INFO - Running <TaskInstance: mssql_dag.print_receipt_detail 2024-10-10T03:42:16.644170+00:00 [running]> on host da843a407010
[2024-10-10 03:42:20,542] {taskinstance.py:1302} INFO - Exporting the following env vars:
AIRFLOW_CTX_DAG_OWNER=***
AIRFLOW_CTX_DAG_ID=mssql_dag
AIRFLOW_CTX_TASK_ID=print_receipt_detail
AIRFLOW_CTX_EXECUTION_DATE=2024-10-10T03:42:16.644170+00:00
AIRFLOW_CTX_DAG_RUN_ID=manual__2024-10-10T03:42:16.644170+00:00
[2024-10-10 03:42:20,577] {logging_mixin.py:104} INFO - The DataFrame for table 'receipt' is empty.
[2024-10-10 03:42:20,578] {logging_mixin.py:104} INFO - The DataFrame for table 'receipt' is empty.
[2024-10-10 03:42:20,578] {python.py:151} INFO - Done. Returned value was: None
[2024-10-10 03:42:20,585] {taskinstance.py:1211} INFO - Marking task as SUCCESS. dag_id=mssql_dag, task_id=print_receipt_detail, execution_date=20241010T034216, start_date=20241010T034220, end_date=20241010T034220
[2024-10-10 03:42:20,636] {taskinstance.py:1265} INFO - 1 downstream tasks scheduled from follow-on schedule check
[2024-10-10 03:42:20,645] {local_task_job.py:149} INFO - Task exited with return code 0
