[2024-10-10 01:47:05,782] {taskinstance.py:896} INFO - Dependencies all met for <TaskInstance: mssql_dag.clean1_receipt 2024-10-10T01:46:19.397014+00:00 [queued]>
[2024-10-10 01:47:05,789] {taskinstance.py:896} INFO - Dependencies all met for <TaskInstance: mssql_dag.clean1_receipt 2024-10-10T01:46:19.397014+00:00 [queued]>
[2024-10-10 01:47:05,790] {taskinstance.py:1087} INFO - 
--------------------------------------------------------------------------------
[2024-10-10 01:47:05,790] {taskinstance.py:1088} INFO - Starting attempt 1 of 2
[2024-10-10 01:47:05,791] {taskinstance.py:1089} INFO - 
--------------------------------------------------------------------------------
[2024-10-10 01:47:05,800] {taskinstance.py:1107} INFO - Executing <Task(PythonOperator): clean1_receipt> on 2024-10-10T01:46:19.397014+00:00
[2024-10-10 01:47:05,806] {standard_task_runner.py:52} INFO - Started process 45666 to run task
[2024-10-10 01:47:05,808] {standard_task_runner.py:76} INFO - Running: ['***', 'tasks', 'run', 'mssql_dag', 'clean1_receipt', '2024-10-10T01:46:19.397014+00:00', '--job-id', '196', '--pool', 'default_pool', '--raw', '--subdir', 'DAGS_FOLDER/mssql_dag.py', '--cfg-path', '/tmp/tmp_dnknpwo', '--error-file', '/tmp/tmpc69b3q9h']
[2024-10-10 01:47:05,811] {standard_task_runner.py:77} INFO - Job 196: Subtask clean1_receipt
[2024-10-10 01:47:05,839] {logging_mixin.py:104} INFO - Running <TaskInstance: mssql_dag.clean1_receipt 2024-10-10T01:46:19.397014+00:00 [running]> on host da843a407010
[2024-10-10 01:47:05,871] {taskinstance.py:1302} INFO - Exporting the following env vars:
AIRFLOW_CTX_DAG_OWNER=***
AIRFLOW_CTX_DAG_ID=mssql_dag
AIRFLOW_CTX_TASK_ID=clean1_receipt
AIRFLOW_CTX_EXECUTION_DATE=2024-10-10T01:46:19.397014+00:00
AIRFLOW_CTX_DAG_RUN_ID=manual__2024-10-10T01:46:19.397014+00:00
[2024-10-10 01:47:05,879] {python.py:151} INFO - Done. Returned value was: None
[2024-10-10 01:47:05,887] {taskinstance.py:1211} INFO - Marking task as SUCCESS. dag_id=mssql_dag, task_id=clean1_receipt, execution_date=20241010T014619, start_date=20241010T014705, end_date=20241010T014705
[2024-10-10 01:47:05,903] {taskinstance.py:1265} INFO - 1 downstream tasks scheduled from follow-on schedule check
[2024-10-10 01:47:05,941] {local_task_job.py:149} INFO - Task exited with return code 0
