[2024-10-10 03:10:58,838] {taskinstance.py:896} INFO - Dependencies all met for <TaskInstance: mssql_dag.query_contract 2024-10-10T03:10:58.109009+00:00 [queued]>
[2024-10-10 03:10:58,845] {taskinstance.py:896} INFO - Dependencies all met for <TaskInstance: mssql_dag.query_contract 2024-10-10T03:10:58.109009+00:00 [queued]>
[2024-10-10 03:10:58,845] {taskinstance.py:1087} INFO - 
--------------------------------------------------------------------------------
[2024-10-10 03:10:58,846] {taskinstance.py:1088} INFO - Starting attempt 1 of 2
[2024-10-10 03:10:58,846] {taskinstance.py:1089} INFO - 
--------------------------------------------------------------------------------
[2024-10-10 03:10:58,855] {taskinstance.py:1107} INFO - Executing <Task(PythonOperator): query_contract> on 2024-10-10T03:10:58.109009+00:00
[2024-10-10 03:10:58,858] {standard_task_runner.py:52} INFO - Started process 89623 to run task
[2024-10-10 03:10:58,862] {standard_task_runner.py:76} INFO - Running: ['***', 'tasks', 'run', 'mssql_dag', 'query_contract', '2024-10-10T03:10:58.109009+00:00', '--job-id', '290', '--pool', 'default_pool', '--raw', '--subdir', 'DAGS_FOLDER/mssql_dag.py', '--cfg-path', '/tmp/tmpbkk03mfd', '--error-file', '/tmp/tmpu1riijjm']
[2024-10-10 03:10:58,866] {standard_task_runner.py:77} INFO - Job 290: Subtask query_contract
[2024-10-10 03:10:58,907] {logging_mixin.py:104} INFO - Running <TaskInstance: mssql_dag.query_contract 2024-10-10T03:10:58.109009+00:00 [running]> on host da843a407010
[2024-10-10 03:10:58,941] {taskinstance.py:1302} INFO - Exporting the following env vars:
AIRFLOW_CTX_DAG_OWNER=***
AIRFLOW_CTX_DAG_ID=mssql_dag
AIRFLOW_CTX_TASK_ID=query_contract
AIRFLOW_CTX_EXECUTION_DATE=2024-10-10T03:10:58.109009+00:00
AIRFLOW_CTX_DAG_RUN_ID=manual__2024-10-10T03:10:58.109009+00:00
[2024-10-10 03:10:59,054] {logging_mixin.py:104} INFO - All records deleted from table 'tmp_contract' successfully.
[2024-10-10 03:11:00,393] {logging_mixin.py:104} INFO - Inserted 500 records into tmp_contract successfully.
[2024-10-10 03:11:00,394] {python.py:151} INFO - Done. Returned value was: None
[2024-10-10 03:11:00,401] {taskinstance.py:1211} INFO - Marking task as SUCCESS. dag_id=mssql_dag, task_id=query_contract, execution_date=20241010T031058, start_date=20241010T031058, end_date=20241010T031100
[2024-10-10 03:11:00,420] {taskinstance.py:1265} INFO - 1 downstream tasks scheduled from follow-on schedule check
[2024-10-10 03:11:00,438] {local_task_job.py:149} INFO - Task exited with return code 0
