[2024-10-10 02:24:25,736] {taskinstance.py:896} INFO - Dependencies all met for <TaskInstance: mssql_dag.check_null_receipt 2024-10-10T02:24:19.073195+00:00 [queued]>
[2024-10-10 02:24:25,745] {taskinstance.py:896} INFO - Dependencies all met for <TaskInstance: mssql_dag.check_null_receipt 2024-10-10T02:24:19.073195+00:00 [queued]>
[2024-10-10 02:24:25,745] {taskinstance.py:1087} INFO - 
--------------------------------------------------------------------------------
[2024-10-10 02:24:25,746] {taskinstance.py:1088} INFO - Starting attempt 1 of 2
[2024-10-10 02:24:25,746] {taskinstance.py:1089} INFO - 
--------------------------------------------------------------------------------
[2024-10-10 02:24:25,756] {taskinstance.py:1107} INFO - Executing <Task(PythonOperator): check_null_receipt> on 2024-10-10T02:24:19.073195+00:00
[2024-10-10 02:24:25,761] {standard_task_runner.py:52} INFO - Started process 65678 to run task
[2024-10-10 02:24:25,763] {standard_task_runner.py:76} INFO - Running: ['***', 'tasks', 'run', 'mssql_dag', 'check_null_receipt', '2024-10-10T02:24:19.073195+00:00', '--job-id', '260', '--pool', 'default_pool', '--raw', '--subdir', 'DAGS_FOLDER/mssql_dag.py', '--cfg-path', '/tmp/tmpbxc_l1ki', '--error-file', '/tmp/tmpbla9vozg']
[2024-10-10 02:24:25,767] {standard_task_runner.py:77} INFO - Job 260: Subtask check_null_receipt
[2024-10-10 02:24:25,799] {logging_mixin.py:104} INFO - Running <TaskInstance: mssql_dag.check_null_receipt 2024-10-10T02:24:19.073195+00:00 [running]> on host da843a407010
[2024-10-10 02:24:25,837] {taskinstance.py:1302} INFO - Exporting the following env vars:
AIRFLOW_CTX_DAG_OWNER=***
AIRFLOW_CTX_DAG_ID=mssql_dag
AIRFLOW_CTX_TASK_ID=check_null_receipt
AIRFLOW_CTX_EXECUTION_DATE=2024-10-10T02:24:19.073195+00:00
AIRFLOW_CTX_DAG_RUN_ID=manual__2024-10-10T02:24:19.073195+00:00
[2024-10-10 02:24:25,839] {python.py:151} INFO - Done. Returned value was: No DataFrame found for Empty DataFrame
Columns: []
Index: []
[2024-10-10 02:24:25,857] {taskinstance.py:1211} INFO - Marking task as SUCCESS. dag_id=mssql_dag, task_id=check_null_receipt, execution_date=20241010T022419, start_date=20241010T022425, end_date=20241010T022425
[2024-10-10 02:24:25,876] {taskinstance.py:1265} INFO - 1 downstream tasks scheduled from follow-on schedule check
[2024-10-10 02:24:25,896] {local_task_job.py:149} INFO - Task exited with return code 0
