[2024-10-10 16:17:06,285] {taskinstance.py:896} INFO - Dependencies all met for <TaskInstance: mssql_dag.boxplot_data_contract 2024-10-10T16:16:53.768447+00:00 [queued]>
[2024-10-10 16:17:06,297] {taskinstance.py:896} INFO - Dependencies all met for <TaskInstance: mssql_dag.boxplot_data_contract 2024-10-10T16:16:53.768447+00:00 [queued]>
[2024-10-10 16:17:06,297] {taskinstance.py:1087} INFO - 
--------------------------------------------------------------------------------
[2024-10-10 16:17:06,297] {taskinstance.py:1088} INFO - Starting attempt 1 of 2
[2024-10-10 16:17:06,298] {taskinstance.py:1089} INFO - 
--------------------------------------------------------------------------------
[2024-10-10 16:17:06,304] {taskinstance.py:1107} INFO - Executing <Task(PythonOperator): boxplot_data_contract> on 2024-10-10T16:16:53.768447+00:00
[2024-10-10 16:17:06,309] {standard_task_runner.py:52} INFO - Started process 83804 to run task
[2024-10-10 16:17:06,312] {standard_task_runner.py:76} INFO - Running: ['***', 'tasks', 'run', 'mssql_dag', 'boxplot_data_contract', '2024-10-10T16:16:53.768447+00:00', '--job-id', '556', '--pool', 'default_pool', '--raw', '--subdir', 'DAGS_FOLDER/mssql_dag.py', '--cfg-path', '/tmp/tmppysbdykj', '--error-file', '/tmp/tmppveavvlk']
[2024-10-10 16:17:06,315] {standard_task_runner.py:77} INFO - Job 556: Subtask boxplot_data_contract
[2024-10-10 16:17:06,348] {logging_mixin.py:104} INFO - Running <TaskInstance: mssql_dag.boxplot_data_contract 2024-10-10T16:16:53.768447+00:00 [running]> on host da843a407010
[2024-10-10 16:17:06,382] {taskinstance.py:1302} INFO - Exporting the following env vars:
AIRFLOW_CTX_DAG_OWNER=***
AIRFLOW_CTX_DAG_ID=mssql_dag
AIRFLOW_CTX_TASK_ID=boxplot_data_contract
AIRFLOW_CTX_EXECUTION_DATE=2024-10-10T16:16:53.768447+00:00
AIRFLOW_CTX_DAG_RUN_ID=manual__2024-10-10T16:16:53.768447+00:00
[2024-10-10 16:17:06,494] {logging_mixin.py:104} INFO -      PROM_MEMB_NO  ...                       POST_DATETIME
0             662  ...                                NULL
1             662  ...                                NULL
2             662  ...                                NULL
3             662  ...                                NULL
4             662  ...                                NULL
..            ...  ...                                 ...
995           489  ...  Mon Nov 07 12:57:02 GMT+07:00 2022
996           492  ...  Mon Nov 07 12:57:02 GMT+07:00 2022
997           492  ...  Mon Nov 07 12:57:02 GMT+07:00 2022
998           492  ...  Mon Nov 07 12:57:02 GMT+07:00 2022
999           512  ...  Mon Nov 07 12:57:02 GMT+07:00 2022

[1000 rows x 51 columns]
[2024-10-10 16:17:06,631] {logging_mixin.py:104} INFO - Boxplot saved as /tmp/contract_boxplot.png
[2024-10-10 16:17:06,631] {python.py:151} INFO - Done. Returned value was: None
[2024-10-10 16:17:06,639] {taskinstance.py:1211} INFO - Marking task as SUCCESS. dag_id=mssql_dag, task_id=boxplot_data_contract, execution_date=20241010T161653, start_date=20241010T161706, end_date=20241010T161706
[2024-10-10 16:17:06,727] {taskinstance.py:1265} INFO - 0 downstream tasks scheduled from follow-on schedule check
[2024-10-10 16:17:06,765] {local_task_job.py:149} INFO - Task exited with return code 0
