[2024-10-10 16:47:20,745] {taskinstance.py:896} INFO - Dependencies all met for <TaskInstance: mssql_dag.insert_clean_member 2024-10-10T16:47:08.218534+00:00 [queued]>
[2024-10-10 16:47:20,757] {taskinstance.py:896} INFO - Dependencies all met for <TaskInstance: mssql_dag.insert_clean_member 2024-10-10T16:47:08.218534+00:00 [queued]>
[2024-10-10 16:47:20,757] {taskinstance.py:1087} INFO - 
--------------------------------------------------------------------------------
[2024-10-10 16:47:20,758] {taskinstance.py:1088} INFO - Starting attempt 1 of 2
[2024-10-10 16:47:20,758] {taskinstance.py:1089} INFO - 
--------------------------------------------------------------------------------
[2024-10-10 16:47:20,764] {taskinstance.py:1107} INFO - Executing <Task(PythonOperator): insert_clean_member> on 2024-10-10T16:47:08.218534+00:00
[2024-10-10 16:47:20,771] {standard_task_runner.py:52} INFO - Started process 531 to run task
[2024-10-10 16:47:20,774] {standard_task_runner.py:76} INFO - Running: ['***', 'tasks', 'run', 'mssql_dag', 'insert_clean_member', '2024-10-10T16:47:08.218534+00:00', '--job-id', '620', '--pool', 'default_pool', '--raw', '--subdir', 'DAGS_FOLDER/mssql_dag.py', '--cfg-path', '/tmp/tmp9p2n7ouh', '--error-file', '/tmp/tmpl8zgd32s']
[2024-10-10 16:47:20,779] {standard_task_runner.py:77} INFO - Job 620: Subtask insert_clean_member
[2024-10-10 16:47:20,814] {logging_mixin.py:104} INFO - Running <TaskInstance: mssql_dag.insert_clean_member 2024-10-10T16:47:08.218534+00:00 [running]> on host da843a407010
[2024-10-10 16:47:20,856] {taskinstance.py:1302} INFO - Exporting the following env vars:
AIRFLOW_CTX_DAG_OWNER=***
AIRFLOW_CTX_DAG_ID=mssql_dag
AIRFLOW_CTX_TASK_ID=insert_clean_member
AIRFLOW_CTX_EXECUTION_DATE=2024-10-10T16:47:08.218534+00:00
AIRFLOW_CTX_DAG_RUN_ID=manual__2024-10-10T16:47:08.218534+00:00
[2024-10-10 16:47:21,026] {logging_mixin.py:104} INFO - All records deleted from table 'member' successfully.
[2024-10-10 16:47:21,941] {logging_mixin.py:104} INFO - Inserted 300 records into clean_member successfully.
[2024-10-10 16:47:21,941] {logging_mixin.py:104} INFO - Successfully inserted 300 rows into clean_member
[2024-10-10 16:47:21,942] {python.py:151} INFO - Done. Returned value was: None
[2024-10-10 16:47:21,948] {taskinstance.py:1211} INFO - Marking task as SUCCESS. dag_id=mssql_dag, task_id=insert_clean_member, execution_date=20241010T164708, start_date=20241010T164720, end_date=20241010T164721
[2024-10-10 16:47:21,964] {taskinstance.py:1265} INFO - 0 downstream tasks scheduled from follow-on schedule check
[2024-10-10 16:47:21,989] {local_task_job.py:149} INFO - Task exited with return code 0
