[2024-10-10 16:48:28,394] {taskinstance.py:896} INFO - Dependencies all met for <TaskInstance: mssql_dag.clean1_receipt 2024-10-10T16:47:08.218534+00:00 [queued]>
[2024-10-10 16:48:28,406] {taskinstance.py:896} INFO - Dependencies all met for <TaskInstance: mssql_dag.clean1_receipt 2024-10-10T16:47:08.218534+00:00 [queued]>
[2024-10-10 16:48:28,407] {taskinstance.py:1087} INFO - 
--------------------------------------------------------------------------------
[2024-10-10 16:48:28,408] {taskinstance.py:1088} INFO - Starting attempt 1 of 2
[2024-10-10 16:48:28,408] {taskinstance.py:1089} INFO - 
--------------------------------------------------------------------------------
[2024-10-10 16:48:28,416] {taskinstance.py:1107} INFO - Executing <Task(PythonOperator): clean1_receipt> on 2024-10-10T16:47:08.218534+00:00
[2024-10-10 16:48:28,422] {standard_task_runner.py:52} INFO - Started process 1149 to run task
[2024-10-10 16:48:28,425] {standard_task_runner.py:76} INFO - Running: ['***', 'tasks', 'run', 'mssql_dag', 'clean1_receipt', '2024-10-10T16:47:08.218534+00:00', '--job-id', '624', '--pool', 'default_pool', '--raw', '--subdir', 'DAGS_FOLDER/mssql_dag.py', '--cfg-path', '/tmp/tmpq7v2kyx9', '--error-file', '/tmp/tmpcx91z9n9']
[2024-10-10 16:48:28,428] {standard_task_runner.py:77} INFO - Job 624: Subtask clean1_receipt
[2024-10-10 16:48:28,469] {logging_mixin.py:104} INFO - Running <TaskInstance: mssql_dag.clean1_receipt 2024-10-10T16:47:08.218534+00:00 [running]> on host da843a407010
[2024-10-10 16:48:28,503] {taskinstance.py:1302} INFO - Exporting the following env vars:
AIRFLOW_CTX_DAG_OWNER=***
AIRFLOW_CTX_DAG_ID=mssql_dag
AIRFLOW_CTX_TASK_ID=clean1_receipt
AIRFLOW_CTX_EXECUTION_DATE=2024-10-10T16:47:08.218534+00:00
AIRFLOW_CTX_DAG_RUN_ID=manual__2024-10-10T16:47:08.218534+00:00
[2024-10-10 16:49:36,930] {logging_mixin.py:104} INFO - Inserted 35151 records into tmp_receipt successfully.
[2024-10-10 16:49:36,946] {python.py:151} INFO - Done. Returned value was: None
[2024-10-10 16:49:36,955] {taskinstance.py:1211} INFO - Marking task as SUCCESS. dag_id=mssql_dag, task_id=clean1_receipt, execution_date=20241010T164708, start_date=20241010T164828, end_date=20241010T164936
[2024-10-10 16:49:36,976] {taskinstance.py:1265} INFO - 1 downstream tasks scheduled from follow-on schedule check
[2024-10-10 16:49:37,003] {local_task_job.py:149} INFO - Task exited with return code 0
