[2024-10-09 08:10:02,934] {taskinstance.py:896} INFO - Dependencies all met for <TaskInstance: mssql_dag.query_member 2024-10-09T08:10:01.160633+00:00 [queued]>
[2024-10-09 08:10:02,941] {taskinstance.py:896} INFO - Dependencies all met for <TaskInstance: mssql_dag.query_member 2024-10-09T08:10:01.160633+00:00 [queued]>
[2024-10-09 08:10:02,941] {taskinstance.py:1087} INFO - 
--------------------------------------------------------------------------------
[2024-10-09 08:10:02,942] {taskinstance.py:1088} INFO - Starting attempt 1 of 2
[2024-10-09 08:10:02,942] {taskinstance.py:1089} INFO - 
--------------------------------------------------------------------------------
[2024-10-09 08:10:02,952] {taskinstance.py:1107} INFO - Executing <Task(PythonOperator): query_member> on 2024-10-09T08:10:01.160633+00:00
[2024-10-09 08:10:02,956] {standard_task_runner.py:52} INFO - Started process 70519 to run task
[2024-10-09 08:10:02,960] {standard_task_runner.py:76} INFO - Running: ['***', 'tasks', 'run', 'mssql_dag', 'query_member', '2024-10-09T08:10:01.160633+00:00', '--job-id', '6', '--pool', 'default_pool', '--raw', '--subdir', 'DAGS_FOLDER/mssql_dag.py', '--cfg-path', '/tmp/tmpxcx9ualy', '--error-file', '/tmp/tmpqz9aub05']
[2024-10-09 08:10:02,964] {standard_task_runner.py:77} INFO - Job 6: Subtask query_member
[2024-10-09 08:10:03,075] {logging_mixin.py:104} INFO - Running <TaskInstance: mssql_dag.query_member 2024-10-09T08:10:01.160633+00:00 [running]> on host da843a407010
[2024-10-09 08:10:03,173] {taskinstance.py:1302} INFO - Exporting the following env vars:
AIRFLOW_CTX_DAG_OWNER=***
AIRFLOW_CTX_DAG_ID=mssql_dag
AIRFLOW_CTX_TASK_ID=query_member
AIRFLOW_CTX_EXECUTION_DATE=2024-10-09T08:10:01.160633+00:00
AIRFLOW_CTX_DAG_RUN_ID=manual__2024-10-09T08:10:01.160633+00:00
[2024-10-09 08:10:03,479] {xcom.py:229} ERROR - Could not serialize the XCom value into JSON. If you are using pickle instead of JSON for XCom, then you need to enable pickle support for XCom in your *** config.
[2024-10-09 08:10:03,481] {taskinstance.py:1501} ERROR - Task failed with exception
Traceback (most recent call last):
  File "/home/airflow/.local/lib/python3.6/site-packages/airflow/models/taskinstance.py", line 1157, in _run_raw_task
    self._prepare_and_execute_task_with_callbacks(context, task)
  File "/home/airflow/.local/lib/python3.6/site-packages/airflow/models/taskinstance.py", line 1331, in _prepare_and_execute_task_with_callbacks
    result = self._execute_task(context, task_copy)
  File "/home/airflow/.local/lib/python3.6/site-packages/airflow/models/taskinstance.py", line 1361, in _execute_task
    result = task_copy.execute(context=context)
  File "/home/airflow/.local/lib/python3.6/site-packages/airflow/operators/python.py", line 150, in execute
    return_value = self.execute_callable()
  File "/home/airflow/.local/lib/python3.6/site-packages/airflow/operators/python.py", line 161, in execute_callable
    return self.python_callable(*self.op_args, **self.op_kwargs)
  File "/opt/airflow/dags/mssql_dag.py", line 35, in query_table
    kwargs['ti'].xcom_push(key=f"df_{table_name}", value=df)
  File "/home/airflow/.local/lib/python3.6/site-packages/airflow/utils/session.py", line 70, in wrapper
    return func(*args, session=session, **kwargs)
  File "/home/airflow/.local/lib/python3.6/site-packages/airflow/models/taskinstance.py", line 1943, in xcom_push
    session=session,
  File "/home/airflow/.local/lib/python3.6/site-packages/airflow/utils/session.py", line 67, in wrapper
    return func(*args, **kwargs)
  File "/home/airflow/.local/lib/python3.6/site-packages/airflow/models/xcom.py", line 79, in set
    value = XCom.serialize_value(value)
  File "/home/airflow/.local/lib/python3.6/site-packages/airflow/models/xcom.py", line 226, in serialize_value
    return json.dumps(value).encode('UTF-8')
  File "/usr/local/lib/python3.6/json/__init__.py", line 231, in dumps
    return _default_encoder.encode(obj)
  File "/usr/local/lib/python3.6/json/encoder.py", line 199, in encode
    chunks = self.iterencode(o, _one_shot=True)
  File "/usr/local/lib/python3.6/json/encoder.py", line 257, in iterencode
    return _iterencode(o, 0)
  File "/usr/local/lib/python3.6/json/encoder.py", line 180, in default
    o.__class__.__name__)
TypeError: Object of type 'DataFrame' is not JSON serializable
[2024-10-09 08:10:03,515] {taskinstance.py:1551} INFO - Marking task as UP_FOR_RETRY. dag_id=mssql_dag, task_id=query_member, execution_date=20241009T081001, start_date=20241009T081002, end_date=20241009T081003
[2024-10-09 08:10:03,577] {local_task_job.py:149} INFO - Task exited with return code 1
