[2024-10-10 16:24:15,105] {taskinstance.py:896} INFO - Dependencies all met for <TaskInstance: mssql_dag.boxplot_data_member 2024-10-10T16:24:03.207887+00:00 [queued]>
[2024-10-10 16:24:15,117] {taskinstance.py:896} INFO - Dependencies all met for <TaskInstance: mssql_dag.boxplot_data_member 2024-10-10T16:24:03.207887+00:00 [queued]>
[2024-10-10 16:24:15,118] {taskinstance.py:1087} INFO - 
--------------------------------------------------------------------------------
[2024-10-10 16:24:15,118] {taskinstance.py:1088} INFO - Starting attempt 1 of 2
[2024-10-10 16:24:15,118] {taskinstance.py:1089} INFO - 
--------------------------------------------------------------------------------
[2024-10-10 16:24:15,124] {taskinstance.py:1107} INFO - Executing <Task(PythonOperator): boxplot_data_member> on 2024-10-10T16:24:03.207887+00:00
[2024-10-10 16:24:15,130] {standard_task_runner.py:52} INFO - Started process 87767 to run task
[2024-10-10 16:24:15,133] {standard_task_runner.py:76} INFO - Running: ['***', 'tasks', 'run', 'mssql_dag', 'boxplot_data_member', '2024-10-10T16:24:03.207887+00:00', '--job-id', '576', '--pool', 'default_pool', '--raw', '--subdir', 'DAGS_FOLDER/mssql_dag.py', '--cfg-path', '/tmp/tmp3p4uufaa', '--error-file', '/tmp/tmp5a44tcsu']
[2024-10-10 16:24:15,135] {standard_task_runner.py:77} INFO - Job 576: Subtask boxplot_data_member
[2024-10-10 16:24:15,167] {logging_mixin.py:104} INFO - Running <TaskInstance: mssql_dag.boxplot_data_member 2024-10-10T16:24:03.207887+00:00 [running]> on host da843a407010
[2024-10-10 16:24:15,200] {taskinstance.py:1302} INFO - Exporting the following env vars:
AIRFLOW_CTX_DAG_OWNER=***
AIRFLOW_CTX_DAG_ID=mssql_dag
AIRFLOW_CTX_TASK_ID=boxplot_data_member
AIRFLOW_CTX_EXECUTION_DATE=2024-10-10T16:24:03.207887+00:00
AIRFLOW_CTX_DAG_RUN_ID=manual__2024-10-10T16:24:03.207887+00:00
[2024-10-10 16:24:15,336] {logging_mixin.py:104} INFO -      MAST_MEMB_NO MAST_MEMB_DEPT  ... MAST_GUIDE_MEMB_NO POST_DATETIME
0             638           1156  ...               NULL          NULL
1             363           1155  ...               NULL          NULL
2             577           1151  ...               NULL          NULL
3             603           1157  ...               NULL          NULL
4             607           1156  ...               NULL          NULL
..            ...            ...  ...                ...           ...
295           627           1156  ...               NULL          NULL
296           637           1156  ...               NULL          NULL
297           273           1151  ...                                 
298           551           1156  ...                                 
299           557           3450  ...                                 

[300 rows x 85 columns]
[2024-10-10 16:24:15,472] {logging_mixin.py:104} INFO - Boxplot saved as /tmp/member_boxplot.png
[2024-10-10 16:24:15,473] {python.py:151} INFO - Done. Returned value was: None
[2024-10-10 16:24:15,480] {taskinstance.py:1211} INFO - Marking task as SUCCESS. dag_id=mssql_dag, task_id=boxplot_data_member, execution_date=20241010T162403, start_date=20241010T162415, end_date=20241010T162415
[2024-10-10 16:24:15,497] {taskinstance.py:1265} INFO - 0 downstream tasks scheduled from follow-on schedule check
[2024-10-10 16:24:15,506] {local_task_job.py:149} INFO - Task exited with return code 0
