[2024-10-10 03:04:50,315] {taskinstance.py:896} INFO - Dependencies all met for <TaskInstance: mssql_dag.clean1_receipt 2024-10-10T03:04:43.320716+00:00 [queued]>
[2024-10-10 03:04:50,324] {taskinstance.py:896} INFO - Dependencies all met for <TaskInstance: mssql_dag.clean1_receipt 2024-10-10T03:04:43.320716+00:00 [queued]>
[2024-10-10 03:04:50,324] {taskinstance.py:1087} INFO - 
--------------------------------------------------------------------------------
[2024-10-10 03:04:50,326] {taskinstance.py:1088} INFO - Starting attempt 1 of 2
[2024-10-10 03:04:50,327] {taskinstance.py:1089} INFO - 
--------------------------------------------------------------------------------
[2024-10-10 03:04:50,337] {taskinstance.py:1107} INFO - Executing <Task(PythonOperator): clean1_receipt> on 2024-10-10T03:04:43.320716+00:00
[2024-10-10 03:04:50,344] {standard_task_runner.py:52} INFO - Started process 86476 to run task
[2024-10-10 03:04:50,346] {standard_task_runner.py:76} INFO - Running: ['***', 'tasks', 'run', 'mssql_dag', 'clean1_receipt', '2024-10-10T03:04:43.320716+00:00', '--job-id', '288', '--pool', 'default_pool', '--raw', '--subdir', 'DAGS_FOLDER/mssql_dag.py', '--cfg-path', '/tmp/tmpmx7yji0v', '--error-file', '/tmp/tmpa8k15qx3']
[2024-10-10 03:04:50,350] {standard_task_runner.py:77} INFO - Job 288: Subtask clean1_receipt
[2024-10-10 03:04:50,384] {logging_mixin.py:104} INFO - Running <TaskInstance: mssql_dag.clean1_receipt 2024-10-10T03:04:43.320716+00:00 [running]> on host da843a407010
[2024-10-10 03:04:50,416] {taskinstance.py:1302} INFO - Exporting the following env vars:
AIRFLOW_CTX_DAG_OWNER=***
AIRFLOW_CTX_DAG_ID=mssql_dag
AIRFLOW_CTX_TASK_ID=clean1_receipt
AIRFLOW_CTX_EXECUTION_DATE=2024-10-10T03:04:43.320716+00:00
AIRFLOW_CTX_DAG_RUN_ID=manual__2024-10-10T03:04:43.320716+00:00
[2024-10-10 03:04:50,423] {python.py:151} INFO - Done. Returned value was: None
[2024-10-10 03:04:50,430] {taskinstance.py:1211} INFO - Marking task as SUCCESS. dag_id=mssql_dag, task_id=clean1_receipt, execution_date=20241010T030443, start_date=20241010T030450, end_date=20241010T030450
[2024-10-10 03:04:50,450] {taskinstance.py:1265} INFO - 1 downstream tasks scheduled from follow-on schedule check
[2024-10-10 03:04:50,480] {local_task_job.py:149} INFO - Task exited with return code 0
