[2024-10-10 04:39:28,927] {taskinstance.py:896} INFO - Dependencies all met for <TaskInstance: mssql_dag.query_contract 2024-10-10T04:39:27.817496+00:00 [queued]>
[2024-10-10 04:39:28,940] {taskinstance.py:896} INFO - Dependencies all met for <TaskInstance: mssql_dag.query_contract 2024-10-10T04:39:27.817496+00:00 [queued]>
[2024-10-10 04:39:28,941] {taskinstance.py:1087} INFO - 
--------------------------------------------------------------------------------
[2024-10-10 04:39:28,942] {taskinstance.py:1088} INFO - Starting attempt 1 of 2
[2024-10-10 04:39:28,943] {taskinstance.py:1089} INFO - 
--------------------------------------------------------------------------------
[2024-10-10 04:39:28,955] {taskinstance.py:1107} INFO - Executing <Task(PythonOperator): query_contract> on 2024-10-10T04:39:27.817496+00:00
[2024-10-10 04:39:28,960] {standard_task_runner.py:52} INFO - Started process 33412 to run task
[2024-10-10 04:39:28,963] {standard_task_runner.py:76} INFO - Running: ['***', 'tasks', 'run', 'mssql_dag', 'query_contract', '2024-10-10T04:39:27.817496+00:00', '--job-id', '436', '--pool', 'default_pool', '--raw', '--subdir', 'DAGS_FOLDER/mssql_dag.py', '--cfg-path', '/tmp/tmpqc0tfj12', '--error-file', '/tmp/tmp_e30p700']
[2024-10-10 04:39:28,967] {standard_task_runner.py:77} INFO - Job 436: Subtask query_contract
[2024-10-10 04:39:29,005] {logging_mixin.py:104} INFO - Running <TaskInstance: mssql_dag.query_contract 2024-10-10T04:39:27.817496+00:00 [running]> on host da843a407010
[2024-10-10 04:39:29,040] {taskinstance.py:1302} INFO - Exporting the following env vars:
AIRFLOW_CTX_DAG_OWNER=***
AIRFLOW_CTX_DAG_ID=mssql_dag
AIRFLOW_CTX_TASK_ID=query_contract
AIRFLOW_CTX_EXECUTION_DATE=2024-10-10T04:39:27.817496+00:00
AIRFLOW_CTX_DAG_RUN_ID=manual__2024-10-10T04:39:27.817496+00:00
[2024-10-10 04:39:29,165] {logging_mixin.py:104} INFO - All records deleted from table 'tmp_contract' successfully.
[2024-10-10 04:39:30,601] {logging_mixin.py:104} INFO - Inserted 500 records into tmp_contract successfully.
[2024-10-10 04:39:30,601] {python.py:151} INFO - Done. Returned value was: None
[2024-10-10 04:39:30,608] {taskinstance.py:1211} INFO - Marking task as SUCCESS. dag_id=mssql_dag, task_id=query_contract, execution_date=20241010T043927, start_date=20241010T043928, end_date=20241010T043930
[2024-10-10 04:39:30,627] {taskinstance.py:1265} INFO - 1 downstream tasks scheduled from follow-on schedule check
[2024-10-10 04:39:30,660] {local_task_job.py:149} INFO - Task exited with return code 0
