[2024-10-10 01:54:39,268] {taskinstance.py:896} INFO - Dependencies all met for <TaskInstance: mssql_dag.print_contract_detail 2024-10-10T01:54:35.970892+00:00 [queued]>
[2024-10-10 01:54:39,277] {taskinstance.py:896} INFO - Dependencies all met for <TaskInstance: mssql_dag.print_contract_detail 2024-10-10T01:54:35.970892+00:00 [queued]>
[2024-10-10 01:54:39,277] {taskinstance.py:1087} INFO - 
--------------------------------------------------------------------------------
[2024-10-10 01:54:39,278] {taskinstance.py:1088} INFO - Starting attempt 1 of 2
[2024-10-10 01:54:39,279] {taskinstance.py:1089} INFO - 
--------------------------------------------------------------------------------
[2024-10-10 01:54:39,290] {taskinstance.py:1107} INFO - Executing <Task(PythonOperator): print_contract_detail> on 2024-10-10T01:54:35.970892+00:00
[2024-10-10 01:54:39,293] {standard_task_runner.py:52} INFO - Started process 49866 to run task
[2024-10-10 01:54:39,297] {standard_task_runner.py:76} INFO - Running: ['***', 'tasks', 'run', 'mssql_dag', 'print_contract_detail', '2024-10-10T01:54:35.970892+00:00', '--job-id', '215', '--pool', 'default_pool', '--raw', '--subdir', 'DAGS_FOLDER/mssql_dag.py', '--cfg-path', '/tmp/tmpr0dz6mqg', '--error-file', '/tmp/tmpueku7a_w']
[2024-10-10 01:54:39,300] {standard_task_runner.py:77} INFO - Job 215: Subtask print_contract_detail
[2024-10-10 01:54:39,332] {logging_mixin.py:104} INFO - Running <TaskInstance: mssql_dag.print_contract_detail 2024-10-10T01:54:35.970892+00:00 [running]> on host da843a407010
[2024-10-10 01:54:39,363] {taskinstance.py:1302} INFO - Exporting the following env vars:
AIRFLOW_CTX_DAG_OWNER=***
AIRFLOW_CTX_DAG_ID=mssql_dag
AIRFLOW_CTX_TASK_ID=print_contract_detail
AIRFLOW_CTX_EXECUTION_DATE=2024-10-10T01:54:35.970892+00:00
AIRFLOW_CTX_DAG_RUN_ID=manual__2024-10-10T01:54:35.970892+00:00
[2024-10-10 01:54:44,344] {logging_mixin.py:104} INFO - Inserted 2000 records into contract successfully.
[2024-10-10 01:54:44,346] {logging_mixin.py:104} INFO - The DataFrame for table 'contract' is empty.
[2024-10-10 01:54:44,346] {python.py:151} INFO - Done. Returned value was: None
[2024-10-10 01:54:44,353] {taskinstance.py:1211} INFO - Marking task as SUCCESS. dag_id=mssql_dag, task_id=print_contract_detail, execution_date=20241010T015435, start_date=20241010T015439, end_date=20241010T015444
[2024-10-10 01:54:44,371] {taskinstance.py:1265} INFO - 1 downstream tasks scheduled from follow-on schedule check
[2024-10-10 01:54:44,398] {local_task_job.py:149} INFO - Task exited with return code 0
