[2024-10-10 04:55:13,640] {taskinstance.py:896} INFO - Dependencies all met for <TaskInstance: mssql_dag.clean2_receipt 2024-10-10T04:51:35.975029+00:00 [queued]>
[2024-10-10 04:55:13,647] {taskinstance.py:896} INFO - Dependencies all met for <TaskInstance: mssql_dag.clean2_receipt 2024-10-10T04:51:35.975029+00:00 [queued]>
[2024-10-10 04:55:13,649] {taskinstance.py:1087} INFO - 
--------------------------------------------------------------------------------
[2024-10-10 04:55:13,650] {taskinstance.py:1088} INFO - Starting attempt 1 of 2
[2024-10-10 04:55:13,651] {taskinstance.py:1089} INFO - 
--------------------------------------------------------------------------------
[2024-10-10 04:55:13,659] {taskinstance.py:1107} INFO - Executing <Task(PythonOperator): clean2_receipt> on 2024-10-10T04:51:35.975029+00:00
[2024-10-10 04:55:13,665] {standard_task_runner.py:52} INFO - Started process 42079 to run task
[2024-10-10 04:55:13,668] {standard_task_runner.py:76} INFO - Running: ['***', 'tasks', 'run', 'mssql_dag', 'clean2_receipt', '2024-10-10T04:51:35.975029+00:00', '--job-id', '477', '--pool', 'default_pool', '--raw', '--subdir', 'DAGS_FOLDER/mssql_dag.py', '--cfg-path', '/tmp/tmp38xyw619', '--error-file', '/tmp/tmpff6c5q8q']
[2024-10-10 04:55:13,671] {standard_task_runner.py:77} INFO - Job 477: Subtask clean2_receipt
[2024-10-10 04:55:13,721] {logging_mixin.py:104} INFO - Running <TaskInstance: mssql_dag.clean2_receipt 2024-10-10T04:51:35.975029+00:00 [running]> on host da843a407010
[2024-10-10 04:55:13,759] {taskinstance.py:1302} INFO - Exporting the following env vars:
AIRFLOW_CTX_DAG_OWNER=***
AIRFLOW_CTX_DAG_ID=mssql_dag
AIRFLOW_CTX_TASK_ID=clean2_receipt
AIRFLOW_CTX_EXECUTION_DATE=2024-10-10T04:51:35.975029+00:00
AIRFLOW_CTX_DAG_RUN_ID=manual__2024-10-10T04:51:35.975029+00:00
[2024-10-10 04:55:16,059] {python.py:151} INFO - Done. Returned value was: None
[2024-10-10 04:55:16,072] {taskinstance.py:1211} INFO - Marking task as SUCCESS. dag_id=mssql_dag, task_id=clean2_receipt, execution_date=20241010T045135, start_date=20241010T045513, end_date=20241010T045516
[2024-10-10 04:55:16,092] {taskinstance.py:1265} INFO - 1 downstream tasks scheduled from follow-on schedule check
[2024-10-10 04:55:16,129] {local_task_job.py:149} INFO - Task exited with return code 0
