[2024-10-10 16:24:15,196] {taskinstance.py:896} INFO - Dependencies all met for <TaskInstance: mssql_dag.boxplot_data_contract 2024-10-10T16:24:03.207887+00:00 [queued]>
[2024-10-10 16:24:15,208] {taskinstance.py:896} INFO - Dependencies all met for <TaskInstance: mssql_dag.boxplot_data_contract 2024-10-10T16:24:03.207887+00:00 [queued]>
[2024-10-10 16:24:15,216] {taskinstance.py:1087} INFO - 
--------------------------------------------------------------------------------
[2024-10-10 16:24:15,217] {taskinstance.py:1088} INFO - Starting attempt 1 of 2
[2024-10-10 16:24:15,217] {taskinstance.py:1089} INFO - 
--------------------------------------------------------------------------------
[2024-10-10 16:24:15,226] {taskinstance.py:1107} INFO - Executing <Task(PythonOperator): boxplot_data_contract> on 2024-10-10T16:24:03.207887+00:00
[2024-10-10 16:24:15,231] {standard_task_runner.py:52} INFO - Started process 87768 to run task
[2024-10-10 16:24:15,234] {standard_task_runner.py:76} INFO - Running: ['***', 'tasks', 'run', 'mssql_dag', 'boxplot_data_contract', '2024-10-10T16:24:03.207887+00:00', '--job-id', '577', '--pool', 'default_pool', '--raw', '--subdir', 'DAGS_FOLDER/mssql_dag.py', '--cfg-path', '/tmp/tmpsxgq3ae3', '--error-file', '/tmp/tmpggdyr2q5']
[2024-10-10 16:24:15,237] {standard_task_runner.py:77} INFO - Job 577: Subtask boxplot_data_contract
[2024-10-10 16:24:15,267] {logging_mixin.py:104} INFO - Running <TaskInstance: mssql_dag.boxplot_data_contract 2024-10-10T16:24:03.207887+00:00 [running]> on host da843a407010
[2024-10-10 16:24:15,300] {taskinstance.py:1302} INFO - Exporting the following env vars:
AIRFLOW_CTX_DAG_OWNER=***
AIRFLOW_CTX_DAG_ID=mssql_dag
AIRFLOW_CTX_TASK_ID=boxplot_data_contract
AIRFLOW_CTX_EXECUTION_DATE=2024-10-10T16:24:03.207887+00:00
AIRFLOW_CTX_DAG_RUN_ID=manual__2024-10-10T16:24:03.207887+00:00
[2024-10-10 16:24:15,402] {logging_mixin.py:104} INFO -      PROM_MEMB_NO  ...                       POST_DATETIME
0             543  ...                                NULL
1             662  ...                                NULL
2             735  ...                                NULL
3              48  ...                                NULL
4             256  ...                                NULL
..            ...  ...                                 ...
995           539  ...  Tue Aug 30 15:48:43 GMT+07:00 2022
996           539  ...  Tue Aug 30 15:48:43 GMT+07:00 2022
997           542  ...  Tue Aug 30 15:48:43 GMT+07:00 2022
998           542  ...  Tue Aug 30 15:48:43 GMT+07:00 2022
999           542  ...  Tue Aug 30 15:48:43 GMT+07:00 2022

[1000 rows x 51 columns]
[2024-10-10 16:24:15,530] {logging_mixin.py:104} INFO - Boxplot saved as /tmp/contract_boxplot.png
[2024-10-10 16:24:15,530] {python.py:151} INFO - Done. Returned value was: None
[2024-10-10 16:24:15,538] {taskinstance.py:1211} INFO - Marking task as SUCCESS. dag_id=mssql_dag, task_id=boxplot_data_contract, execution_date=20241010T162403, start_date=20241010T162415, end_date=20241010T162415
[2024-10-10 16:24:15,650] {taskinstance.py:1265} INFO - 0 downstream tasks scheduled from follow-on schedule check
[2024-10-10 16:24:15,686] {local_task_job.py:149} INFO - Task exited with return code 0
