[2024-10-10 04:58:49,564] {taskinstance.py:896} INFO - Dependencies all met for <TaskInstance: mssql_dag.clean2_member 2024-10-10T04:58:41.997410+00:00 [queued]>
[2024-10-10 04:58:49,571] {taskinstance.py:896} INFO - Dependencies all met for <TaskInstance: mssql_dag.clean2_member 2024-10-10T04:58:41.997410+00:00 [queued]>
[2024-10-10 04:58:49,573] {taskinstance.py:1087} INFO - 
--------------------------------------------------------------------------------
[2024-10-10 04:58:49,574] {taskinstance.py:1088} INFO - Starting attempt 1 of 2
[2024-10-10 04:58:49,584] {taskinstance.py:1089} INFO - 
--------------------------------------------------------------------------------
[2024-10-10 04:58:49,605] {taskinstance.py:1107} INFO - Executing <Task(PythonOperator): clean2_member> on 2024-10-10T04:58:41.997410+00:00
[2024-10-10 04:58:49,617] {standard_task_runner.py:52} INFO - Started process 44120 to run task
[2024-10-10 04:58:49,620] {standard_task_runner.py:76} INFO - Running: ['***', 'tasks', 'run', 'mssql_dag', 'clean2_member', '2024-10-10T04:58:41.997410+00:00', '--job-id', '490', '--pool', 'default_pool', '--raw', '--subdir', 'DAGS_FOLDER/mssql_dag.py', '--cfg-path', '/tmp/tmpillvwtkm', '--error-file', '/tmp/tmp_wcv9_1x']
[2024-10-10 04:58:49,634] {standard_task_runner.py:77} INFO - Job 490: Subtask clean2_member
[2024-10-10 04:58:49,683] {logging_mixin.py:104} INFO - Running <TaskInstance: mssql_dag.clean2_member 2024-10-10T04:58:41.997410+00:00 [running]> on host da843a407010
[2024-10-10 04:58:49,712] {taskinstance.py:1302} INFO - Exporting the following env vars:
AIRFLOW_CTX_DAG_OWNER=***
AIRFLOW_CTX_DAG_ID=mssql_dag
AIRFLOW_CTX_TASK_ID=clean2_member
AIRFLOW_CTX_EXECUTION_DATE=2024-10-10T04:58:41.997410+00:00
AIRFLOW_CTX_DAG_RUN_ID=manual__2024-10-10T04:58:41.997410+00:00
[2024-10-10 04:58:49,824] {python.py:151} INFO - Done. Returned value was: None
[2024-10-10 04:58:49,831] {taskinstance.py:1211} INFO - Marking task as SUCCESS. dag_id=mssql_dag, task_id=clean2_member, execution_date=20241010T045841, start_date=20241010T045849, end_date=20241010T045849
[2024-10-10 04:58:49,852] {taskinstance.py:1265} INFO - 1 downstream tasks scheduled from follow-on schedule check
[2024-10-10 04:58:49,889] {local_task_job.py:149} INFO - Task exited with return code 0
