[2024-10-09 09:09:55,370] {taskinstance.py:896} INFO - Dependencies all met for <TaskInstance: mssql_dag.query_receipt 2024-10-09T09:09:54.141674+00:00 [queued]>
[2024-10-09 09:09:55,377] {taskinstance.py:896} INFO - Dependencies all met for <TaskInstance: mssql_dag.query_receipt 2024-10-09T09:09:54.141674+00:00 [queued]>
[2024-10-09 09:09:55,378] {taskinstance.py:1087} INFO - 
--------------------------------------------------------------------------------
[2024-10-09 09:09:55,378] {taskinstance.py:1088} INFO - Starting attempt 1 of 2
[2024-10-09 09:09:55,378] {taskinstance.py:1089} INFO - 
--------------------------------------------------------------------------------
[2024-10-09 09:09:55,388] {taskinstance.py:1107} INFO - Executing <Task(PythonOperator): query_receipt> on 2024-10-09T09:09:54.141674+00:00
[2024-10-09 09:09:55,391] {standard_task_runner.py:52} INFO - Started process 1938 to run task
[2024-10-09 09:09:55,394] {standard_task_runner.py:76} INFO - Running: ['***', 'tasks', 'run', 'mssql_dag', 'query_receipt', '2024-10-09T09:09:54.141674+00:00', '--job-id', '57', '--pool', 'default_pool', '--raw', '--subdir', 'DAGS_FOLDER/mssql_dag.py', '--cfg-path', '/tmp/tmpdl30hghp', '--error-file', '/tmp/tmprx55pdta']
[2024-10-09 09:09:55,398] {standard_task_runner.py:77} INFO - Job 57: Subtask query_receipt
[2024-10-09 09:09:55,431] {logging_mixin.py:104} INFO - Running <TaskInstance: mssql_dag.query_receipt 2024-10-09T09:09:54.141674+00:00 [running]> on host da843a407010
[2024-10-09 09:09:55,469] {taskinstance.py:1302} INFO - Exporting the following env vars:
AIRFLOW_CTX_DAG_OWNER=***
AIRFLOW_CTX_DAG_ID=mssql_dag
AIRFLOW_CTX_TASK_ID=query_receipt
AIRFLOW_CTX_EXECUTION_DATE=2024-10-09T09:09:54.141674+00:00
AIRFLOW_CTX_DAG_RUN_ID=manual__2024-10-09T09:09:54.141674+00:00
[2024-10-09 09:09:56,511] {python.py:151} INFO - Done. Returned value was: None
[2024-10-09 09:09:56,517] {taskinstance.py:1211} INFO - Marking task as SUCCESS. dag_id=mssql_dag, task_id=query_receipt, execution_date=20241009T090954, start_date=20241009T090955, end_date=20241009T090956
[2024-10-09 09:09:56,535] {taskinstance.py:1265} INFO - 1 downstream tasks scheduled from follow-on schedule check
[2024-10-09 09:09:56,571] {local_task_job.py:149} INFO - Task exited with return code 0
