[2024-10-10 02:24:22,832] {taskinstance.py:896} INFO - Dependencies all met for <TaskInstance: mssql_dag.check_null_member 2024-10-10T02:24:19.073195+00:00 [queued]>
[2024-10-10 02:24:22,841] {taskinstance.py:896} INFO - Dependencies all met for <TaskInstance: mssql_dag.check_null_member 2024-10-10T02:24:19.073195+00:00 [queued]>
[2024-10-10 02:24:22,842] {taskinstance.py:1087} INFO - 
--------------------------------------------------------------------------------
[2024-10-10 02:24:22,842] {taskinstance.py:1088} INFO - Starting attempt 1 of 2
[2024-10-10 02:24:22,843] {taskinstance.py:1089} INFO - 
--------------------------------------------------------------------------------
[2024-10-10 02:24:22,853] {taskinstance.py:1107} INFO - Executing <Task(PythonOperator): check_null_member> on 2024-10-10T02:24:19.073195+00:00
[2024-10-10 02:24:22,868] {standard_task_runner.py:52} INFO - Started process 65556 to run task
[2024-10-10 02:24:22,871] {standard_task_runner.py:76} INFO - Running: ['***', 'tasks', 'run', 'mssql_dag', 'check_null_member', '2024-10-10T02:24:19.073195+00:00', '--job-id', '253', '--pool', 'default_pool', '--raw', '--subdir', 'DAGS_FOLDER/mssql_dag.py', '--cfg-path', '/tmp/tmp3hllxptd', '--error-file', '/tmp/tmpnarckdv2']
[2024-10-10 02:24:22,875] {standard_task_runner.py:77} INFO - Job 253: Subtask check_null_member
[2024-10-10 02:24:22,916] {logging_mixin.py:104} INFO - Running <TaskInstance: mssql_dag.check_null_member 2024-10-10T02:24:19.073195+00:00 [running]> on host da843a407010
[2024-10-10 02:24:22,947] {taskinstance.py:1302} INFO - Exporting the following env vars:
AIRFLOW_CTX_DAG_OWNER=***
AIRFLOW_CTX_DAG_ID=mssql_dag
AIRFLOW_CTX_TASK_ID=check_null_member
AIRFLOW_CTX_EXECUTION_DATE=2024-10-10T02:24:19.073195+00:00
AIRFLOW_CTX_DAG_RUN_ID=manual__2024-10-10T02:24:19.073195+00:00
[2024-10-10 02:24:22,949] {python.py:151} INFO - Done. Returned value was: No DataFrame found for Empty DataFrame
Columns: []
Index: []
[2024-10-10 02:24:22,965] {taskinstance.py:1211} INFO - Marking task as SUCCESS. dag_id=mssql_dag, task_id=check_null_member, execution_date=20241010T022419, start_date=20241010T022422, end_date=20241010T022422
[2024-10-10 02:24:22,991] {taskinstance.py:1265} INFO - 1 downstream tasks scheduled from follow-on schedule check
[2024-10-10 02:24:23,007] {local_task_job.py:149} INFO - Task exited with return code 0
