[2024-10-10 03:45:22,114] {taskinstance.py:896} INFO - Dependencies all met for <TaskInstance: mssql_dag.query_member 2024-10-10T03:45:21.156687+00:00 [queued]>
[2024-10-10 03:45:22,122] {taskinstance.py:896} INFO - Dependencies all met for <TaskInstance: mssql_dag.query_member 2024-10-10T03:45:21.156687+00:00 [queued]>
[2024-10-10 03:45:22,122] {taskinstance.py:1087} INFO - 
--------------------------------------------------------------------------------
[2024-10-10 03:45:22,124] {taskinstance.py:1088} INFO - Starting attempt 1 of 2
[2024-10-10 03:45:22,124] {taskinstance.py:1089} INFO - 
--------------------------------------------------------------------------------
[2024-10-10 03:45:22,134] {taskinstance.py:1107} INFO - Executing <Task(PythonOperator): query_member> on 2024-10-10T03:45:21.156687+00:00
[2024-10-10 03:45:22,138] {standard_task_runner.py:52} INFO - Started process 8690 to run task
[2024-10-10 03:45:22,141] {standard_task_runner.py:76} INFO - Running: ['***', 'tasks', 'run', 'mssql_dag', 'query_member', '2024-10-10T03:45:21.156687+00:00', '--job-id', '370', '--pool', 'default_pool', '--raw', '--subdir', 'DAGS_FOLDER/mssql_dag.py', '--cfg-path', '/tmp/tmpa4rl0yz8', '--error-file', '/tmp/tmp9fu4l6rp']
[2024-10-10 03:45:22,144] {standard_task_runner.py:77} INFO - Job 370: Subtask query_member
[2024-10-10 03:45:22,174] {logging_mixin.py:104} INFO - Running <TaskInstance: mssql_dag.query_member 2024-10-10T03:45:21.156687+00:00 [running]> on host da843a407010
[2024-10-10 03:45:22,208] {taskinstance.py:1302} INFO - Exporting the following env vars:
AIRFLOW_CTX_DAG_OWNER=***
AIRFLOW_CTX_DAG_ID=mssql_dag
AIRFLOW_CTX_TASK_ID=query_member
AIRFLOW_CTX_EXECUTION_DATE=2024-10-10T03:45:21.156687+00:00
AIRFLOW_CTX_DAG_RUN_ID=manual__2024-10-10T03:45:21.156687+00:00
[2024-10-10 03:45:22,351] {logging_mixin.py:104} INFO -     MAST_MEMB_DEPT MAST_DEPT_BRH  ... MAST_GUIDE_MEMB_NO POST_DATETIME
0             1154             3  ...               NULL          NULL
1             1156             4  ...               NULL          NULL
2             1156             4  ...               NULL          NULL
3             1156            12  ...               NULL          NULL
4             1156             4  ...               NULL          NULL
..             ...           ...  ...                ...           ...
146           1156            23  ...               NULL          NULL
147           1156            23  ...               NULL          NULL
148           1156             2  ...               NULL          NULL
149           1155             3  ...               NULL          NULL
150           1156            23  ...               NULL          NULL

[151 rows x 84 columns]
[2024-10-10 03:45:22,375] {logging_mixin.py:104} INFO - All records deleted from table 'tmp_member' successfully.
[2024-10-10 03:45:22,728] {logging_mixin.py:104} INFO - Inserted 151 records into tmp_member successfully.
[2024-10-10 03:45:22,729] {python.py:151} INFO - Done. Returned value was: None
[2024-10-10 03:45:22,736] {taskinstance.py:1211} INFO - Marking task as SUCCESS. dag_id=mssql_dag, task_id=query_member, execution_date=20241010T034521, start_date=20241010T034522, end_date=20241010T034522
[2024-10-10 03:45:22,755] {taskinstance.py:1265} INFO - 1 downstream tasks scheduled from follow-on schedule check
[2024-10-10 03:45:22,794] {local_task_job.py:149} INFO - Task exited with return code 0
