[2024-10-10 03:42:22,652] {taskinstance.py:896} INFO - Dependencies all met for <TaskInstance: mssql_dag.clean_member 2024-10-10T03:42:16.644170+00:00 [queued]>
[2024-10-10 03:42:22,658] {taskinstance.py:896} INFO - Dependencies all met for <TaskInstance: mssql_dag.clean_member 2024-10-10T03:42:16.644170+00:00 [queued]>
[2024-10-10 03:42:22,659] {taskinstance.py:1087} INFO - 
--------------------------------------------------------------------------------
[2024-10-10 03:42:22,660] {taskinstance.py:1088} INFO - Starting attempt 1 of 2
[2024-10-10 03:42:22,661] {taskinstance.py:1089} INFO - 
--------------------------------------------------------------------------------
[2024-10-10 03:42:22,669] {taskinstance.py:1107} INFO - Executing <Task(PythonOperator): clean_member> on 2024-10-10T03:42:16.644170+00:00
[2024-10-10 03:42:22,673] {standard_task_runner.py:52} INFO - Started process 7076 to run task
[2024-10-10 03:42:22,675] {standard_task_runner.py:76} INFO - Running: ['***', 'tasks', 'run', 'mssql_dag', 'clean_member', '2024-10-10T03:42:16.644170+00:00', '--job-id', '366', '--pool', 'default_pool', '--raw', '--subdir', 'DAGS_FOLDER/mssql_dag.py', '--cfg-path', '/tmp/tmpvylebeve', '--error-file', '/tmp/tmpmo909uaj']
[2024-10-10 03:42:22,678] {standard_task_runner.py:77} INFO - Job 366: Subtask clean_member
[2024-10-10 03:42:22,721] {logging_mixin.py:104} INFO - Running <TaskInstance: mssql_dag.clean_member 2024-10-10T03:42:16.644170+00:00 [running]> on host da843a407010
[2024-10-10 03:42:22,759] {taskinstance.py:1302} INFO - Exporting the following env vars:
AIRFLOW_CTX_DAG_OWNER=***
AIRFLOW_CTX_DAG_ID=mssql_dag
AIRFLOW_CTX_TASK_ID=clean_member
AIRFLOW_CTX_EXECUTION_DATE=2024-10-10T03:42:16.644170+00:00
AIRFLOW_CTX_DAG_RUN_ID=manual__2024-10-10T03:42:16.644170+00:00
[2024-10-10 03:42:22,815] {logging_mixin.py:104} INFO - Cleaned member table:
[2024-10-10 03:42:22,883] {logging_mixin.py:104} INFO -     MAST_MEMB_NO MAST_MEMB_DEPT  ... MAST_GUIDE_MEMB_NO POST_DATETIME
0          44.0           1154  ...               NULL          NULL
1          48.0           1156  ...               NULL          NULL
2          49.0           1156  ...               NULL          NULL
3          50.0           1156  ...               NULL          NULL
4          56.0           1156  ...               NULL          NULL

[5 rows x 86 columns]
[2024-10-10 03:42:22,885] {python.py:151} INFO - Done. Returned value was: None
[2024-10-10 03:42:22,894] {taskinstance.py:1211} INFO - Marking task as SUCCESS. dag_id=mssql_dag, task_id=clean_member, execution_date=20241010T034216, start_date=20241010T034222, end_date=20241010T034222
[2024-10-10 03:42:22,914] {taskinstance.py:1265} INFO - 1 downstream tasks scheduled from follow-on schedule check
[2024-10-10 03:42:22,927] {local_task_job.py:149} INFO - Task exited with return code 0
