[2024-10-09 09:27:39,530] {taskinstance.py:896} INFO - Dependencies all met for <TaskInstance: mssql_dag.query_receipt 2024-10-09T09:27:38.530483+00:00 [queued]>
[2024-10-09 09:27:39,537] {taskinstance.py:896} INFO - Dependencies all met for <TaskInstance: mssql_dag.query_receipt 2024-10-09T09:27:38.530483+00:00 [queued]>
[2024-10-09 09:27:39,538] {taskinstance.py:1087} INFO - 
--------------------------------------------------------------------------------
[2024-10-09 09:27:39,539] {taskinstance.py:1088} INFO - Starting attempt 1 of 2
[2024-10-09 09:27:39,539] {taskinstance.py:1089} INFO - 
--------------------------------------------------------------------------------
[2024-10-09 09:27:39,548] {taskinstance.py:1107} INFO - Executing <Task(PythonOperator): query_receipt> on 2024-10-09T09:27:38.530483+00:00
[2024-10-09 09:27:39,552] {standard_task_runner.py:52} INFO - Started process 11321 to run task
[2024-10-09 09:27:39,555] {standard_task_runner.py:76} INFO - Running: ['***', 'tasks', 'run', 'mssql_dag', 'query_receipt', '2024-10-09T09:27:38.530483+00:00', '--job-id', '77', '--pool', 'default_pool', '--raw', '--subdir', 'DAGS_FOLDER/mssql_dag.py', '--cfg-path', '/tmp/tmpn_l_2gy8', '--error-file', '/tmp/tmpuqyty26m']
[2024-10-09 09:27:39,558] {standard_task_runner.py:77} INFO - Job 77: Subtask query_receipt
[2024-10-09 09:27:39,586] {logging_mixin.py:104} INFO - Running <TaskInstance: mssql_dag.query_receipt 2024-10-09T09:27:38.530483+00:00 [running]> on host da843a407010
[2024-10-09 09:27:39,616] {taskinstance.py:1302} INFO - Exporting the following env vars:
AIRFLOW_CTX_DAG_OWNER=***
AIRFLOW_CTX_DAG_ID=mssql_dag
AIRFLOW_CTX_TASK_ID=query_receipt
AIRFLOW_CTX_EXECUTION_DATE=2024-10-09T09:27:38.530483+00:00
AIRFLOW_CTX_DAG_RUN_ID=manual__2024-10-09T09:27:38.530483+00:00
[2024-10-09 09:27:39,646] {taskinstance.py:1501} ERROR - Task failed with exception
Traceback (most recent call last):
  File "/home/airflow/.local/lib/python3.6/site-packages/airflow/models/taskinstance.py", line 1157, in _run_raw_task
    self._prepare_and_execute_task_with_callbacks(context, task)
  File "/home/airflow/.local/lib/python3.6/site-packages/airflow/models/taskinstance.py", line 1331, in _prepare_and_execute_task_with_callbacks
    result = self._execute_task(context, task_copy)
  File "/home/airflow/.local/lib/python3.6/site-packages/airflow/models/taskinstance.py", line 1361, in _execute_task
    result = task_copy.execute(context=context)
  File "/home/airflow/.local/lib/python3.6/site-packages/airflow/operators/python.py", line 150, in execute
    return_value = self.execute_callable()
  File "/home/airflow/.local/lib/python3.6/site-packages/airflow/operators/python.py", line 161, in execute_callable
    return self.python_callable(*self.op_args, **self.op_kwargs)
  File "/opt/airflow/dags/mssql_dag.py", line 54, in query_table
    df_receipt = connection.execute_query(query)
AttributeError: 'pymssql._pymssql.Connection' object has no attribute 'execute_query'
[2024-10-09 09:27:39,653] {taskinstance.py:1551} INFO - Marking task as UP_FOR_RETRY. dag_id=mssql_dag, task_id=query_receipt, execution_date=20241009T092738, start_date=20241009T092739, end_date=20241009T092739
[2024-10-09 09:27:39,688] {local_task_job.py:149} INFO - Task exited with return code 1
