[2024-10-10 02:24:27,493] {taskinstance.py:896} INFO - Dependencies all met for <TaskInstance: mssql_dag.clean1_receipt 2024-10-10T02:24:19.073195+00:00 [queued]>
[2024-10-10 02:24:27,500] {taskinstance.py:896} INFO - Dependencies all met for <TaskInstance: mssql_dag.clean1_receipt 2024-10-10T02:24:19.073195+00:00 [queued]>
[2024-10-10 02:24:27,500] {taskinstance.py:1087} INFO - 
--------------------------------------------------------------------------------
[2024-10-10 02:24:27,501] {taskinstance.py:1088} INFO - Starting attempt 1 of 2
[2024-10-10 02:24:27,501] {taskinstance.py:1089} INFO - 
--------------------------------------------------------------------------------
[2024-10-10 02:24:27,509] {taskinstance.py:1107} INFO - Executing <Task(PythonOperator): clean1_receipt> on 2024-10-10T02:24:19.073195+00:00
[2024-10-10 02:24:27,514] {standard_task_runner.py:52} INFO - Started process 65696 to run task
[2024-10-10 02:24:27,516] {standard_task_runner.py:76} INFO - Running: ['***', 'tasks', 'run', 'mssql_dag', 'clean1_receipt', '2024-10-10T02:24:19.073195+00:00', '--job-id', '261', '--pool', 'default_pool', '--raw', '--subdir', 'DAGS_FOLDER/mssql_dag.py', '--cfg-path', '/tmp/tmpz1sislqp', '--error-file', '/tmp/tmpzq2ujbx5']
[2024-10-10 02:24:27,519] {standard_task_runner.py:77} INFO - Job 261: Subtask clean1_receipt
[2024-10-10 02:24:27,547] {logging_mixin.py:104} INFO - Running <TaskInstance: mssql_dag.clean1_receipt 2024-10-10T02:24:19.073195+00:00 [running]> on host da843a407010
[2024-10-10 02:24:27,574] {taskinstance.py:1302} INFO - Exporting the following env vars:
AIRFLOW_CTX_DAG_OWNER=***
AIRFLOW_CTX_DAG_ID=mssql_dag
AIRFLOW_CTX_TASK_ID=clean1_receipt
AIRFLOW_CTX_EXECUTION_DATE=2024-10-10T02:24:19.073195+00:00
AIRFLOW_CTX_DAG_RUN_ID=manual__2024-10-10T02:24:19.073195+00:00
[2024-10-10 02:24:27,581] {python.py:151} INFO - Done. Returned value was: None
[2024-10-10 02:24:27,588] {taskinstance.py:1211} INFO - Marking task as SUCCESS. dag_id=mssql_dag, task_id=clean1_receipt, execution_date=20241010T022419, start_date=20241010T022427, end_date=20241010T022427
[2024-10-10 02:24:27,603] {taskinstance.py:1265} INFO - 1 downstream tasks scheduled from follow-on schedule check
[2024-10-10 02:24:27,649] {local_task_job.py:149} INFO - Task exited with return code 0
