[2024-10-10 16:47:16,878] {taskinstance.py:896} INFO - Dependencies all met for <TaskInstance: mssql_dag.clean2_contract 2024-10-10T16:47:08.218534+00:00 [queued]>
[2024-10-10 16:47:16,892] {taskinstance.py:896} INFO - Dependencies all met for <TaskInstance: mssql_dag.clean2_contract 2024-10-10T16:47:08.218534+00:00 [queued]>
[2024-10-10 16:47:16,893] {taskinstance.py:1087} INFO - 
--------------------------------------------------------------------------------
[2024-10-10 16:47:16,893] {taskinstance.py:1088} INFO - Starting attempt 1 of 2
[2024-10-10 16:47:16,893] {taskinstance.py:1089} INFO - 
--------------------------------------------------------------------------------
[2024-10-10 16:47:16,899] {taskinstance.py:1107} INFO - Executing <Task(PythonOperator): clean2_contract> on 2024-10-10T16:47:08.218534+00:00
[2024-10-10 16:47:16,904] {standard_task_runner.py:52} INFO - Started process 413 to run task
[2024-10-10 16:47:16,908] {standard_task_runner.py:76} INFO - Running: ['***', 'tasks', 'run', 'mssql_dag', 'clean2_contract', '2024-10-10T16:47:08.218534+00:00', '--job-id', '616', '--pool', 'default_pool', '--raw', '--subdir', 'DAGS_FOLDER/mssql_dag.py', '--cfg-path', '/tmp/tmpd7itbn3i', '--error-file', '/tmp/tmp5jd8ocl_']
[2024-10-10 16:47:16,910] {standard_task_runner.py:77} INFO - Job 616: Subtask clean2_contract
[2024-10-10 16:47:16,943] {logging_mixin.py:104} INFO - Running <TaskInstance: mssql_dag.clean2_contract 2024-10-10T16:47:08.218534+00:00 [running]> on host da843a407010
[2024-10-10 16:47:16,975] {taskinstance.py:1302} INFO - Exporting the following env vars:
AIRFLOW_CTX_DAG_OWNER=***
AIRFLOW_CTX_DAG_ID=mssql_dag
AIRFLOW_CTX_TASK_ID=clean2_contract
AIRFLOW_CTX_EXECUTION_DATE=2024-10-10T16:47:08.218534+00:00
AIRFLOW_CTX_DAG_RUN_ID=manual__2024-10-10T16:47:08.218534+00:00
[2024-10-10 16:47:17,034] {python.py:151} INFO - Done. Returned value was: None
[2024-10-10 16:47:17,041] {taskinstance.py:1211} INFO - Marking task as SUCCESS. dag_id=mssql_dag, task_id=clean2_contract, execution_date=20241010T164708, start_date=20241010T164716, end_date=20241010T164717
[2024-10-10 16:47:17,066] {taskinstance.py:1265} INFO - 1 downstream tasks scheduled from follow-on schedule check
[2024-10-10 16:47:17,079] {local_task_job.py:149} INFO - Task exited with return code 0
