[2024-10-10 13:33:05,284] {taskinstance.py:896} INFO - Dependencies all met for <TaskInstance: mssql_dag.boxplot_data_contract 2024-10-10T13:32:50.661629+00:00 [queued]>
[2024-10-10 13:33:05,297] {taskinstance.py:896} INFO - Dependencies all met for <TaskInstance: mssql_dag.boxplot_data_contract 2024-10-10T13:32:50.661629+00:00 [queued]>
[2024-10-10 13:33:05,297] {taskinstance.py:1087} INFO - 
--------------------------------------------------------------------------------
[2024-10-10 13:33:05,297] {taskinstance.py:1088} INFO - Starting attempt 1 of 2
[2024-10-10 13:33:05,298] {taskinstance.py:1089} INFO - 
--------------------------------------------------------------------------------
[2024-10-10 13:33:05,304] {taskinstance.py:1107} INFO - Executing <Task(PythonOperator): boxplot_data_contract> on 2024-10-10T13:32:50.661629+00:00
[2024-10-10 13:33:05,309] {standard_task_runner.py:52} INFO - Started process 904 to run task
[2024-10-10 13:33:05,313] {standard_task_runner.py:76} INFO - Running: ['***', 'tasks', 'run', 'mssql_dag', 'boxplot_data_contract', '2024-10-10T13:32:50.661629+00:00', '--job-id', '514', '--pool', 'default_pool', '--raw', '--subdir', 'DAGS_FOLDER/mssql_dag.py', '--cfg-path', '/tmp/tmpbr_ism5o', '--error-file', '/tmp/tmp70w5vjx8']
[2024-10-10 13:33:05,316] {standard_task_runner.py:77} INFO - Job 514: Subtask boxplot_data_contract
[2024-10-10 13:33:05,348] {logging_mixin.py:104} INFO - Running <TaskInstance: mssql_dag.boxplot_data_contract 2024-10-10T13:32:50.661629+00:00 [running]> on host da843a407010
[2024-10-10 13:33:05,382] {taskinstance.py:1302} INFO - Exporting the following env vars:
AIRFLOW_CTX_DAG_OWNER=***
AIRFLOW_CTX_DAG_ID=mssql_dag
AIRFLOW_CTX_TASK_ID=boxplot_data_contract
AIRFLOW_CTX_EXECUTION_DATE=2024-10-10T13:32:50.661629+00:00
AIRFLOW_CTX_DAG_RUN_ID=manual__2024-10-10T13:32:50.661629+00:00
[2024-10-10 13:33:05,384] {logging_mixin.py:104} INFO - "The following columns are missing from the contract DataFrame: ['PROM_LOAN_AMT', 'PROM_LOAN_PERD', 'PROM_LOAN_PERD_AMT']"
[2024-10-10 13:33:05,384] {python.py:151} INFO - Done. Returned value was: None
[2024-10-10 13:33:05,391] {taskinstance.py:1211} INFO - Marking task as SUCCESS. dag_id=mssql_dag, task_id=boxplot_data_contract, execution_date=20241010T133250, start_date=20241010T133305, end_date=20241010T133305
[2024-10-10 13:33:05,410] {taskinstance.py:1265} INFO - 0 downstream tasks scheduled from follow-on schedule check
[2024-10-10 13:33:05,443] {local_task_job.py:149} INFO - Task exited with return code 0
