[2024-10-10 03:32:41,758] {taskinstance.py:896} INFO - Dependencies all met for <TaskInstance: mssql_dag.check_null_contract 2024-10-10T03:32:35.890070+00:00 [queued]>
[2024-10-10 03:32:41,766] {taskinstance.py:896} INFO - Dependencies all met for <TaskInstance: mssql_dag.check_null_contract 2024-10-10T03:32:35.890070+00:00 [queued]>
[2024-10-10 03:32:41,766] {taskinstance.py:1087} INFO - 
--------------------------------------------------------------------------------
[2024-10-10 03:32:41,767] {taskinstance.py:1088} INFO - Starting attempt 1 of 2
[2024-10-10 03:32:41,767] {taskinstance.py:1089} INFO - 
--------------------------------------------------------------------------------
[2024-10-10 03:32:41,776] {taskinstance.py:1107} INFO - Executing <Task(PythonOperator): check_null_contract> on 2024-10-10T03:32:35.890070+00:00
[2024-10-10 03:32:41,780] {standard_task_runner.py:52} INFO - Started process 1447 to run task
[2024-10-10 03:32:41,783] {standard_task_runner.py:76} INFO - Running: ['***', 'tasks', 'run', 'mssql_dag', 'check_null_contract', '2024-10-10T03:32:35.890070+00:00', '--job-id', '324', '--pool', 'default_pool', '--raw', '--subdir', 'DAGS_FOLDER/mssql_dag.py', '--cfg-path', '/tmp/tmp5ca382nd', '--error-file', '/tmp/tmptujv7hd9']
[2024-10-10 03:32:41,785] {standard_task_runner.py:77} INFO - Job 324: Subtask check_null_contract
[2024-10-10 03:32:41,828] {logging_mixin.py:104} INFO - Running <TaskInstance: mssql_dag.check_null_contract 2024-10-10T03:32:35.890070+00:00 [running]> on host da843a407010
[2024-10-10 03:32:41,871] {taskinstance.py:1302} INFO - Exporting the following env vars:
AIRFLOW_CTX_DAG_OWNER=***
AIRFLOW_CTX_DAG_ID=mssql_dag
AIRFLOW_CTX_TASK_ID=check_null_contract
AIRFLOW_CTX_EXECUTION_DATE=2024-10-10T03:32:35.890070+00:00
AIRFLOW_CTX_DAG_RUN_ID=manual__2024-10-10T03:32:35.890070+00:00
[2024-10-10 03:32:41,873] {python.py:151} INFO - Done. Returned value was: No DataFrame found for Empty DataFrame
Columns: []
Index: []
[2024-10-10 03:32:41,889] {taskinstance.py:1211} INFO - Marking task as SUCCESS. dag_id=mssql_dag, task_id=check_null_contract, execution_date=20241010T033235, start_date=20241010T033241, end_date=20241010T033241
[2024-10-10 03:32:41,907] {taskinstance.py:1265} INFO - 1 downstream tasks scheduled from follow-on schedule check
[2024-10-10 03:32:41,915] {local_task_job.py:149} INFO - Task exited with return code 0
