[2024-10-10 16:47:14,366] {taskinstance.py:896} INFO - Dependencies all met for <TaskInstance: mssql_dag.clean1_contract 2024-10-10T16:47:08.218534+00:00 [queued]>
[2024-10-10 16:47:14,378] {taskinstance.py:896} INFO - Dependencies all met for <TaskInstance: mssql_dag.clean1_contract 2024-10-10T16:47:08.218534+00:00 [queued]>
[2024-10-10 16:47:14,378] {taskinstance.py:1087} INFO - 
--------------------------------------------------------------------------------
[2024-10-10 16:47:14,379] {taskinstance.py:1088} INFO - Starting attempt 1 of 2
[2024-10-10 16:47:14,380] {taskinstance.py:1089} INFO - 
--------------------------------------------------------------------------------
[2024-10-10 16:47:14,386] {taskinstance.py:1107} INFO - Executing <Task(PythonOperator): clean1_contract> on 2024-10-10T16:47:08.218534+00:00
[2024-10-10 16:47:14,392] {standard_task_runner.py:52} INFO - Started process 359 to run task
[2024-10-10 16:47:14,395] {standard_task_runner.py:76} INFO - Running: ['***', 'tasks', 'run', 'mssql_dag', 'clean1_contract', '2024-10-10T16:47:08.218534+00:00', '--job-id', '613', '--pool', 'default_pool', '--raw', '--subdir', 'DAGS_FOLDER/mssql_dag.py', '--cfg-path', '/tmp/tmp6atfkohk', '--error-file', '/tmp/tmpy8g436w5']
[2024-10-10 16:47:14,398] {standard_task_runner.py:77} INFO - Job 613: Subtask clean1_contract
[2024-10-10 16:47:14,434] {logging_mixin.py:104} INFO - Running <TaskInstance: mssql_dag.clean1_contract 2024-10-10T16:47:08.218534+00:00 [running]> on host da843a407010
[2024-10-10 16:47:14,473] {taskinstance.py:1302} INFO - Exporting the following env vars:
AIRFLOW_CTX_DAG_OWNER=***
AIRFLOW_CTX_DAG_ID=mssql_dag
AIRFLOW_CTX_TASK_ID=clean1_contract
AIRFLOW_CTX_EXECUTION_DATE=2024-10-10T16:47:08.218534+00:00
AIRFLOW_CTX_DAG_RUN_ID=manual__2024-10-10T16:47:08.218534+00:00
[2024-10-10 16:47:15,736] {logging_mixin.py:104} INFO - Inserted 500 records into tmp_contract successfully.
[2024-10-10 16:47:15,737] {python.py:151} INFO - Done. Returned value was: None
[2024-10-10 16:47:15,743] {taskinstance.py:1211} INFO - Marking task as SUCCESS. dag_id=mssql_dag, task_id=clean1_contract, execution_date=20241010T164708, start_date=20241010T164714, end_date=20241010T164715
[2024-10-10 16:47:15,772] {taskinstance.py:1265} INFO - 1 downstream tasks scheduled from follow-on schedule check
[2024-10-10 16:47:15,810] {local_task_job.py:149} INFO - Task exited with return code 0
