[2024-10-09 16:32:36,738] {taskinstance.py:896} INFO - Dependencies all met for <TaskInstance: mssql_dag.query_member 2024-10-09T16:32:35.985814+00:00 [queued]>
[2024-10-09 16:32:36,746] {taskinstance.py:896} INFO - Dependencies all met for <TaskInstance: mssql_dag.query_member 2024-10-09T16:32:35.985814+00:00 [queued]>
[2024-10-09 16:32:36,747] {taskinstance.py:1087} INFO - 
--------------------------------------------------------------------------------
[2024-10-09 16:32:36,747] {taskinstance.py:1088} INFO - Starting attempt 1 of 2
[2024-10-09 16:32:36,748] {taskinstance.py:1089} INFO - 
--------------------------------------------------------------------------------
[2024-10-09 16:32:36,759] {taskinstance.py:1107} INFO - Executing <Task(PythonOperator): query_member> on 2024-10-09T16:32:35.985814+00:00
[2024-10-09 16:32:36,762] {standard_task_runner.py:52} INFO - Started process 26289 to run task
[2024-10-09 16:32:36,768] {standard_task_runner.py:76} INFO - Running: ['***', 'tasks', 'run', 'mssql_dag', 'query_member', '2024-10-09T16:32:35.985814+00:00', '--job-id', '138', '--pool', 'default_pool', '--raw', '--subdir', 'DAGS_FOLDER/mssql_dag.py', '--cfg-path', '/tmp/tmpbteeqaw3', '--error-file', '/tmp/tmpuu0_s9rb']
[2024-10-09 16:32:36,772] {standard_task_runner.py:77} INFO - Job 138: Subtask query_member
[2024-10-09 16:32:36,807] {logging_mixin.py:104} INFO - Running <TaskInstance: mssql_dag.query_member 2024-10-09T16:32:35.985814+00:00 [running]> on host da843a407010
[2024-10-09 16:32:36,842] {taskinstance.py:1302} INFO - Exporting the following env vars:
AIRFLOW_CTX_DAG_OWNER=***
AIRFLOW_CTX_DAG_ID=mssql_dag
AIRFLOW_CTX_TASK_ID=query_member
AIRFLOW_CTX_EXECUTION_DATE=2024-10-09T16:32:35.985814+00:00
AIRFLOW_CTX_DAG_RUN_ID=manual__2024-10-09T16:32:35.985814+00:00
[2024-10-09 16:32:36,864] {logging_mixin.py:104} INFO - SELECT * FROM member
[2024-10-09 16:32:37,000] {logging_mixin.py:104} INFO -      MAST_MEMB_NO MAST_MEMB_DEPT  ... MAST_GUIDE_MEMB_NO POST_DATETIME
0           726.0           1151  ...               NULL          NULL
1           727.0           1153  ...               NULL          NULL
2           729.0           1156  ...               NULL          NULL
3           734.0           1156  ...               NULL          NULL
4           735.0           3450  ...               NULL          NULL
..            ...            ...  ...                ...           ...
146         312.0           1156  ...               NULL          NULL
147         319.0           1156  ...               NULL          NULL
148         323.0           1156  ...               NULL          NULL
149         324.0           1156  ...               NULL          NULL
150         336.0           1156  ...               NULL          NULL

[151 rows x 86 columns]
[2024-10-09 16:32:37,000] {python.py:151} INFO - Done. Returned value was: None
[2024-10-09 16:32:37,007] {taskinstance.py:1211} INFO - Marking task as SUCCESS. dag_id=mssql_dag, task_id=query_member, execution_date=20241009T163235, start_date=20241009T163236, end_date=20241009T163237
[2024-10-09 16:32:37,027] {taskinstance.py:1265} INFO - 1 downstream tasks scheduled from follow-on schedule check
[2024-10-09 16:32:37,059] {local_task_job.py:149} INFO - Task exited with return code 0
