[2024-10-09 16:35:15,500] {taskinstance.py:896} INFO - Dependencies all met for <TaskInstance: mssql_dag.print_contract_detail 2024-10-09T16:35:13.351406+00:00 [queued]>
[2024-10-09 16:35:15,509] {taskinstance.py:896} INFO - Dependencies all met for <TaskInstance: mssql_dag.print_contract_detail 2024-10-09T16:35:13.351406+00:00 [queued]>
[2024-10-09 16:35:15,509] {taskinstance.py:1087} INFO - 
--------------------------------------------------------------------------------
[2024-10-09 16:35:15,510] {taskinstance.py:1088} INFO - Starting attempt 1 of 2
[2024-10-09 16:35:15,510] {taskinstance.py:1089} INFO - 
--------------------------------------------------------------------------------
[2024-10-09 16:35:15,521] {taskinstance.py:1107} INFO - Executing <Task(PythonOperator): print_contract_detail> on 2024-10-09T16:35:13.351406+00:00
[2024-10-09 16:35:15,525] {standard_task_runner.py:52} INFO - Started process 27871 to run task
[2024-10-09 16:35:15,529] {standard_task_runner.py:76} INFO - Running: ['***', 'tasks', 'run', 'mssql_dag', 'print_contract_detail', '2024-10-09T16:35:13.351406+00:00', '--job-id', '153', '--pool', 'default_pool', '--raw', '--subdir', 'DAGS_FOLDER/mssql_dag.py', '--cfg-path', '/tmp/tmpkqicm6a8', '--error-file', '/tmp/tmp_86o7y6r']
[2024-10-09 16:35:15,550] {standard_task_runner.py:77} INFO - Job 153: Subtask print_contract_detail
[2024-10-09 16:35:15,729] {logging_mixin.py:104} INFO - Running <TaskInstance: mssql_dag.print_contract_detail 2024-10-09T16:35:13.351406+00:00 [running]> on host da843a407010
[2024-10-09 16:35:15,847] {taskinstance.py:1302} INFO - Exporting the following env vars:
AIRFLOW_CTX_DAG_OWNER=***
AIRFLOW_CTX_DAG_ID=mssql_dag
AIRFLOW_CTX_TASK_ID=print_contract_detail
AIRFLOW_CTX_EXECUTION_DATE=2024-10-09T16:35:13.351406+00:00
AIRFLOW_CTX_DAG_RUN_ID=manual__2024-10-09T16:35:13.351406+00:00
[2024-10-09 16:35:15,854] {logging_mixin.py:104} INFO - The DataFrame for table 'contract' is empty.
[2024-10-09 16:35:15,854] {python.py:151} INFO - Done. Returned value was: None
[2024-10-09 16:35:15,862] {taskinstance.py:1211} INFO - Marking task as SUCCESS. dag_id=mssql_dag, task_id=print_contract_detail, execution_date=20241009T163513, start_date=20241009T163515, end_date=20241009T163515
[2024-10-09 16:35:15,886] {taskinstance.py:1265} INFO - 1 downstream tasks scheduled from follow-on schedule check
[2024-10-09 16:35:15,902] {local_task_job.py:149} INFO - Task exited with return code 0
