[2024-10-09 09:04:14,961] {taskinstance.py:896} INFO - Dependencies all met for <TaskInstance: mssql_dag.query_member 2024-10-09T09:04:14.096741+00:00 [queued]>
[2024-10-09 09:04:14,969] {taskinstance.py:896} INFO - Dependencies all met for <TaskInstance: mssql_dag.query_member 2024-10-09T09:04:14.096741+00:00 [queued]>
[2024-10-09 09:04:14,969] {taskinstance.py:1087} INFO - 
--------------------------------------------------------------------------------
[2024-10-09 09:04:14,969] {taskinstance.py:1088} INFO - Starting attempt 1 of 2
[2024-10-09 09:04:14,970] {taskinstance.py:1089} INFO - 
--------------------------------------------------------------------------------
[2024-10-09 09:04:14,979] {taskinstance.py:1107} INFO - Executing <Task(PythonOperator): query_member> on 2024-10-09T09:04:14.096741+00:00
[2024-10-09 09:04:14,983] {standard_task_runner.py:52} INFO - Started process 98564 to run task
[2024-10-09 09:04:14,986] {standard_task_runner.py:76} INFO - Running: ['***', 'tasks', 'run', 'mssql_dag', 'query_member', '2024-10-09T09:04:14.096741+00:00', '--job-id', '45', '--pool', 'default_pool', '--raw', '--subdir', 'DAGS_FOLDER/mssql_dag.py', '--cfg-path', '/tmp/tmp30dqgin8', '--error-file', '/tmp/tmpu5aeepfp']
[2024-10-09 09:04:14,989] {standard_task_runner.py:77} INFO - Job 45: Subtask query_member
[2024-10-09 09:04:15,022] {logging_mixin.py:104} INFO - Running <TaskInstance: mssql_dag.query_member 2024-10-09T09:04:14.096741+00:00 [running]> on host da843a407010
[2024-10-09 09:04:15,056] {taskinstance.py:1302} INFO - Exporting the following env vars:
AIRFLOW_CTX_DAG_OWNER=***
AIRFLOW_CTX_DAG_ID=mssql_dag
AIRFLOW_CTX_TASK_ID=query_member
AIRFLOW_CTX_EXECUTION_DATE=2024-10-09T09:04:14.096741+00:00
AIRFLOW_CTX_DAG_RUN_ID=manual__2024-10-09T09:04:14.096741+00:00
[2024-10-09 09:04:15,109] {python.py:151} INFO - Done. Returned value was: None
[2024-10-09 09:04:15,120] {taskinstance.py:1211} INFO - Marking task as SUCCESS. dag_id=mssql_dag, task_id=query_member, execution_date=20241009T090414, start_date=20241009T090414, end_date=20241009T090415
[2024-10-09 09:04:15,150] {taskinstance.py:1265} INFO - 1 downstream tasks scheduled from follow-on schedule check
[2024-10-09 09:04:15,158] {local_task_job.py:149} INFO - Task exited with return code 0
