[2024-10-10 16:28:33,389] {taskinstance.py:896} INFO - Dependencies all met for <TaskInstance: mssql_dag.clean1_member 2024-10-10T16:28:25.919464+00:00 [queued]>
[2024-10-10 16:28:33,402] {taskinstance.py:896} INFO - Dependencies all met for <TaskInstance: mssql_dag.clean1_member 2024-10-10T16:28:25.919464+00:00 [queued]>
[2024-10-10 16:28:33,402] {taskinstance.py:1087} INFO - 
--------------------------------------------------------------------------------
[2024-10-10 16:28:33,403] {taskinstance.py:1088} INFO - Starting attempt 1 of 2
[2024-10-10 16:28:33,403] {taskinstance.py:1089} INFO - 
--------------------------------------------------------------------------------
[2024-10-10 16:28:33,409] {taskinstance.py:1107} INFO - Executing <Task(PythonOperator): clean1_member> on 2024-10-10T16:28:25.919464+00:00
[2024-10-10 16:28:33,414] {standard_task_runner.py:52} INFO - Started process 90277 to run task
[2024-10-10 16:28:33,417] {standard_task_runner.py:76} INFO - Running: ['***', 'tasks', 'run', 'mssql_dag', 'clean1_member', '2024-10-10T16:28:25.919464+00:00', '--job-id', '591', '--pool', 'default_pool', '--raw', '--subdir', 'DAGS_FOLDER/mssql_dag.py', '--cfg-path', '/tmp/tmp4rxaf_it', '--error-file', '/tmp/tmp_6gpq2v9']
[2024-10-10 16:28:33,420] {standard_task_runner.py:77} INFO - Job 591: Subtask clean1_member
[2024-10-10 16:28:33,454] {logging_mixin.py:104} INFO - Running <TaskInstance: mssql_dag.clean1_member 2024-10-10T16:28:25.919464+00:00 [running]> on host da843a407010
[2024-10-10 16:28:33,488] {taskinstance.py:1302} INFO - Exporting the following env vars:
AIRFLOW_CTX_DAG_OWNER=***
AIRFLOW_CTX_DAG_ID=mssql_dag
AIRFLOW_CTX_TASK_ID=clean1_member
AIRFLOW_CTX_EXECUTION_DATE=2024-10-10T16:28:25.919464+00:00
AIRFLOW_CTX_DAG_RUN_ID=manual__2024-10-10T16:28:25.919464+00:00
[2024-10-10 16:28:33,902] {logging_mixin.py:104} INFO - Inserted 150 records into tmp_member successfully.
[2024-10-10 16:28:33,903] {python.py:151} INFO - Done. Returned value was: None
[2024-10-10 16:28:33,910] {taskinstance.py:1211} INFO - Marking task as SUCCESS. dag_id=mssql_dag, task_id=clean1_member, execution_date=20241010T162825, start_date=20241010T162833, end_date=20241010T162833
[2024-10-10 16:28:33,930] {taskinstance.py:1265} INFO - 1 downstream tasks scheduled from follow-on schedule check
[2024-10-10 16:28:33,949] {local_task_job.py:149} INFO - Task exited with return code 0
