[2024-10-10 04:53:29,820] {taskinstance.py:896} INFO - Dependencies all met for <TaskInstance: mssql_dag.clean1_receipt 2024-10-10T04:51:35.975029+00:00 [queued]>
[2024-10-10 04:53:29,828] {taskinstance.py:896} INFO - Dependencies all met for <TaskInstance: mssql_dag.clean1_receipt 2024-10-10T04:51:35.975029+00:00 [queued]>
[2024-10-10 04:53:29,829] {taskinstance.py:1087} INFO - 
--------------------------------------------------------------------------------
[2024-10-10 04:53:29,829] {taskinstance.py:1088} INFO - Starting attempt 1 of 2
[2024-10-10 04:53:29,831] {taskinstance.py:1089} INFO - 
--------------------------------------------------------------------------------
[2024-10-10 04:53:29,842] {taskinstance.py:1107} INFO - Executing <Task(PythonOperator): clean1_receipt> on 2024-10-10T04:51:35.975029+00:00
[2024-10-10 04:53:29,847] {standard_task_runner.py:52} INFO - Started process 41243 to run task
[2024-10-10 04:53:29,849] {standard_task_runner.py:76} INFO - Running: ['***', 'tasks', 'run', 'mssql_dag', 'clean1_receipt', '2024-10-10T04:51:35.975029+00:00', '--job-id', '476', '--pool', 'default_pool', '--raw', '--subdir', 'DAGS_FOLDER/mssql_dag.py', '--cfg-path', '/tmp/tmp0_ptyhpw', '--error-file', '/tmp/tmp1l53_xq9']
[2024-10-10 04:53:29,852] {standard_task_runner.py:77} INFO - Job 476: Subtask clean1_receipt
[2024-10-10 04:53:29,884] {logging_mixin.py:104} INFO - Running <TaskInstance: mssql_dag.clean1_receipt 2024-10-10T04:51:35.975029+00:00 [running]> on host da843a407010
[2024-10-10 04:53:29,922] {taskinstance.py:1302} INFO - Exporting the following env vars:
AIRFLOW_CTX_DAG_OWNER=***
AIRFLOW_CTX_DAG_ID=mssql_dag
AIRFLOW_CTX_TASK_ID=clean1_receipt
AIRFLOW_CTX_EXECUTION_DATE=2024-10-10T04:51:35.975029+00:00
AIRFLOW_CTX_DAG_RUN_ID=manual__2024-10-10T04:51:35.975029+00:00
[2024-10-10 04:55:12,607] {logging_mixin.py:104} INFO - Inserted 35151 records into tmp_receipt successfully.
[2024-10-10 04:55:12,622] {python.py:151} INFO - Done. Returned value was: None
[2024-10-10 04:55:12,629] {taskinstance.py:1211} INFO - Marking task as SUCCESS. dag_id=mssql_dag, task_id=clean1_receipt, execution_date=20241010T045135, start_date=20241010T045329, end_date=20241010T045512
[2024-10-10 04:55:12,646] {taskinstance.py:1265} INFO - 1 downstream tasks scheduled from follow-on schedule check
[2024-10-10 04:55:12,657] {local_task_job.py:149} INFO - Task exited with return code 0
