[2024-10-10 16:19:21,631] {taskinstance.py:896} INFO - Dependencies all met for <TaskInstance: mssql_dag.clean2_receipt 2024-10-10T16:16:53.768447+00:00 [queued]>
[2024-10-10 16:19:21,644] {taskinstance.py:896} INFO - Dependencies all met for <TaskInstance: mssql_dag.clean2_receipt 2024-10-10T16:16:53.768447+00:00 [queued]>
[2024-10-10 16:19:21,645] {taskinstance.py:1087} INFO - 
--------------------------------------------------------------------------------
[2024-10-10 16:19:21,645] {taskinstance.py:1088} INFO - Starting attempt 1 of 2
[2024-10-10 16:19:21,646] {taskinstance.py:1089} INFO - 
--------------------------------------------------------------------------------
[2024-10-10 16:19:21,651] {taskinstance.py:1107} INFO - Executing <Task(PythonOperator): clean2_receipt> on 2024-10-10T16:16:53.768447+00:00
[2024-10-10 16:19:21,657] {standard_task_runner.py:52} INFO - Started process 85050 to run task
[2024-10-10 16:19:21,660] {standard_task_runner.py:76} INFO - Running: ['***', 'tasks', 'run', 'mssql_dag', 'clean2_receipt', '2024-10-10T16:16:53.768447+00:00', '--job-id', '560', '--pool', 'default_pool', '--raw', '--subdir', 'DAGS_FOLDER/mssql_dag.py', '--cfg-path', '/tmp/tmpbvi7pswm', '--error-file', '/tmp/tmpaehrw464']
[2024-10-10 16:19:21,662] {standard_task_runner.py:77} INFO - Job 560: Subtask clean2_receipt
[2024-10-10 16:19:21,694] {logging_mixin.py:104} INFO - Running <TaskInstance: mssql_dag.clean2_receipt 2024-10-10T16:16:53.768447+00:00 [running]> on host da843a407010
[2024-10-10 16:19:21,728] {taskinstance.py:1302} INFO - Exporting the following env vars:
AIRFLOW_CTX_DAG_OWNER=***
AIRFLOW_CTX_DAG_ID=mssql_dag
AIRFLOW_CTX_TASK_ID=clean2_receipt
AIRFLOW_CTX_EXECUTION_DATE=2024-10-10T16:16:53.768447+00:00
AIRFLOW_CTX_DAG_RUN_ID=manual__2024-10-10T16:16:53.768447+00:00
[2024-10-10 16:19:23,698] {python.py:151} INFO - Done. Returned value was: None
[2024-10-10 16:19:23,710] {taskinstance.py:1211} INFO - Marking task as SUCCESS. dag_id=mssql_dag, task_id=clean2_receipt, execution_date=20241010T161653, start_date=20241010T161921, end_date=20241010T161923
[2024-10-10 16:19:23,730] {taskinstance.py:1265} INFO - 1 downstream tasks scheduled from follow-on schedule check
[2024-10-10 16:19:23,757] {local_task_job.py:149} INFO - Task exited with return code 0
