[2024-10-10 01:22:33,625] {taskinstance.py:896} INFO - Dependencies all met for <TaskInstance: mssql_dag.check_null_member 2024-10-09T00:00:00+00:00 [queued]>
[2024-10-10 01:22:33,639] {taskinstance.py:896} INFO - Dependencies all met for <TaskInstance: mssql_dag.check_null_member 2024-10-09T00:00:00+00:00 [queued]>
[2024-10-10 01:22:33,640] {taskinstance.py:1087} INFO - 
--------------------------------------------------------------------------------
[2024-10-10 01:22:33,641] {taskinstance.py:1088} INFO - Starting attempt 1 of 2
[2024-10-10 01:22:33,641] {taskinstance.py:1089} INFO - 
--------------------------------------------------------------------------------
[2024-10-10 01:22:33,651] {taskinstance.py:1107} INFO - Executing <Task(PythonOperator): check_null_member> on 2024-10-09T00:00:00+00:00
[2024-10-10 01:22:33,655] {standard_task_runner.py:52} INFO - Started process 32926 to run task
[2024-10-10 01:22:33,658] {standard_task_runner.py:76} INFO - Running: ['***', 'tasks', 'run', 'mssql_dag', 'check_null_member', '2024-10-09T00:00:00+00:00', '--job-id', '172', '--pool', 'default_pool', '--raw', '--subdir', 'DAGS_FOLDER/mssql_dag.py', '--cfg-path', '/tmp/tmpj8cao_ln', '--error-file', '/tmp/tmph5xsmmxj']
[2024-10-10 01:22:33,661] {standard_task_runner.py:77} INFO - Job 172: Subtask check_null_member
[2024-10-10 01:22:33,691] {logging_mixin.py:104} INFO - Running <TaskInstance: mssql_dag.check_null_member 2024-10-09T00:00:00+00:00 [running]> on host da843a407010
[2024-10-10 01:22:33,722] {taskinstance.py:1302} INFO - Exporting the following env vars:
AIRFLOW_CTX_DAG_OWNER=***
AIRFLOW_CTX_DAG_ID=mssql_dag
AIRFLOW_CTX_TASK_ID=check_null_member
AIRFLOW_CTX_EXECUTION_DATE=2024-10-09T00:00:00+00:00
AIRFLOW_CTX_DAG_RUN_ID=scheduled__2024-10-09T00:00:00+00:00
[2024-10-10 01:22:33,726] {python.py:151} INFO - Done. Returned value was: No DataFrame found for Empty DataFrame
Columns: []
Index: []
[2024-10-10 01:22:33,742] {taskinstance.py:1211} INFO - Marking task as SUCCESS. dag_id=mssql_dag, task_id=check_null_member, execution_date=20241009T000000, start_date=20241010T012233, end_date=20241010T012233
[2024-10-10 01:22:33,767] {taskinstance.py:1265} INFO - 0 downstream tasks scheduled from follow-on schedule check
[2024-10-10 01:22:33,791] {local_task_job.py:149} INFO - Task exited with return code 0
