[2024-10-09 09:00:08,728] {taskinstance.py:896} INFO - Dependencies all met for <TaskInstance: mssql_dag.check_null_receipt 2024-10-09T09:00:03.571725+00:00 [queued]>
[2024-10-09 09:00:08,736] {taskinstance.py:896} INFO - Dependencies all met for <TaskInstance: mssql_dag.check_null_receipt 2024-10-09T09:00:03.571725+00:00 [queued]>
[2024-10-09 09:00:08,737] {taskinstance.py:1087} INFO - 
--------------------------------------------------------------------------------
[2024-10-09 09:00:08,737] {taskinstance.py:1088} INFO - Starting attempt 1 of 2
[2024-10-09 09:00:08,738] {taskinstance.py:1089} INFO - 
--------------------------------------------------------------------------------
[2024-10-09 09:00:08,747] {taskinstance.py:1107} INFO - Executing <Task(PythonOperator): check_null_receipt> on 2024-10-09T09:00:03.571725+00:00
[2024-10-09 09:00:08,751] {standard_task_runner.py:52} INFO - Started process 96407 to run task
[2024-10-09 09:00:08,754] {standard_task_runner.py:76} INFO - Running: ['***', 'tasks', 'run', 'mssql_dag', 'check_null_receipt', '2024-10-09T09:00:03.571725+00:00', '--job-id', '40', '--pool', 'default_pool', '--raw', '--subdir', 'DAGS_FOLDER/mssql_dag.py', '--cfg-path', '/tmp/tmpdocf_m1o', '--error-file', '/tmp/tmp2y_kw3ul']
[2024-10-09 09:00:08,757] {standard_task_runner.py:77} INFO - Job 40: Subtask check_null_receipt
[2024-10-09 09:00:08,786] {logging_mixin.py:104} INFO - Running <TaskInstance: mssql_dag.check_null_receipt 2024-10-09T09:00:03.571725+00:00 [running]> on host da843a407010
[2024-10-09 09:00:08,816] {taskinstance.py:1302} INFO - Exporting the following env vars:
AIRFLOW_CTX_DAG_OWNER=***
AIRFLOW_CTX_DAG_ID=mssql_dag
AIRFLOW_CTX_TASK_ID=check_null_receipt
AIRFLOW_CTX_EXECUTION_DATE=2024-10-09T09:00:03.571725+00:00
AIRFLOW_CTX_DAG_RUN_ID=manual__2024-10-09T09:00:03.571725+00:00
[2024-10-09 09:00:08,819] {logging_mixin.py:104} INFO - No DataFrame found for Empty DataFrame
Columns: []
Index: []
[2024-10-09 09:00:08,820] {python.py:151} INFO - Done. Returned value was: None
[2024-10-09 09:00:08,829] {taskinstance.py:1211} INFO - Marking task as SUCCESS. dag_id=mssql_dag, task_id=check_null_receipt, execution_date=20241009T090003, start_date=20241009T090008, end_date=20241009T090008
[2024-10-09 09:00:08,857] {taskinstance.py:1265} INFO - 1 downstream tasks scheduled from follow-on schedule check
[2024-10-09 09:00:08,886] {local_task_job.py:149} INFO - Task exited with return code 0
