[2024-10-10 16:13:18,503] {taskinstance.py:896} INFO - Dependencies all met for <TaskInstance: mssql_dag.query_contract 2024-10-10T16:13:17.159947+00:00 [queued]>
[2024-10-10 16:13:18,514] {taskinstance.py:896} INFO - Dependencies all met for <TaskInstance: mssql_dag.query_contract 2024-10-10T16:13:17.159947+00:00 [queued]>
[2024-10-10 16:13:18,515] {taskinstance.py:1087} INFO - 
--------------------------------------------------------------------------------
[2024-10-10 16:13:18,515] {taskinstance.py:1088} INFO - Starting attempt 1 of 2
[2024-10-10 16:13:18,515] {taskinstance.py:1089} INFO - 
--------------------------------------------------------------------------------
[2024-10-10 16:13:18,522] {taskinstance.py:1107} INFO - Executing <Task(PythonOperator): query_contract> on 2024-10-10T16:13:17.159947+00:00
[2024-10-10 16:13:18,527] {standard_task_runner.py:52} INFO - Started process 81355 to run task
[2024-10-10 16:13:18,532] {standard_task_runner.py:76} INFO - Running: ['***', 'tasks', 'run', 'mssql_dag', 'query_contract', '2024-10-10T16:13:17.159947+00:00', '--job-id', '522', '--pool', 'default_pool', '--raw', '--subdir', 'DAGS_FOLDER/mssql_dag.py', '--cfg-path', '/tmp/tmp6dl7ppm8', '--error-file', '/tmp/tmps7jmdrla']
[2024-10-10 16:13:18,535] {standard_task_runner.py:77} INFO - Job 522: Subtask query_contract
[2024-10-10 16:13:18,649] {logging_mixin.py:104} INFO - Running <TaskInstance: mssql_dag.query_contract 2024-10-10T16:13:17.159947+00:00 [running]> on host da843a407010
[2024-10-10 16:13:18,732] {taskinstance.py:1302} INFO - Exporting the following env vars:
AIRFLOW_CTX_DAG_OWNER=***
AIRFLOW_CTX_DAG_ID=mssql_dag
AIRFLOW_CTX_TASK_ID=query_contract
AIRFLOW_CTX_EXECUTION_DATE=2024-10-10T16:13:17.159947+00:00
AIRFLOW_CTX_DAG_RUN_ID=manual__2024-10-10T16:13:17.159947+00:00
[2024-10-10 16:13:18,937] {logging_mixin.py:104} INFO - All records deleted from table 'tmp_contract' successfully.
[2024-10-10 16:13:20,056] {logging_mixin.py:104} INFO - Inserted 500 records into tmp_contract successfully.
[2024-10-10 16:13:20,056] {python.py:151} INFO - Done. Returned value was: None
[2024-10-10 16:13:20,080] {taskinstance.py:1211} INFO - Marking task as SUCCESS. dag_id=mssql_dag, task_id=query_contract, execution_date=20241010T161317, start_date=20241010T161318, end_date=20241010T161320
[2024-10-10 16:13:20,116] {taskinstance.py:1265} INFO - 1 downstream tasks scheduled from follow-on schedule check
[2024-10-10 16:13:20,146] {local_task_job.py:149} INFO - Task exited with return code 0
