[2024-10-10 03:58:31,699] {taskinstance.py:896} INFO - Dependencies all met for <TaskInstance: mssql_dag.check_null_receipt 2024-10-10T03:56:45.514280+00:00 [queued]>
[2024-10-10 03:58:31,707] {taskinstance.py:896} INFO - Dependencies all met for <TaskInstance: mssql_dag.check_null_receipt 2024-10-10T03:56:45.514280+00:00 [queued]>
[2024-10-10 03:58:31,717] {taskinstance.py:1087} INFO - 
--------------------------------------------------------------------------------
[2024-10-10 03:58:31,731] {taskinstance.py:1088} INFO - Starting attempt 1 of 2
[2024-10-10 03:58:31,747] {taskinstance.py:1089} INFO - 
--------------------------------------------------------------------------------
[2024-10-10 03:58:31,768] {taskinstance.py:1107} INFO - Executing <Task(PythonOperator): check_null_receipt> on 2024-10-10T03:56:45.514280+00:00
[2024-10-10 03:58:31,786] {standard_task_runner.py:52} INFO - Started process 16165 to run task
[2024-10-10 03:58:31,792] {standard_task_runner.py:76} INFO - Running: ['***', 'tasks', 'run', 'mssql_dag', 'check_null_receipt', '2024-10-10T03:56:45.514280+00:00', '--job-id', '425', '--pool', 'default_pool', '--raw', '--subdir', 'DAGS_FOLDER/mssql_dag.py', '--cfg-path', '/tmp/tmpj95t26s_', '--error-file', '/tmp/tmpuxdok786']
[2024-10-10 03:58:31,799] {standard_task_runner.py:77} INFO - Job 425: Subtask check_null_receipt
[2024-10-10 03:58:31,835] {logging_mixin.py:104} INFO - Running <TaskInstance: mssql_dag.check_null_receipt 2024-10-10T03:56:45.514280+00:00 [running]> on host da843a407010
[2024-10-10 03:58:31,874] {taskinstance.py:1302} INFO - Exporting the following env vars:
AIRFLOW_CTX_DAG_OWNER=***
AIRFLOW_CTX_DAG_ID=mssql_dag
AIRFLOW_CTX_TASK_ID=check_null_receipt
AIRFLOW_CTX_EXECUTION_DATE=2024-10-10T03:56:45.514280+00:00
AIRFLOW_CTX_DAG_RUN_ID=manual__2024-10-10T03:56:45.514280+00:00
[2024-10-10 03:58:31,876] {python.py:151} INFO - Done. Returned value was: No DataFrame found for Empty DataFrame
Columns: []
Index: []
[2024-10-10 03:58:31,897] {taskinstance.py:1211} INFO - Marking task as SUCCESS. dag_id=mssql_dag, task_id=check_null_receipt, execution_date=20241010T035645, start_date=20241010T035831, end_date=20241010T035831
[2024-10-10 03:58:31,919] {taskinstance.py:1265} INFO - 1 downstream tasks scheduled from follow-on schedule check
[2024-10-10 03:58:31,926] {local_task_job.py:149} INFO - Task exited with return code 0
