[2024-10-10 16:28:27,225] {taskinstance.py:896} INFO - Dependencies all met for <TaskInstance: mssql_dag.query_contract 2024-10-10T16:28:25.919464+00:00 [queued]>
[2024-10-10 16:28:27,238] {taskinstance.py:896} INFO - Dependencies all met for <TaskInstance: mssql_dag.query_contract 2024-10-10T16:28:25.919464+00:00 [queued]>
[2024-10-10 16:28:27,239] {taskinstance.py:1087} INFO - 
--------------------------------------------------------------------------------
[2024-10-10 16:28:27,239] {taskinstance.py:1088} INFO - Starting attempt 1 of 2
[2024-10-10 16:28:27,240] {taskinstance.py:1089} INFO - 
--------------------------------------------------------------------------------
[2024-10-10 16:28:27,247] {taskinstance.py:1107} INFO - Executing <Task(PythonOperator): query_contract> on 2024-10-10T16:28:25.919464+00:00
[2024-10-10 16:28:27,252] {standard_task_runner.py:52} INFO - Started process 90096 to run task
[2024-10-10 16:28:27,255] {standard_task_runner.py:76} INFO - Running: ['***', 'tasks', 'run', 'mssql_dag', 'query_contract', '2024-10-10T16:28:25.919464+00:00', '--job-id', '584', '--pool', 'default_pool', '--raw', '--subdir', 'DAGS_FOLDER/mssql_dag.py', '--cfg-path', '/tmp/tmpd4w0gp5d', '--error-file', '/tmp/tmpvm1m2vcc']
[2024-10-10 16:28:27,259] {standard_task_runner.py:77} INFO - Job 584: Subtask query_contract
[2024-10-10 16:28:27,292] {logging_mixin.py:104} INFO - Running <TaskInstance: mssql_dag.query_contract 2024-10-10T16:28:25.919464+00:00 [running]> on host da843a407010
[2024-10-10 16:28:27,330] {taskinstance.py:1302} INFO - Exporting the following env vars:
AIRFLOW_CTX_DAG_OWNER=***
AIRFLOW_CTX_DAG_ID=mssql_dag
AIRFLOW_CTX_TASK_ID=query_contract
AIRFLOW_CTX_EXECUTION_DATE=2024-10-10T16:28:25.919464+00:00
AIRFLOW_CTX_DAG_RUN_ID=manual__2024-10-10T16:28:25.919464+00:00
[2024-10-10 16:28:27,418] {logging_mixin.py:104} INFO - All records deleted from table 'tmp_contract' successfully.
[2024-10-10 16:28:28,320] {logging_mixin.py:104} INFO - Inserted 500 records into tmp_contract successfully.
[2024-10-10 16:28:28,320] {python.py:151} INFO - Done. Returned value was: None
[2024-10-10 16:28:28,327] {taskinstance.py:1211} INFO - Marking task as SUCCESS. dag_id=mssql_dag, task_id=query_contract, execution_date=20241010T162825, start_date=20241010T162827, end_date=20241010T162828
[2024-10-10 16:28:28,346] {taskinstance.py:1265} INFO - 1 downstream tasks scheduled from follow-on schedule check
[2024-10-10 16:28:28,389] {local_task_job.py:149} INFO - Task exited with return code 0
