[2024-10-10 16:28:31,292] {taskinstance.py:896} INFO - Dependencies all met for <TaskInstance: mssql_dag.check_null_member 2024-10-10T16:28:25.919464+00:00 [queued]>
[2024-10-10 16:28:31,305] {taskinstance.py:896} INFO - Dependencies all met for <TaskInstance: mssql_dag.check_null_member 2024-10-10T16:28:25.919464+00:00 [queued]>
[2024-10-10 16:28:31,305] {taskinstance.py:1087} INFO - 
--------------------------------------------------------------------------------
[2024-10-10 16:28:31,306] {taskinstance.py:1088} INFO - Starting attempt 1 of 2
[2024-10-10 16:28:31,306] {taskinstance.py:1089} INFO - 
--------------------------------------------------------------------------------
[2024-10-10 16:28:31,314] {taskinstance.py:1107} INFO - Executing <Task(PythonOperator): check_null_member> on 2024-10-10T16:28:25.919464+00:00
[2024-10-10 16:28:31,318] {standard_task_runner.py:52} INFO - Started process 90222 to run task
[2024-10-10 16:28:31,322] {standard_task_runner.py:76} INFO - Running: ['***', 'tasks', 'run', 'mssql_dag', 'check_null_member', '2024-10-10T16:28:25.919464+00:00', '--job-id', '589', '--pool', 'default_pool', '--raw', '--subdir', 'DAGS_FOLDER/mssql_dag.py', '--cfg-path', '/tmp/tmp30dd326t', '--error-file', '/tmp/tmp4b1r_2x2']
[2024-10-10 16:28:31,328] {standard_task_runner.py:77} INFO - Job 589: Subtask check_null_member
[2024-10-10 16:28:31,408] {logging_mixin.py:104} INFO - Running <TaskInstance: mssql_dag.check_null_member 2024-10-10T16:28:25.919464+00:00 [running]> on host da843a407010
[2024-10-10 16:28:31,512] {taskinstance.py:1302} INFO - Exporting the following env vars:
AIRFLOW_CTX_DAG_OWNER=***
AIRFLOW_CTX_DAG_ID=mssql_dag
AIRFLOW_CTX_TASK_ID=check_null_member
AIRFLOW_CTX_EXECUTION_DATE=2024-10-10T16:28:25.919464+00:00
AIRFLOW_CTX_DAG_RUN_ID=manual__2024-10-10T16:28:25.919464+00:00
[2024-10-10 16:28:31,571] {logging_mixin.py:104} INFO - MAST_MEMB_NO          0
MAST_MEMB_DEPT        0
MAST_DEPT_BRH         0
MAST_ZIP              0
MAST_BIRTH_YMD        0
                     ..
MAST_WORK_DATE        0
MAST_EMP_TYPE         0
MAST_RISK_STS         0
MAST_GUIDE_MEMB_NO    0
POST_DATETIME         0
Length: 85, dtype: int64
[2024-10-10 16:28:31,572] {python.py:151} INFO - Done. Returned value was: None
[2024-10-10 16:28:31,580] {taskinstance.py:1211} INFO - Marking task as SUCCESS. dag_id=mssql_dag, task_id=check_null_member, execution_date=20241010T162825, start_date=20241010T162831, end_date=20241010T162831
[2024-10-10 16:28:31,601] {taskinstance.py:1265} INFO - 1 downstream tasks scheduled from follow-on schedule check
[2024-10-10 16:28:31,614] {local_task_job.py:149} INFO - Task exited with return code 0
