[2024-10-09 09:31:20,726] {taskinstance.py:896} INFO - Dependencies all met for <TaskInstance: mssql_dag.query_contract 2024-10-09T09:31:19.540474+00:00 [queued]>
[2024-10-09 09:31:20,735] {taskinstance.py:896} INFO - Dependencies all met for <TaskInstance: mssql_dag.query_contract 2024-10-09T09:31:19.540474+00:00 [queued]>
[2024-10-09 09:31:20,737] {taskinstance.py:1087} INFO - 
--------------------------------------------------------------------------------
[2024-10-09 09:31:20,737] {taskinstance.py:1088} INFO - Starting attempt 1 of 2
[2024-10-09 09:31:20,738] {taskinstance.py:1089} INFO - 
--------------------------------------------------------------------------------
[2024-10-09 09:31:20,748] {taskinstance.py:1107} INFO - Executing <Task(PythonOperator): query_contract> on 2024-10-09T09:31:19.540474+00:00
[2024-10-09 09:31:20,752] {standard_task_runner.py:52} INFO - Started process 13198 to run task
[2024-10-09 09:31:20,755] {standard_task_runner.py:76} INFO - Running: ['***', 'tasks', 'run', 'mssql_dag', 'query_contract', '2024-10-09T09:31:19.540474+00:00', '--job-id', '82', '--pool', 'default_pool', '--raw', '--subdir', 'DAGS_FOLDER/mssql_dag.py', '--cfg-path', '/tmp/tmpznwoi9h8', '--error-file', '/tmp/tmpcjmb8voi']
[2024-10-09 09:31:20,758] {standard_task_runner.py:77} INFO - Job 82: Subtask query_contract
[2024-10-09 09:31:20,789] {logging_mixin.py:104} INFO - Running <TaskInstance: mssql_dag.query_contract 2024-10-09T09:31:19.540474+00:00 [running]> on host da843a407010
[2024-10-09 09:31:20,824] {taskinstance.py:1302} INFO - Exporting the following env vars:
AIRFLOW_CTX_DAG_OWNER=***
AIRFLOW_CTX_DAG_ID=mssql_dag
AIRFLOW_CTX_TASK_ID=query_contract
AIRFLOW_CTX_EXECUTION_DATE=2024-10-09T09:31:19.540474+00:00
AIRFLOW_CTX_DAG_RUN_ID=manual__2024-10-09T09:31:19.540474+00:00
[2024-10-09 09:31:20,853] {logging_mixin.py:104} INFO - SELECT * FROM contract
[2024-10-09 09:31:20,886] {python.py:151} INFO - Done. Returned value was:      PROM_MEMB_NO  PROM_LOAN_TYPE  ...  PROM_OP_CODE    POST_DATETIME
0              24               3  ...          NULL             NULL
1              50               3  ...          NULL             NULL
2             132               3  ...          NULL             NULL
3             237               3  ...            11  7/12/2022 10:34
4             280               3  ...          NULL             NULL
..            ...             ...  ...           ...              ...
495            48               3  ...          NULL             NULL
496            48               3  ...          NULL             NULL
497            48               3  ...             2             NULL
498            49               3  ...          NULL             NULL
499            49               3  ...          NULL             NULL

[500 rows x 51 columns]
[2024-10-09 09:31:20,939] {xcom.py:229} ERROR - Could not serialize the XCom value into JSON. If you are using pickle instead of JSON for XCom, then you need to enable pickle support for XCom in your *** config.
[2024-10-09 09:31:20,939] {taskinstance.py:1501} ERROR - Task failed with exception
Traceback (most recent call last):
  File "/home/airflow/.local/lib/python3.6/site-packages/airflow/models/taskinstance.py", line 1157, in _run_raw_task
    self._prepare_and_execute_task_with_callbacks(context, task)
  File "/home/airflow/.local/lib/python3.6/site-packages/airflow/models/taskinstance.py", line 1331, in _prepare_and_execute_task_with_callbacks
    result = self._execute_task(context, task_copy)
  File "/home/airflow/.local/lib/python3.6/site-packages/airflow/models/taskinstance.py", line 1364, in _execute_task
    self.xcom_push(key=XCOM_RETURN_KEY, value=result)
  File "/home/airflow/.local/lib/python3.6/site-packages/airflow/utils/session.py", line 70, in wrapper
    return func(*args, session=session, **kwargs)
  File "/home/airflow/.local/lib/python3.6/site-packages/airflow/models/taskinstance.py", line 1943, in xcom_push
    session=session,
  File "/home/airflow/.local/lib/python3.6/site-packages/airflow/utils/session.py", line 67, in wrapper
    return func(*args, **kwargs)
  File "/home/airflow/.local/lib/python3.6/site-packages/airflow/models/xcom.py", line 79, in set
    value = XCom.serialize_value(value)
  File "/home/airflow/.local/lib/python3.6/site-packages/airflow/models/xcom.py", line 226, in serialize_value
    return json.dumps(value).encode('UTF-8')
  File "/usr/local/lib/python3.6/json/__init__.py", line 231, in dumps
    return _default_encoder.encode(obj)
  File "/usr/local/lib/python3.6/json/encoder.py", line 199, in encode
    chunks = self.iterencode(o, _one_shot=True)
  File "/usr/local/lib/python3.6/json/encoder.py", line 257, in iterencode
    return _iterencode(o, 0)
  File "/usr/local/lib/python3.6/json/encoder.py", line 180, in default
    o.__class__.__name__)
TypeError: Object of type 'DataFrame' is not JSON serializable
[2024-10-09 09:31:20,941] {taskinstance.py:1551} INFO - Marking task as UP_FOR_RETRY. dag_id=mssql_dag, task_id=query_contract, execution_date=20241009T093119, start_date=20241009T093120, end_date=20241009T093120
[2024-10-09 09:31:20,967] {local_task_job.py:149} INFO - Task exited with return code 1
