[2024-10-10 16:47:13,326] {taskinstance.py:896} INFO - Dependencies all met for <TaskInstance: mssql_dag.clean1_member 2024-10-10T16:47:08.218534+00:00 [queued]>
[2024-10-10 16:47:13,339] {taskinstance.py:896} INFO - Dependencies all met for <TaskInstance: mssql_dag.clean1_member 2024-10-10T16:47:08.218534+00:00 [queued]>
[2024-10-10 16:47:13,339] {taskinstance.py:1087} INFO - 
--------------------------------------------------------------------------------
[2024-10-10 16:47:13,340] {taskinstance.py:1088} INFO - Starting attempt 1 of 2
[2024-10-10 16:47:13,340] {taskinstance.py:1089} INFO - 
--------------------------------------------------------------------------------
[2024-10-10 16:47:13,348] {taskinstance.py:1107} INFO - Executing <Task(PythonOperator): clean1_member> on 2024-10-10T16:47:08.218534+00:00
[2024-10-10 16:47:13,352] {standard_task_runner.py:52} INFO - Started process 330 to run task
[2024-10-10 16:47:13,355] {standard_task_runner.py:76} INFO - Running: ['***', 'tasks', 'run', 'mssql_dag', 'clean1_member', '2024-10-10T16:47:08.218534+00:00', '--job-id', '612', '--pool', 'default_pool', '--raw', '--subdir', 'DAGS_FOLDER/mssql_dag.py', '--cfg-path', '/tmp/tmplooml3uz', '--error-file', '/tmp/tmpy5axtp8z']
[2024-10-10 16:47:13,358] {standard_task_runner.py:77} INFO - Job 612: Subtask clean1_member
[2024-10-10 16:47:13,391] {logging_mixin.py:104} INFO - Running <TaskInstance: mssql_dag.clean1_member 2024-10-10T16:47:08.218534+00:00 [running]> on host da843a407010
[2024-10-10 16:47:13,427] {taskinstance.py:1302} INFO - Exporting the following env vars:
AIRFLOW_CTX_DAG_OWNER=***
AIRFLOW_CTX_DAG_ID=mssql_dag
AIRFLOW_CTX_TASK_ID=clean1_member
AIRFLOW_CTX_EXECUTION_DATE=2024-10-10T16:47:08.218534+00:00
AIRFLOW_CTX_DAG_RUN_ID=manual__2024-10-10T16:47:08.218534+00:00
[2024-10-10 16:47:13,966] {logging_mixin.py:104} INFO - Inserted 150 records into tmp_member successfully.
[2024-10-10 16:47:13,967] {python.py:151} INFO - Done. Returned value was: None
[2024-10-10 16:47:13,975] {taskinstance.py:1211} INFO - Marking task as SUCCESS. dag_id=mssql_dag, task_id=clean1_member, execution_date=20241010T164708, start_date=20241010T164713, end_date=20241010T164713
[2024-10-10 16:47:13,999] {taskinstance.py:1265} INFO - 1 downstream tasks scheduled from follow-on schedule check
[2024-10-10 16:47:14,009] {local_task_job.py:149} INFO - Task exited with return code 0
