[2024-10-10 01:54:39,268] {taskinstance.py:896} INFO - Dependencies all met for <TaskInstance: mssql_dag.print_member_detail 2024-10-10T01:54:35.970892+00:00 [queued]>
[2024-10-10 01:54:39,276] {taskinstance.py:896} INFO - Dependencies all met for <TaskInstance: mssql_dag.print_member_detail 2024-10-10T01:54:35.970892+00:00 [queued]>
[2024-10-10 01:54:39,277] {taskinstance.py:1087} INFO - 
--------------------------------------------------------------------------------
[2024-10-10 01:54:39,277] {taskinstance.py:1088} INFO - Starting attempt 1 of 2
[2024-10-10 01:54:39,278] {taskinstance.py:1089} INFO - 
--------------------------------------------------------------------------------
[2024-10-10 01:54:39,289] {taskinstance.py:1107} INFO - Executing <Task(PythonOperator): print_member_detail> on 2024-10-10T01:54:35.970892+00:00
[2024-10-10 01:54:39,293] {standard_task_runner.py:52} INFO - Started process 49865 to run task
[2024-10-10 01:54:39,296] {standard_task_runner.py:76} INFO - Running: ['***', 'tasks', 'run', 'mssql_dag', 'print_member_detail', '2024-10-10T01:54:35.970892+00:00', '--job-id', '216', '--pool', 'default_pool', '--raw', '--subdir', 'DAGS_FOLDER/mssql_dag.py', '--cfg-path', '/tmp/tmpvrpbv5x5', '--error-file', '/tmp/tmpyxu02y2q']
[2024-10-10 01:54:39,299] {standard_task_runner.py:77} INFO - Job 216: Subtask print_member_detail
[2024-10-10 01:54:39,331] {logging_mixin.py:104} INFO - Running <TaskInstance: mssql_dag.print_member_detail 2024-10-10T01:54:35.970892+00:00 [running]> on host da843a407010
[2024-10-10 01:54:39,363] {taskinstance.py:1302} INFO - Exporting the following env vars:
AIRFLOW_CTX_DAG_OWNER=***
AIRFLOW_CTX_DAG_ID=mssql_dag
AIRFLOW_CTX_TASK_ID=print_member_detail
AIRFLOW_CTX_EXECUTION_DATE=2024-10-10T01:54:35.970892+00:00
AIRFLOW_CTX_DAG_RUN_ID=manual__2024-10-10T01:54:35.970892+00:00
[2024-10-10 01:54:39,540] {logging_mixin.py:104} INFO - Error inserting DataFrame: (207, b"Invalid column name 'nan'.DB-Lib error message 20018, severity 16:\nGeneral SQL Server error: Check messages from the SQL Server\n")
[2024-10-10 01:54:39,541] {logging_mixin.py:104} INFO - The DataFrame for table 'member' is empty.
[2024-10-10 01:54:39,541] {python.py:151} INFO - Done. Returned value was: None
[2024-10-10 01:54:39,548] {taskinstance.py:1211} INFO - Marking task as SUCCESS. dag_id=mssql_dag, task_id=print_member_detail, execution_date=20241010T015435, start_date=20241010T015439, end_date=20241010T015439
[2024-10-10 01:54:39,568] {taskinstance.py:1265} INFO - 1 downstream tasks scheduled from follow-on schedule check
[2024-10-10 01:54:39,588] {local_task_job.py:149} INFO - Task exited with return code 0
