[2024-10-10 01:49:38,520] {taskinstance.py:896} INFO - Dependencies all met for <TaskInstance: mssql_dag.check_null_member 2024-10-10T01:49:33.696073+00:00 [queued]>
[2024-10-10 01:49:38,528] {taskinstance.py:896} INFO - Dependencies all met for <TaskInstance: mssql_dag.check_null_member 2024-10-10T01:49:33.696073+00:00 [queued]>
[2024-10-10 01:49:38,528] {taskinstance.py:1087} INFO - 
--------------------------------------------------------------------------------
[2024-10-10 01:49:38,529] {taskinstance.py:1088} INFO - Starting attempt 1 of 2
[2024-10-10 01:49:38,529] {taskinstance.py:1089} INFO - 
--------------------------------------------------------------------------------
[2024-10-10 01:49:38,541] {taskinstance.py:1107} INFO - Executing <Task(PythonOperator): check_null_member> on 2024-10-10T01:49:33.696073+00:00
[2024-10-10 01:49:38,547] {standard_task_runner.py:52} INFO - Started process 47090 to run task
[2024-10-10 01:49:38,559] {standard_task_runner.py:76} INFO - Running: ['***', 'tasks', 'run', 'mssql_dag', 'check_null_member', '2024-10-10T01:49:33.696073+00:00', '--job-id', '204', '--pool', 'default_pool', '--raw', '--subdir', 'DAGS_FOLDER/mssql_dag.py', '--cfg-path', '/tmp/tmp3dur20mr', '--error-file', '/tmp/tmp598uflui']
[2024-10-10 01:49:38,575] {standard_task_runner.py:77} INFO - Job 204: Subtask check_null_member
[2024-10-10 01:49:38,627] {logging_mixin.py:104} INFO - Running <TaskInstance: mssql_dag.check_null_member 2024-10-10T01:49:33.696073+00:00 [running]> on host da843a407010
[2024-10-10 01:49:38,733] {taskinstance.py:1302} INFO - Exporting the following env vars:
AIRFLOW_CTX_DAG_OWNER=***
AIRFLOW_CTX_DAG_ID=mssql_dag
AIRFLOW_CTX_TASK_ID=check_null_member
AIRFLOW_CTX_EXECUTION_DATE=2024-10-10T01:49:33.696073+00:00
AIRFLOW_CTX_DAG_RUN_ID=manual__2024-10-10T01:49:33.696073+00:00
[2024-10-10 01:49:38,737] {python.py:151} INFO - Done. Returned value was: No DataFrame found for Empty DataFrame
Columns: []
Index: []
[2024-10-10 01:49:38,786] {taskinstance.py:1211} INFO - Marking task as SUCCESS. dag_id=mssql_dag, task_id=check_null_member, execution_date=20241010T014933, start_date=20241010T014938, end_date=20241010T014938
[2024-10-10 01:49:38,814] {taskinstance.py:1265} INFO - 1 downstream tasks scheduled from follow-on schedule check
[2024-10-10 01:49:38,858] {local_task_job.py:149} INFO - Task exited with return code 0
