[2024-10-10 02:37:18,996] {taskinstance.py:896} INFO - Dependencies all met for <TaskInstance: mssql_dag.clean_member 2024-10-10T02:37:13.332857+00:00 [queued]>
[2024-10-10 02:37:19,005] {taskinstance.py:896} INFO - Dependencies all met for <TaskInstance: mssql_dag.clean_member 2024-10-10T02:37:13.332857+00:00 [queued]>
[2024-10-10 02:37:19,010] {taskinstance.py:1087} INFO - 
--------------------------------------------------------------------------------
[2024-10-10 02:37:19,010] {taskinstance.py:1088} INFO - Starting attempt 1 of 2
[2024-10-10 02:37:19,012] {taskinstance.py:1089} INFO - 
--------------------------------------------------------------------------------
[2024-10-10 02:37:19,025] {taskinstance.py:1107} INFO - Executing <Task(PythonOperator): clean_member> on 2024-10-10T02:37:13.332857+00:00
[2024-10-10 02:37:19,030] {standard_task_runner.py:52} INFO - Started process 72327 to run task
[2024-10-10 02:37:19,033] {standard_task_runner.py:76} INFO - Running: ['***', 'tasks', 'run', 'mssql_dag', 'clean_member', '2024-10-10T02:37:13.332857+00:00', '--job-id', '270', '--pool', 'default_pool', '--raw', '--subdir', 'DAGS_FOLDER/mssql_dag.py', '--cfg-path', '/tmp/tmpz6qity7c', '--error-file', '/tmp/tmpfp7ew0j8']
[2024-10-10 02:37:19,035] {standard_task_runner.py:77} INFO - Job 270: Subtask clean_member
[2024-10-10 02:37:19,072] {logging_mixin.py:104} INFO - Running <TaskInstance: mssql_dag.clean_member 2024-10-10T02:37:13.332857+00:00 [running]> on host da843a407010
[2024-10-10 02:37:19,111] {taskinstance.py:1302} INFO - Exporting the following env vars:
AIRFLOW_CTX_DAG_OWNER=***
AIRFLOW_CTX_DAG_ID=mssql_dag
AIRFLOW_CTX_TASK_ID=clean_member
AIRFLOW_CTX_EXECUTION_DATE=2024-10-10T02:37:13.332857+00:00
AIRFLOW_CTX_DAG_RUN_ID=manual__2024-10-10T02:37:13.332857+00:00
[2024-10-10 02:37:19,169] {logging_mixin.py:104} INFO - Cleaned member table:
[2024-10-10 02:37:19,242] {logging_mixin.py:104} INFO -     MAST_MEMB_NO MAST_MEMB_DEPT  ... MAST_GUIDE_MEMB_NO POST_DATETIME
0          44.0           1154  ...               NULL          NULL
1          48.0           1156  ...               NULL          NULL
2          49.0           1156  ...               NULL          NULL
3          50.0           1156  ...               NULL          NULL
4          56.0           1156  ...               NULL          NULL

[5 rows x 86 columns]
[2024-10-10 02:37:19,244] {python.py:151} INFO - Done. Returned value was: None
[2024-10-10 02:37:19,253] {taskinstance.py:1211} INFO - Marking task as SUCCESS. dag_id=mssql_dag, task_id=clean_member, execution_date=20241010T023713, start_date=20241010T023718, end_date=20241010T023719
[2024-10-10 02:37:19,275] {taskinstance.py:1265} INFO - 1 downstream tasks scheduled from follow-on schedule check
[2024-10-10 02:37:19,288] {local_task_job.py:149} INFO - Task exited with return code 0
