[2024-10-10 03:56:51,183] {taskinstance.py:896} INFO - Dependencies all met for <TaskInstance: mssql_dag.clean_member 2024-10-10T03:56:45.514280+00:00 [queued]>
[2024-10-10 03:56:51,190] {taskinstance.py:896} INFO - Dependencies all met for <TaskInstance: mssql_dag.clean_member 2024-10-10T03:56:45.514280+00:00 [queued]>
[2024-10-10 03:56:51,191] {taskinstance.py:1087} INFO - 
--------------------------------------------------------------------------------
[2024-10-10 03:56:51,191] {taskinstance.py:1088} INFO - Starting attempt 1 of 2
[2024-10-10 03:56:51,191] {taskinstance.py:1089} INFO - 
--------------------------------------------------------------------------------
[2024-10-10 03:56:51,200] {taskinstance.py:1107} INFO - Executing <Task(PythonOperator): clean_member> on 2024-10-10T03:56:45.514280+00:00
[2024-10-10 03:56:51,205] {standard_task_runner.py:52} INFO - Started process 15337 to run task
[2024-10-10 03:56:51,207] {standard_task_runner.py:76} INFO - Running: ['***', 'tasks', 'run', 'mssql_dag', 'clean_member', '2024-10-10T03:56:45.514280+00:00', '--job-id', '421', '--pool', 'default_pool', '--raw', '--subdir', 'DAGS_FOLDER/mssql_dag.py', '--cfg-path', '/tmp/tmp1xulcnx_', '--error-file', '/tmp/tmpxbeatl3b']
[2024-10-10 03:56:51,210] {standard_task_runner.py:77} INFO - Job 421: Subtask clean_member
[2024-10-10 03:56:51,239] {logging_mixin.py:104} INFO - Running <TaskInstance: mssql_dag.clean_member 2024-10-10T03:56:45.514280+00:00 [running]> on host da843a407010
[2024-10-10 03:56:51,270] {taskinstance.py:1302} INFO - Exporting the following env vars:
AIRFLOW_CTX_DAG_OWNER=***
AIRFLOW_CTX_DAG_ID=mssql_dag
AIRFLOW_CTX_TASK_ID=clean_member
AIRFLOW_CTX_EXECUTION_DATE=2024-10-10T03:56:45.514280+00:00
AIRFLOW_CTX_DAG_RUN_ID=manual__2024-10-10T03:56:45.514280+00:00
[2024-10-10 03:56:51,312] {logging_mixin.py:104} INFO - Cleaned member table:
[2024-10-10 03:56:51,376] {logging_mixin.py:104} INFO -     MAST_MEMB_NO MAST_MEMB_DEPT  ... MAST_GUIDE_MEMB_NO POST_DATETIME
0          44.0           1154  ...               NULL          NULL
1          48.0           1156  ...               NULL          NULL
2          49.0           1156  ...               NULL          NULL
3          50.0           1156  ...               NULL          NULL
4          56.0           1156  ...               NULL          NULL

[5 rows x 86 columns]
[2024-10-10 03:56:51,377] {python.py:151} INFO - Done. Returned value was: None
[2024-10-10 03:56:51,384] {taskinstance.py:1211} INFO - Marking task as SUCCESS. dag_id=mssql_dag, task_id=clean_member, execution_date=20241010T035645, start_date=20241010T035651, end_date=20241010T035651
[2024-10-10 03:56:51,406] {taskinstance.py:1265} INFO - 1 downstream tasks scheduled from follow-on schedule check
[2024-10-10 03:56:51,419] {local_task_job.py:149} INFO - Task exited with return code 0
