[2024-10-10 04:41:35,648] {taskinstance.py:896} INFO - Dependencies all met for <TaskInstance: mssql_dag.clean1_contract 2024-10-10T04:41:29.950282+00:00 [queued]>
[2024-10-10 04:41:35,655] {taskinstance.py:896} INFO - Dependencies all met for <TaskInstance: mssql_dag.clean1_contract 2024-10-10T04:41:29.950282+00:00 [queued]>
[2024-10-10 04:41:35,656] {taskinstance.py:1087} INFO - 
--------------------------------------------------------------------------------
[2024-10-10 04:41:35,656] {taskinstance.py:1088} INFO - Starting attempt 1 of 2
[2024-10-10 04:41:35,656] {taskinstance.py:1089} INFO - 
--------------------------------------------------------------------------------
[2024-10-10 04:41:35,665] {taskinstance.py:1107} INFO - Executing <Task(PythonOperator): clean1_contract> on 2024-10-10T04:41:29.950282+00:00
[2024-10-10 04:41:35,670] {standard_task_runner.py:52} INFO - Started process 34717 to run task
[2024-10-10 04:41:35,672] {standard_task_runner.py:76} INFO - Running: ['***', 'tasks', 'run', 'mssql_dag', 'clean1_contract', '2024-10-10T04:41:29.950282+00:00', '--job-id', '451', '--pool', 'default_pool', '--raw', '--subdir', 'DAGS_FOLDER/mssql_dag.py', '--cfg-path', '/tmp/tmpy_zelzyc', '--error-file', '/tmp/tmpg238rpm8']
[2024-10-10 04:41:35,676] {standard_task_runner.py:77} INFO - Job 451: Subtask clean1_contract
[2024-10-10 04:41:35,705] {logging_mixin.py:104} INFO - Running <TaskInstance: mssql_dag.clean1_contract 2024-10-10T04:41:29.950282+00:00 [running]> on host da843a407010
[2024-10-10 04:41:35,736] {taskinstance.py:1302} INFO - Exporting the following env vars:
AIRFLOW_CTX_DAG_OWNER=***
AIRFLOW_CTX_DAG_ID=mssql_dag
AIRFLOW_CTX_TASK_ID=clean1_contract
AIRFLOW_CTX_EXECUTION_DATE=2024-10-10T04:41:29.950282+00:00
AIRFLOW_CTX_DAG_RUN_ID=manual__2024-10-10T04:41:29.950282+00:00
[2024-10-10 04:41:35,784] {python.py:151} INFO - Done. Returned value was: None
[2024-10-10 04:41:35,790] {taskinstance.py:1211} INFO - Marking task as SUCCESS. dag_id=mssql_dag, task_id=clean1_contract, execution_date=20241010T044129, start_date=20241010T044135, end_date=20241010T044135
[2024-10-10 04:41:35,809] {taskinstance.py:1265} INFO - 1 downstream tasks scheduled from follow-on schedule check
[2024-10-10 04:41:35,848] {local_task_job.py:149} INFO - Task exited with return code 0
