[2024-10-10 03:04:44,240] {taskinstance.py:896} INFO - Dependencies all met for <TaskInstance: mssql_dag.query_contract 2024-10-10T03:04:43.320716+00:00 [queued]>
[2024-10-10 03:04:44,247] {taskinstance.py:896} INFO - Dependencies all met for <TaskInstance: mssql_dag.query_contract 2024-10-10T03:04:43.320716+00:00 [queued]>
[2024-10-10 03:04:44,248] {taskinstance.py:1087} INFO - 
--------------------------------------------------------------------------------
[2024-10-10 03:04:44,248] {taskinstance.py:1088} INFO - Starting attempt 1 of 2
[2024-10-10 03:04:44,248] {taskinstance.py:1089} INFO - 
--------------------------------------------------------------------------------
[2024-10-10 03:04:44,257] {taskinstance.py:1107} INFO - Executing <Task(PythonOperator): query_contract> on 2024-10-10T03:04:43.320716+00:00
[2024-10-10 03:04:44,261] {standard_task_runner.py:52} INFO - Started process 86353 to run task
[2024-10-10 03:04:44,265] {standard_task_runner.py:76} INFO - Running: ['***', 'tasks', 'run', 'mssql_dag', 'query_contract', '2024-10-10T03:04:43.320716+00:00', '--job-id', '281', '--pool', 'default_pool', '--raw', '--subdir', 'DAGS_FOLDER/mssql_dag.py', '--cfg-path', '/tmp/tmpusdy4szs', '--error-file', '/tmp/tmp1_e8uc6x']
[2024-10-10 03:04:44,269] {standard_task_runner.py:77} INFO - Job 281: Subtask query_contract
[2024-10-10 03:04:44,304] {logging_mixin.py:104} INFO - Running <TaskInstance: mssql_dag.query_contract 2024-10-10T03:04:43.320716+00:00 [running]> on host da843a407010
[2024-10-10 03:04:44,337] {taskinstance.py:1302} INFO - Exporting the following env vars:
AIRFLOW_CTX_DAG_OWNER=***
AIRFLOW_CTX_DAG_ID=mssql_dag
AIRFLOW_CTX_TASK_ID=query_contract
AIRFLOW_CTX_EXECUTION_DATE=2024-10-10T03:04:43.320716+00:00
AIRFLOW_CTX_DAG_RUN_ID=manual__2024-10-10T03:04:43.320716+00:00
[2024-10-10 03:04:44,416] {logging_mixin.py:104} INFO - All records deleted from table 'tmp_contract' successfully.
[2024-10-10 03:04:45,730] {logging_mixin.py:104} INFO - Inserted 500 records into tmp_contract successfully.
[2024-10-10 03:04:45,744] {python.py:151} INFO - Done. Returned value was: None
[2024-10-10 03:04:45,753] {taskinstance.py:1211} INFO - Marking task as SUCCESS. dag_id=mssql_dag, task_id=query_contract, execution_date=20241010T030443, start_date=20241010T030444, end_date=20241010T030445
[2024-10-10 03:04:45,772] {taskinstance.py:1265} INFO - 1 downstream tasks scheduled from follow-on schedule check
[2024-10-10 03:04:45,801] {local_task_job.py:149} INFO - Task exited with return code 0
