[2024-10-10 16:24:12,180] {taskinstance.py:896} INFO - Dependencies all met for <TaskInstance: mssql_dag.clean2_member 2024-10-10T16:24:03.207887+00:00 [queued]>
[2024-10-10 16:24:12,193] {taskinstance.py:896} INFO - Dependencies all met for <TaskInstance: mssql_dag.clean2_member 2024-10-10T16:24:03.207887+00:00 [queued]>
[2024-10-10 16:24:12,193] {taskinstance.py:1087} INFO - 
--------------------------------------------------------------------------------
[2024-10-10 16:24:12,193] {taskinstance.py:1088} INFO - Starting attempt 1 of 2
[2024-10-10 16:24:12,194] {taskinstance.py:1089} INFO - 
--------------------------------------------------------------------------------
[2024-10-10 16:24:12,201] {taskinstance.py:1107} INFO - Executing <Task(PythonOperator): clean2_member> on 2024-10-10T16:24:03.207887+00:00
[2024-10-10 16:24:12,206] {standard_task_runner.py:52} INFO - Started process 87699 to run task
[2024-10-10 16:24:12,210] {standard_task_runner.py:76} INFO - Running: ['***', 'tasks', 'run', 'mssql_dag', 'clean2_member', '2024-10-10T16:24:03.207887+00:00', '--job-id', '572', '--pool', 'default_pool', '--raw', '--subdir', 'DAGS_FOLDER/mssql_dag.py', '--cfg-path', '/tmp/tmp5v21dwxh', '--error-file', '/tmp/tmp2rxzakuj']
[2024-10-10 16:24:12,212] {standard_task_runner.py:77} INFO - Job 572: Subtask clean2_member
[2024-10-10 16:24:12,243] {logging_mixin.py:104} INFO - Running <TaskInstance: mssql_dag.clean2_member 2024-10-10T16:24:03.207887+00:00 [running]> on host da843a407010
[2024-10-10 16:24:12,278] {taskinstance.py:1302} INFO - Exporting the following env vars:
AIRFLOW_CTX_DAG_OWNER=***
AIRFLOW_CTX_DAG_ID=mssql_dag
AIRFLOW_CTX_TASK_ID=clean2_member
AIRFLOW_CTX_EXECUTION_DATE=2024-10-10T16:24:03.207887+00:00
AIRFLOW_CTX_DAG_RUN_ID=manual__2024-10-10T16:24:03.207887+00:00
[2024-10-10 16:24:12,329] {python.py:151} INFO - Done. Returned value was: None
[2024-10-10 16:24:12,336] {taskinstance.py:1211} INFO - Marking task as SUCCESS. dag_id=mssql_dag, task_id=clean2_member, execution_date=20241010T162403, start_date=20241010T162412, end_date=20241010T162412
[2024-10-10 16:24:12,355] {taskinstance.py:1265} INFO - 1 downstream tasks scheduled from follow-on schedule check
[2024-10-10 16:24:12,381] {local_task_job.py:149} INFO - Task exited with return code 0
