[2024-10-10 03:46:42,877] {taskinstance.py:896} INFO - Dependencies all met for <TaskInstance: mssql_dag.query_member 2024-10-10T03:46:41.983328+00:00 [queued]>
[2024-10-10 03:46:42,889] {taskinstance.py:896} INFO - Dependencies all met for <TaskInstance: mssql_dag.query_member 2024-10-10T03:46:41.983328+00:00 [queued]>
[2024-10-10 03:46:42,890] {taskinstance.py:1087} INFO - 
--------------------------------------------------------------------------------
[2024-10-10 03:46:42,890] {taskinstance.py:1088} INFO - Starting attempt 1 of 2
[2024-10-10 03:46:42,891] {taskinstance.py:1089} INFO - 
--------------------------------------------------------------------------------
[2024-10-10 03:46:42,900] {taskinstance.py:1107} INFO - Executing <Task(PythonOperator): query_member> on 2024-10-10T03:46:41.983328+00:00
[2024-10-10 03:46:42,905] {standard_task_runner.py:52} INFO - Started process 9588 to run task
[2024-10-10 03:46:42,908] {standard_task_runner.py:76} INFO - Running: ['***', 'tasks', 'run', 'mssql_dag', 'query_member', '2024-10-10T03:46:41.983328+00:00', '--job-id', '384', '--pool', 'default_pool', '--raw', '--subdir', 'DAGS_FOLDER/mssql_dag.py', '--cfg-path', '/tmp/tmpd6hn3oqh', '--error-file', '/tmp/tmppgvgme25']
[2024-10-10 03:46:42,912] {standard_task_runner.py:77} INFO - Job 384: Subtask query_member
[2024-10-10 03:46:42,945] {logging_mixin.py:104} INFO - Running <TaskInstance: mssql_dag.query_member 2024-10-10T03:46:41.983328+00:00 [running]> on host da843a407010
[2024-10-10 03:46:42,976] {taskinstance.py:1302} INFO - Exporting the following env vars:
AIRFLOW_CTX_DAG_OWNER=***
AIRFLOW_CTX_DAG_ID=mssql_dag
AIRFLOW_CTX_TASK_ID=query_member
AIRFLOW_CTX_EXECUTION_DATE=2024-10-10T03:46:41.983328+00:00
AIRFLOW_CTX_DAG_RUN_ID=manual__2024-10-10T03:46:41.983328+00:00
[2024-10-10 03:46:43,101] {logging_mixin.py:104} INFO -     MAST_MEMB_DEPT MAST_DEPT_BRH  ... MAST_GUIDE_MEMB_NO POST_DATETIME
0             1154             3  ...               NULL          NULL
1             1156             4  ...               NULL          NULL
2             1156             4  ...               NULL          NULL
3             1156            12  ...               NULL          NULL
4             1156             4  ...               NULL          NULL
..             ...           ...  ...                ...           ...
146           1156            23  ...               NULL          NULL
147           1156            23  ...               NULL          NULL
148           1156             2  ...               NULL          NULL
149           1155             3  ...               NULL          NULL
150           1156            23  ...               NULL          NULL

[151 rows x 84 columns]
[2024-10-10 03:46:43,129] {logging_mixin.py:104} INFO - All records deleted from table 'tmp_member' successfully.
[2024-10-10 03:46:43,509] {logging_mixin.py:104} INFO - Inserted 151 records into tmp_member successfully.
[2024-10-10 03:46:43,510] {python.py:151} INFO - Done. Returned value was: None
[2024-10-10 03:46:43,517] {taskinstance.py:1211} INFO - Marking task as SUCCESS. dag_id=mssql_dag, task_id=query_member, execution_date=20241010T034641, start_date=20241010T034642, end_date=20241010T034643
[2024-10-10 03:46:43,539] {taskinstance.py:1265} INFO - 1 downstream tasks scheduled from follow-on schedule check
[2024-10-10 03:46:43,561] {local_task_job.py:149} INFO - Task exited with return code 0
