[2024-10-10 04:58:47,838] {taskinstance.py:896} INFO - Dependencies all met for <TaskInstance: mssql_dag.clean1_member 2024-10-10T04:58:41.997410+00:00 [queued]>
[2024-10-10 04:58:47,846] {taskinstance.py:896} INFO - Dependencies all met for <TaskInstance: mssql_dag.clean1_member 2024-10-10T04:58:41.997410+00:00 [queued]>
[2024-10-10 04:58:47,846] {taskinstance.py:1087} INFO - 
--------------------------------------------------------------------------------
[2024-10-10 04:58:47,847] {taskinstance.py:1088} INFO - Starting attempt 1 of 2
[2024-10-10 04:58:47,847] {taskinstance.py:1089} INFO - 
--------------------------------------------------------------------------------
[2024-10-10 04:58:47,857] {taskinstance.py:1107} INFO - Executing <Task(PythonOperator): clean1_member> on 2024-10-10T04:58:41.997410+00:00
[2024-10-10 04:58:47,862] {standard_task_runner.py:52} INFO - Started process 44103 to run task
[2024-10-10 04:58:47,864] {standard_task_runner.py:76} INFO - Running: ['***', 'tasks', 'run', 'mssql_dag', 'clean1_member', '2024-10-10T04:58:41.997410+00:00', '--job-id', '489', '--pool', 'default_pool', '--raw', '--subdir', 'DAGS_FOLDER/mssql_dag.py', '--cfg-path', '/tmp/tmp4q6rc0e8', '--error-file', '/tmp/tmpppq8644m']
[2024-10-10 04:58:47,867] {standard_task_runner.py:77} INFO - Job 489: Subtask clean1_member
[2024-10-10 04:58:47,898] {logging_mixin.py:104} INFO - Running <TaskInstance: mssql_dag.clean1_member 2024-10-10T04:58:41.997410+00:00 [running]> on host da843a407010
[2024-10-10 04:58:47,930] {taskinstance.py:1302} INFO - Exporting the following env vars:
AIRFLOW_CTX_DAG_OWNER=***
AIRFLOW_CTX_DAG_ID=mssql_dag
AIRFLOW_CTX_TASK_ID=clean1_member
AIRFLOW_CTX_EXECUTION_DATE=2024-10-10T04:58:41.997410+00:00
AIRFLOW_CTX_DAG_RUN_ID=manual__2024-10-10T04:58:41.997410+00:00
[2024-10-10 04:58:48,409] {logging_mixin.py:104} INFO - Inserted 150 records into tmp_member successfully.
[2024-10-10 04:58:48,410] {python.py:151} INFO - Done. Returned value was: None
[2024-10-10 04:58:48,417] {taskinstance.py:1211} INFO - Marking task as SUCCESS. dag_id=mssql_dag, task_id=clean1_member, execution_date=20241010T045841, start_date=20241010T045847, end_date=20241010T045848
[2024-10-10 04:58:48,436] {taskinstance.py:1265} INFO - 1 downstream tasks scheduled from follow-on schedule check
[2024-10-10 04:58:48,477] {local_task_job.py:149} INFO - Task exited with return code 0
