[2024-10-10 04:51:40,604] {taskinstance.py:896} INFO - Dependencies all met for <TaskInstance: mssql_dag.check_null_member 2024-10-10T04:51:35.975029+00:00 [queued]>
[2024-10-10 04:51:40,611] {taskinstance.py:896} INFO - Dependencies all met for <TaskInstance: mssql_dag.check_null_member 2024-10-10T04:51:35.975029+00:00 [queued]>
[2024-10-10 04:51:40,612] {taskinstance.py:1087} INFO - 
--------------------------------------------------------------------------------
[2024-10-10 04:51:40,613] {taskinstance.py:1088} INFO - Starting attempt 1 of 2
[2024-10-10 04:51:40,613] {taskinstance.py:1089} INFO - 
--------------------------------------------------------------------------------
[2024-10-10 04:51:40,623] {taskinstance.py:1107} INFO - Executing <Task(PythonOperator): check_null_member> on 2024-10-10T04:51:35.975029+00:00
[2024-10-10 04:51:40,627] {standard_task_runner.py:52} INFO - Started process 40121 to run task
[2024-10-10 04:51:40,630] {standard_task_runner.py:76} INFO - Running: ['***', 'tasks', 'run', 'mssql_dag', 'check_null_member', '2024-10-10T04:51:35.975029+00:00', '--job-id', '466', '--pool', 'default_pool', '--raw', '--subdir', 'DAGS_FOLDER/mssql_dag.py', '--cfg-path', '/tmp/tmpsrihn7cr', '--error-file', '/tmp/tmpq6csjq42']
[2024-10-10 04:51:40,633] {standard_task_runner.py:77} INFO - Job 466: Subtask check_null_member
[2024-10-10 04:51:40,664] {logging_mixin.py:104} INFO - Running <TaskInstance: mssql_dag.check_null_member 2024-10-10T04:51:35.975029+00:00 [running]> on host da843a407010
[2024-10-10 04:51:40,700] {taskinstance.py:1302} INFO - Exporting the following env vars:
AIRFLOW_CTX_DAG_OWNER=***
AIRFLOW_CTX_DAG_ID=mssql_dag
AIRFLOW_CTX_TASK_ID=check_null_member
AIRFLOW_CTX_EXECUTION_DATE=2024-10-10T04:51:35.975029+00:00
AIRFLOW_CTX_DAG_RUN_ID=manual__2024-10-10T04:51:35.975029+00:00
[2024-10-10 04:51:40,746] {logging_mixin.py:104} INFO - MAST_MEMB_NO          0
MAST_MEMB_DEPT        0
MAST_DEPT_BRH         0
MAST_ZIP              0
MAST_BIRTH_YMD        0
                     ..
MAST_WORK_DATE        0
MAST_EMP_TYPE         0
MAST_RISK_STS         0
MAST_GUIDE_MEMB_NO    0
POST_DATETIME         0
Length: 85, dtype: int64
[2024-10-10 04:51:40,746] {python.py:151} INFO - Done. Returned value was: None
[2024-10-10 04:51:40,753] {taskinstance.py:1211} INFO - Marking task as SUCCESS. dag_id=mssql_dag, task_id=check_null_member, execution_date=20241010T045135, start_date=20241010T045140, end_date=20241010T045140
[2024-10-10 04:51:40,773] {taskinstance.py:1265} INFO - 1 downstream tasks scheduled from follow-on schedule check
[2024-10-10 04:51:40,802] {local_task_job.py:149} INFO - Task exited with return code 0
