[2024-10-10 04:51:41,690] {taskinstance.py:896} INFO - Dependencies all met for <TaskInstance: mssql_dag.check_null_contract 2024-10-10T04:51:35.975029+00:00 [queued]>
[2024-10-10 04:51:41,697] {taskinstance.py:896} INFO - Dependencies all met for <TaskInstance: mssql_dag.check_null_contract 2024-10-10T04:51:35.975029+00:00 [queued]>
[2024-10-10 04:51:41,698] {taskinstance.py:1087} INFO - 
--------------------------------------------------------------------------------
[2024-10-10 04:51:41,698] {taskinstance.py:1088} INFO - Starting attempt 1 of 2
[2024-10-10 04:51:41,698] {taskinstance.py:1089} INFO - 
--------------------------------------------------------------------------------
[2024-10-10 04:51:41,707] {taskinstance.py:1107} INFO - Executing <Task(PythonOperator): check_null_contract> on 2024-10-10T04:51:35.975029+00:00
[2024-10-10 04:51:41,712] {standard_task_runner.py:52} INFO - Started process 40155 to run task
[2024-10-10 04:51:41,715] {standard_task_runner.py:76} INFO - Running: ['***', 'tasks', 'run', 'mssql_dag', 'check_null_contract', '2024-10-10T04:51:35.975029+00:00', '--job-id', '467', '--pool', 'default_pool', '--raw', '--subdir', 'DAGS_FOLDER/mssql_dag.py', '--cfg-path', '/tmp/tmpbbqtsc57', '--error-file', '/tmp/tmp7ye000eg']
[2024-10-10 04:51:41,718] {standard_task_runner.py:77} INFO - Job 467: Subtask check_null_contract
[2024-10-10 04:51:41,756] {logging_mixin.py:104} INFO - Running <TaskInstance: mssql_dag.check_null_contract 2024-10-10T04:51:35.975029+00:00 [running]> on host da843a407010
[2024-10-10 04:51:41,791] {taskinstance.py:1302} INFO - Exporting the following env vars:
AIRFLOW_CTX_DAG_OWNER=***
AIRFLOW_CTX_DAG_ID=mssql_dag
AIRFLOW_CTX_TASK_ID=check_null_contract
AIRFLOW_CTX_EXECUTION_DATE=2024-10-10T04:51:35.975029+00:00
AIRFLOW_CTX_DAG_RUN_ID=manual__2024-10-10T04:51:35.975029+00:00
[2024-10-10 04:51:41,853] {logging_mixin.py:104} INFO - PROM_MEMB_NO                 0
PROM_LOAN_TYPE               0
PROM_YY                      0
PROM_NO                      0
PROM_LOAN_BRH                0
PROM_LOAN_YMD                0
PROM_LOAN_AMT                0
PROM_LOAN_PERD               0
PROM_LOAN_PERD_AMT           0
PROM_LAST_YMD                0
PROM_PAID_AMT                0
PROM_PAID_INT                0
PROM_PAID_PERD               0
PROM_PAID_TIME               0
PROM_PAID_STS                0
PROM_CODERATE                0
PROM_COND_TYPE               0
PROM_PERD_AMT                0
PROM_REAL_AMT                0
PROM_RECV_AMT                0
PROM_RECV_YMD                0
PROM_RECV_TIME               0
PROM_REASON                  0
PROM_WITH_MEMBNO             0
PROM_WITH_TYPE               0
PROM_INT_YMD                 0
PROM_ACCU_INT                0
PROM_SPEC_TYPE               0
PROM_AMT_YMD                 0
PROM_RET_INT                 0
PROM_NPAY_INT                0
PROM_REQ_STS                 0
PROM_PAY_STS                 0
PROM_DUE_DATE              102
PROM_CHK_RIGHT               0
PROM_IS_CALL_AVG_INT         0
PROM_IS_CALL_ACCUED_INT      0
PROM_STOP_AMT_STS            0
PROM_NPL_CODE                0
PROM_DEBT_STS                0
PROM_DEBT_DUE_DATE           0
PROM_START_PAY               0
PROM_IS_CANCEL               0
PROM_PAID_MONTH_AMT          0
PROM_FUND_AMT                0
PROM_FUND_PAID_AMT           0
PROM_INT2_BAL                0
PROM_PERD_AMT_ADD            0
PROM_PERD_AMT_ADD_NEXT      19
PROM_OP_CODE                 0
POST_DATETIME                0
dtype: int64
[2024-10-10 04:51:41,853] {python.py:151} INFO - Done. Returned value was: None
[2024-10-10 04:51:41,861] {taskinstance.py:1211} INFO - Marking task as SUCCESS. dag_id=mssql_dag, task_id=check_null_contract, execution_date=20241010T045135, start_date=20241010T045141, end_date=20241010T045141
[2024-10-10 04:51:41,878] {taskinstance.py:1265} INFO - 1 downstream tasks scheduled from follow-on schedule check
[2024-10-10 04:51:41,887] {local_task_job.py:149} INFO - Task exited with return code 0
