[2024-10-10 16:24:05,003] {taskinstance.py:896} INFO - Dependencies all met for <TaskInstance: mssql_dag.query_member 2024-10-10T16:24:03.207887+00:00 [queued]>
[2024-10-10 16:24:05,014] {taskinstance.py:896} INFO - Dependencies all met for <TaskInstance: mssql_dag.query_member 2024-10-10T16:24:03.207887+00:00 [queued]>
[2024-10-10 16:24:05,014] {taskinstance.py:1087} INFO - 
--------------------------------------------------------------------------------
[2024-10-10 16:24:05,015] {taskinstance.py:1088} INFO - Starting attempt 1 of 2
[2024-10-10 16:24:05,015] {taskinstance.py:1089} INFO - 
--------------------------------------------------------------------------------
[2024-10-10 16:24:05,021] {taskinstance.py:1107} INFO - Executing <Task(PythonOperator): query_member> on 2024-10-10T16:24:03.207887+00:00
[2024-10-10 16:24:05,026] {standard_task_runner.py:52} INFO - Started process 87532 to run task
[2024-10-10 16:24:05,029] {standard_task_runner.py:76} INFO - Running: ['***', 'tasks', 'run', 'mssql_dag', 'query_member', '2024-10-10T16:24:03.207887+00:00', '--job-id', '565', '--pool', 'default_pool', '--raw', '--subdir', 'DAGS_FOLDER/mssql_dag.py', '--cfg-path', '/tmp/tmp8zc54kpi', '--error-file', '/tmp/tmpguxecwus']
[2024-10-10 16:24:05,033] {standard_task_runner.py:77} INFO - Job 565: Subtask query_member
[2024-10-10 16:24:05,067] {logging_mixin.py:104} INFO - Running <TaskInstance: mssql_dag.query_member 2024-10-10T16:24:03.207887+00:00 [running]> on host da843a407010
[2024-10-10 16:24:05,103] {taskinstance.py:1302} INFO - Exporting the following env vars:
AIRFLOW_CTX_DAG_OWNER=***
AIRFLOW_CTX_DAG_ID=mssql_dag
AIRFLOW_CTX_TASK_ID=query_member
AIRFLOW_CTX_EXECUTION_DATE=2024-10-10T16:24:03.207887+00:00
AIRFLOW_CTX_DAG_RUN_ID=manual__2024-10-10T16:24:03.207887+00:00
[2024-10-10 16:24:05,263] {logging_mixin.py:104} INFO -      MAST_MEMB_NO MAST_MEMB_DEPT  ... MAST_GUIDE_MEMB_NO POST_DATETIME
0            44.0           1154  ...               NULL          NULL
1            48.0           1156  ...               NULL          NULL
2            49.0           1156  ...               NULL          NULL
3            50.0           1156  ...               NULL          NULL
4            56.0           1156  ...               NULL          NULL
..            ...            ...  ...                ...           ...
146         752.0           1156  ...               NULL          NULL
147         756.0           1156  ...               NULL          NULL
148         759.0           1156  ...               NULL          NULL
149         761.0           1155  ...               NULL          NULL
150         767.0           1156  ...               NULL          NULL

[150 rows x 85 columns]
[2024-10-10 16:24:05,292] {logging_mixin.py:104} INFO - All records deleted from table 'tmp_member' successfully.
[2024-10-10 16:24:05,651] {logging_mixin.py:104} INFO - Inserted 150 records into tmp_member successfully.
[2024-10-10 16:24:05,651] {python.py:151} INFO - Done. Returned value was: None
[2024-10-10 16:24:05,659] {taskinstance.py:1211} INFO - Marking task as SUCCESS. dag_id=mssql_dag, task_id=query_member, execution_date=20241010T162403, start_date=20241010T162405, end_date=20241010T162405
[2024-10-10 16:24:05,678] {taskinstance.py:1265} INFO - 1 downstream tasks scheduled from follow-on schedule check
[2024-10-10 16:24:05,723] {local_task_job.py:149} INFO - Task exited with return code 0
