[2024-10-10 04:58:50,696] {taskinstance.py:896} INFO - Dependencies all met for <TaskInstance: mssql_dag.clean2_contract 2024-10-10T04:58:41.997410+00:00 [queued]>
[2024-10-10 04:58:50,703] {taskinstance.py:896} INFO - Dependencies all met for <TaskInstance: mssql_dag.clean2_contract 2024-10-10T04:58:41.997410+00:00 [queued]>
[2024-10-10 04:58:50,703] {taskinstance.py:1087} INFO - 
--------------------------------------------------------------------------------
[2024-10-10 04:58:50,703] {taskinstance.py:1088} INFO - Starting attempt 1 of 2
[2024-10-10 04:58:50,704] {taskinstance.py:1089} INFO - 
--------------------------------------------------------------------------------
[2024-10-10 04:58:50,713] {taskinstance.py:1107} INFO - Executing <Task(PythonOperator): clean2_contract> on 2024-10-10T04:58:41.997410+00:00
[2024-10-10 04:58:50,717] {standard_task_runner.py:52} INFO - Started process 44154 to run task
[2024-10-10 04:58:50,720] {standard_task_runner.py:76} INFO - Running: ['***', 'tasks', 'run', 'mssql_dag', 'clean2_contract', '2024-10-10T04:58:41.997410+00:00', '--job-id', '491', '--pool', 'default_pool', '--raw', '--subdir', 'DAGS_FOLDER/mssql_dag.py', '--cfg-path', '/tmp/tmpgtcqv42k', '--error-file', '/tmp/tmp7rhj2nnm']
[2024-10-10 04:58:50,722] {standard_task_runner.py:77} INFO - Job 491: Subtask clean2_contract
[2024-10-10 04:58:50,752] {logging_mixin.py:104} INFO - Running <TaskInstance: mssql_dag.clean2_contract 2024-10-10T04:58:41.997410+00:00 [running]> on host da843a407010
[2024-10-10 04:58:50,782] {taskinstance.py:1302} INFO - Exporting the following env vars:
AIRFLOW_CTX_DAG_OWNER=***
AIRFLOW_CTX_DAG_ID=mssql_dag
AIRFLOW_CTX_TASK_ID=clean2_contract
AIRFLOW_CTX_EXECUTION_DATE=2024-10-10T04:58:41.997410+00:00
AIRFLOW_CTX_DAG_RUN_ID=manual__2024-10-10T04:58:41.997410+00:00
[2024-10-10 04:58:50,846] {python.py:151} INFO - Done. Returned value was: None
[2024-10-10 04:58:50,853] {taskinstance.py:1211} INFO - Marking task as SUCCESS. dag_id=mssql_dag, task_id=clean2_contract, execution_date=20241010T045841, start_date=20241010T045850, end_date=20241010T045850
[2024-10-10 04:58:50,871] {taskinstance.py:1265} INFO - 1 downstream tasks scheduled from follow-on schedule check
[2024-10-10 04:58:50,891] {local_task_job.py:149} INFO - Task exited with return code 0
