[2024-10-09 08:42:07,229] {taskinstance.py:896} INFO - Dependencies all met for <TaskInstance: mssql_dag.check_null_member 2024-10-09T08:42:04.227431+00:00 [queued]>
[2024-10-09 08:42:07,236] {taskinstance.py:896} INFO - Dependencies all met for <TaskInstance: mssql_dag.check_null_member 2024-10-09T08:42:04.227431+00:00 [queued]>
[2024-10-09 08:42:07,237] {taskinstance.py:1087} INFO - 
--------------------------------------------------------------------------------
[2024-10-09 08:42:07,237] {taskinstance.py:1088} INFO - Starting attempt 1 of 2
[2024-10-09 08:42:07,237] {taskinstance.py:1089} INFO - 
--------------------------------------------------------------------------------
[2024-10-09 08:42:07,246] {taskinstance.py:1107} INFO - Executing <Task(PythonOperator): check_null_member> on 2024-10-09T08:42:04.227431+00:00
[2024-10-09 08:42:07,252] {standard_task_runner.py:52} INFO - Started process 86831 to run task
[2024-10-09 08:42:07,256] {standard_task_runner.py:76} INFO - Running: ['***', 'tasks', 'run', 'mssql_dag', 'check_null_member', '2024-10-09T08:42:04.227431+00:00', '--job-id', '15', '--pool', 'default_pool', '--raw', '--subdir', 'DAGS_FOLDER/mssql_dag.py', '--cfg-path', '/tmp/tmpxd7c8_wg', '--error-file', '/tmp/tmpb5kn11t5']
[2024-10-09 08:42:07,259] {standard_task_runner.py:77} INFO - Job 15: Subtask check_null_member
[2024-10-09 08:42:07,302] {logging_mixin.py:104} INFO - Running <TaskInstance: mssql_dag.check_null_member 2024-10-09T08:42:04.227431+00:00 [running]> on host da843a407010
[2024-10-09 08:42:07,332] {taskinstance.py:1302} INFO - Exporting the following env vars:
AIRFLOW_CTX_DAG_OWNER=***
AIRFLOW_CTX_DAG_ID=mssql_dag
AIRFLOW_CTX_TASK_ID=check_null_member
AIRFLOW_CTX_EXECUTION_DATE=2024-10-09T08:42:04.227431+00:00
AIRFLOW_CTX_DAG_RUN_ID=manual__2024-10-09T08:42:04.227431+00:00
[2024-10-09 08:42:07,337] {logging_mixin.py:104} INFO - No DataFrame found for Empty DataFrame
Columns: []
Index: []
[2024-10-09 08:42:07,339] {python.py:151} INFO - Done. Returned value was: None
[2024-10-09 08:42:07,353] {taskinstance.py:1211} INFO - Marking task as SUCCESS. dag_id=mssql_dag, task_id=check_null_member, execution_date=20241009T084204, start_date=20241009T084207, end_date=20241009T084207
[2024-10-09 08:42:07,374] {taskinstance.py:1265} INFO - 1 downstream tasks scheduled from follow-on schedule check
[2024-10-09 08:42:07,388] {local_task_job.py:149} INFO - Task exited with return code 0
