[2024-10-10 03:46:48,990] {taskinstance.py:896} INFO - Dependencies all met for <TaskInstance: mssql_dag.clean1_receipt 2024-10-10T03:46:41.983328+00:00 [queued]>
[2024-10-10 03:46:48,997] {taskinstance.py:896} INFO - Dependencies all met for <TaskInstance: mssql_dag.clean1_receipt 2024-10-10T03:46:41.983328+00:00 [queued]>
[2024-10-10 03:46:48,998] {taskinstance.py:1087} INFO - 
--------------------------------------------------------------------------------
[2024-10-10 03:46:48,999] {taskinstance.py:1088} INFO - Starting attempt 1 of 2
[2024-10-10 03:46:48,999] {taskinstance.py:1089} INFO - 
--------------------------------------------------------------------------------
[2024-10-10 03:46:49,007] {taskinstance.py:1107} INFO - Executing <Task(PythonOperator): clean1_receipt> on 2024-10-10T03:46:41.983328+00:00
[2024-10-10 03:46:49,012] {standard_task_runner.py:52} INFO - Started process 9786 to run task
[2024-10-10 03:46:49,015] {standard_task_runner.py:76} INFO - Running: ['***', 'tasks', 'run', 'mssql_dag', 'clean1_receipt', '2024-10-10T03:46:41.983328+00:00', '--job-id', '393', '--pool', 'default_pool', '--raw', '--subdir', 'DAGS_FOLDER/mssql_dag.py', '--cfg-path', '/tmp/tmp42v24m_4', '--error-file', '/tmp/tmp7bei_5vt']
[2024-10-10 03:46:49,019] {standard_task_runner.py:77} INFO - Job 393: Subtask clean1_receipt
[2024-10-10 03:46:49,055] {logging_mixin.py:104} INFO - Running <TaskInstance: mssql_dag.clean1_receipt 2024-10-10T03:46:41.983328+00:00 [running]> on host da843a407010
[2024-10-10 03:46:49,085] {taskinstance.py:1302} INFO - Exporting the following env vars:
AIRFLOW_CTX_DAG_OWNER=***
AIRFLOW_CTX_DAG_ID=mssql_dag
AIRFLOW_CTX_TASK_ID=clean1_receipt
AIRFLOW_CTX_EXECUTION_DATE=2024-10-10T03:46:41.983328+00:00
AIRFLOW_CTX_DAG_RUN_ID=manual__2024-10-10T03:46:41.983328+00:00
[2024-10-10 03:46:49,094] {python.py:151} INFO - Done. Returned value was: None
[2024-10-10 03:46:49,101] {taskinstance.py:1211} INFO - Marking task as SUCCESS. dag_id=mssql_dag, task_id=clean1_receipt, execution_date=20241010T034641, start_date=20241010T034648, end_date=20241010T034649
[2024-10-10 03:46:49,120] {taskinstance.py:1265} INFO - 1 downstream tasks scheduled from follow-on schedule check
[2024-10-10 03:46:49,146] {local_task_job.py:149} INFO - Task exited with return code 0
